        -:    0:Source:D:/CLionProjects/Cjson_withTests/Google_tests/ConverterTests.cpp
        -:    0:Graph:D:\CLionProjects\Cjson_withTests\cmake-build-debug\Google_tests\CMakeFiles\Google_Tests_run.dir\ConverterTests.cpp.gcno
        -:    0:Data:D:\CLionProjects\Cjson_withTests\cmake-build-debug\Google_tests\CMakeFiles\Google_Tests_run.dir\ConverterTests.cpp.gcda
        -:    0:Runs:1
        -:    0:Programs:1
        -:    1:#include "gtest/gtest.h"
        -:    2:#include "cJSON.h"
        -:    3:#include "../Cjson_lib/cJSON.c"
        -:    4:
        -:    5:static cJSON item[1];
       22:    6:void reset(cJSON *item) {
       22:    7:    if ((item != NULL) && (item->child != NULL))
       22:    7-block  0
       22:    7-block  1
        -:    8:    {
       12:    9:        cJSON_Delete(item->child);
       12:    9-block  0
        -:   10:    }
      22*:   11:    if ((item->valuestring != NULL) && !(item->type & cJSON_IsReference))
       22:   11-block  0
    %%%%%:   11-block  1
        -:   12:    {
    #####:   13:        global_hooks.deallocate(item->valuestring);
    %%%%%:   13-block  0
        -:   14:    }
      22*:   15:    if ((item->string != NULL) && !(item->type & cJSON_StringIsConst))
       22:   15-block  0
    %%%%%:   15-block  1
        -:   16:    {
    #####:   17:        global_hooks.deallocate(item->string);
    %%%%%:   17-block  0
        -:   18:    }
        -:   19:
       22:   20:    memset(item, 0, sizeof(cJSON));
       22:   21:}
        -:   22:
        -:   23:
        -:   24:class CjsonFixture : public ::testing::Test {
        -:   25:
        -:   26:protected:
       10:   27:    virtual void SetUp()
        -:   28:    {
       10:   29:        memset(item, 0, sizeof(cJSON));
        -:   30://        gregDate = new GregorianDate();
        -:   31://        julDate = new JulianDate();
       10:   32:    }
        -:   33:
       10:   34:    virtual void TearDown() {
        -:   35://        delete gregDate;
        -:   36://        delete julDate;
       10:   37:        reset(item);
       10:   37-block  0
       10:   38:    }
        -:   39:
        -:   40://    GregorianDate * gregDate;
        -:   41://    JulianDate * julDate;
        -:   42:};
        -:   43:
        8:   44:static void assert_not_in_list(cJSON *object_item){
       8*:   45:    ASSERT_TRUE(object_item->next==NULL);
        8:   45-block  0
    %%%%%:   45-block  1
    %%%%%:   45-block  2
    %%%%%:   45-block  3
    %%%%%:   45-block  4
    %%%%%:   45-block  5
    $$$$$:   45-block  6
    $$$$$:   45-block  7
    $$$$$:   45-block  8
    $$$$$:   45-block  9
    $$$$$:   45-block 10
    $$$$$:   45-block 11
    $$$$$:   45-block 12
       8*:   46:    ASSERT_TRUE(object_item->prev==NULL);
        8:   46-block  0
    %%%%%:   46-block  1
    %%%%%:   46-block  2
    %%%%%:   46-block  3
    %%%%%:   46-block  4
    %%%%%:   46-block  5
    $$$$$:   46-block  6
    $$$$$:   46-block  7
    $$$$$:   46-block  8
    $$$$$:   46-block  9
    $$$$$:   46-block 10
    $$$$$:   46-block 11
    $$$$$:   46-block 12
        -:   47:}
       14:   48:static void assert_has_type(cJSON *object_item, int expect_type){
      14*:   49:    ASSERT_TRUE((0xff & (object_item->type))==(0xff & expect_type));
       14:   49-block  0
    %%%%%:   49-block  1
    %%%%%:   49-block  2
    %%%%%:   49-block  3
    %%%%%:   49-block  4
    %%%%%:   49-block  5
    $$$$$:   49-block  6
    $$$$$:   49-block  7
    $$$$$:   49-block  8
    $$$$$:   49-block  9
    $$$$$:   49-block 10
    $$$$$:   49-block 11
    $$$$$:   49-block 12
        -:   50:}
        8:   51:static void assert_has_no_reference(cJSON *object_item){
       8*:   52:    ASSERT_TRUE((cJSON_IsReference & (object_item->type))==(cJSON_IsReference & 0));
        8:   52-block  0
    %%%%%:   52-block  1
    %%%%%:   52-block  2
    %%%%%:   52-block  3
    %%%%%:   52-block  4
    %%%%%:   52-block  5
    $$$$$:   52-block  6
    $$$$$:   52-block  7
    $$$$$:   52-block  8
    $$$$$:   52-block  9
    $$$$$:   52-block 10
    $$$$$:   52-block 11
    $$$$$:   52-block 12
        -:   53:}
        8:   54:static void assert_has_no_const_string(cJSON *object_item){
       8*:   55:    ASSERT_TRUE((cJSON_StringIsConst & (object_item->type))==(cJSON_StringIsConst & 0));
        8:   55-block  0
    %%%%%:   55-block  1
    %%%%%:   55-block  2
    %%%%%:   55-block  3
    %%%%%:   55-block  4
    %%%%%:   55-block  5
    $$$$$:   55-block  6
    $$$$$:   55-block  7
    $$$$$:   55-block  8
    $$$$$:   55-block  9
    $$$$$:   55-block 10
    $$$$$:   55-block 11
    $$$$$:   55-block 12
        -:   56:}
        8:   57:static void assert_is_object(cJSON *object_item)
        -:   58:{
        -:   59://    TEST_ASSERT_NOT_NULL_MESSAGE(object_item, "Item is NULL.");
       8*:   60:    ASSERT_TRUE(object_item!=NULL);
        8:   60-block  0
    %%%%%:   60-block  1
    %%%%%:   60-block  2
    %%%%%:   60-block  3
    %%%%%:   60-block  4
    %%%%%:   60-block  5
    $$$$$:   60-block  6
    $$$$$:   60-block  7
    $$$$$:   60-block  8
    $$$$$:   60-block  9
    $$$$$:   60-block 10
    $$$$$:   60-block 11
    $$$$$:   60-block 12
        -:   61:
        8:   62:    assert_not_in_list(object_item);
        8:   62-block  0
        8:   63:    assert_has_type(object_item, cJSON_Object);
        8:   64:    assert_has_no_reference(object_item);
        8:   65:    assert_has_no_const_string(object_item);
        -:   66://    assert_has_no_valuestring(object_item);
        -:   67://    assert_has_no_string(object_item);
        -:   68:}
        -:   69:
        8:   70:static void assert_parse_object(const char *json)
        -:   71:{
        8:   72:    parse_buffer parsebuffer = { 0, 0, 0, 0, { 0, 0, 0 } };
        8:   73:    parsebuffer.content = (const unsigned char*)json;
        8:   74:    parsebuffer.length = strlen(json) + sizeof("");
        8:   75:    parsebuffer.hooks = global_hooks;
        -:   76:
       8*:   77:    ASSERT_TRUE(parse_object(item, &parsebuffer));
        8:   77-block  0
        8:   77-block  1
    %%%%%:   77-block  2
    %%%%%:   77-block  3
    %%%%%:   77-block  4
    %%%%%:   77-block  5
    %%%%%:   77-block  6
    $$$$$:   77-block  7
    $$$$$:   77-block  8
    $$$$$:   77-block  9
    $$$$$:   77-block 10
    $$$$$:   77-block 11
    $$$$$:   77-block 12
    $$$$$:   77-block 13
        8:   78:    assert_is_object(item);
        8:   78-block  0
        -:   79:}
        -:   80:
        2:   81:TEST_F(CjsonFixture, parse_empty_objects){
        1:   82:    assert_parse_object("{}");
        1:   83:    assert_parse_object("{\n\t}");
        1:   84:}
------------------
_ZN37CjsonFixture_parse_empty_objects_Test8TestBodyEv:
        1:   81:TEST_F(CjsonFixture, parse_empty_objects){
        1:   82:    assert_parse_object("{}");
        1:   82-block  0
        1:   83:    assert_parse_object("{\n\t}");
        1:   84:}
------------------
_ZN37CjsonFixture_parse_empty_objects_TestC1Ev:
        1:   81:TEST_F(CjsonFixture, parse_empty_objects){
        1:   81-block  0
------------------
        -:   85:
        2:   86:TEST_F(CjsonFixture, parse_object_should_parse_objects_with_one_element){
        1:   87:    assert_parse_object("{\"one\":1}");
        -:   88://    assert_is_child(item->child, "one", cJSON_Number);
        1:   89:    reset(item);
        -:   90:
        1:   91:    assert_parse_object("{\"hello\":\"world!\"}");
        -:   92://    assert_is_child(item->child, "hello", cJSON_String);
        1:   93:    reset(item);
        -:   94:
        1:   95:    assert_parse_object("{\"array\":[]}");
        -:   96://    assert_is_child(item->child, "array", cJSON_Array);
        1:   97:    reset(item);
        -:   98:
        1:   99:    assert_parse_object("{\"null\":null}");
        -:  100://    assert_is_child(item->child, "null", cJSON_NULL);
        1:  101:    reset(item);
        1:  102:}
------------------
_ZN68CjsonFixture_parse_object_should_parse_objects_with_one_element_Test8TestBodyEv:
        1:   86:TEST_F(CjsonFixture, parse_object_should_parse_objects_with_one_element){
        1:   87:    assert_parse_object("{\"one\":1}");
        1:   87-block  0
        -:   88://    assert_is_child(item->child, "one", cJSON_Number);
        1:   89:    reset(item);
        -:   90:
        1:   91:    assert_parse_object("{\"hello\":\"world!\"}");
        -:   92://    assert_is_child(item->child, "hello", cJSON_String);
        1:   93:    reset(item);
        -:   94:
        1:   95:    assert_parse_object("{\"array\":[]}");
        -:   96://    assert_is_child(item->child, "array", cJSON_Array);
        1:   97:    reset(item);
        -:   98:
        1:   99:    assert_parse_object("{\"null\":null}");
        -:  100://    assert_is_child(item->child, "null", cJSON_NULL);
        1:  101:    reset(item);
        1:  102:}
------------------
_ZN68CjsonFixture_parse_object_should_parse_objects_with_one_element_TestC1Ev:
        1:   86:TEST_F(CjsonFixture, parse_object_should_parse_objects_with_one_element){
        1:   86-block  0
------------------
        2:  103:TEST_F(CjsonFixture, parse_object_should_parse_objects_with_multiple_elements)
        -:  104:{
        1:  105:    assert_parse_object("{\"one\":1\t,\t\"two\"\n:2, \"three\":3}");
        -:  106://    assert_is_child(item->child, "one", cJSON_Number);
        -:  107://    assert_is_child(item->child->next, "two", cJSON_Number);
        -:  108://    assert_is_child(item->child->next->next, "three", cJSON_Number);
        1:  109:    reset(item);
        -:  110:
        -:  111:    {
        1:  112:        size_t i = 0;
        1:  113:        cJSON *node = NULL;
        1:  114:        int expected_types[7] =
        -:  115:                {
        -:  116:                        cJSON_Number,
        -:  117:                        cJSON_NULL,
        -:  118:                        cJSON_True,
        -:  119:                        cJSON_False,
        -:  120:                        cJSON_Array,
        -:  121:                        cJSON_String,
        -:  122:                        cJSON_Object
        -:  123:                };
        1:  124:        const char *expected_names[7] =
        -:  125:                {
        -:  126:                        "one",
        -:  127:                        "NULL",
        -:  128:                        "TRUE",
        -:  129:                        "FALSE",
        -:  130:                        "array",
        -:  131:                        "world",
        -:  132:                        "object"
        -:  133:                };
        1:  134:        assert_parse_object("{\"one\":1, \"NULL\":null, \"TRUE\":true, \"FALSE\":false, \"array\":[], \"world\":\"hello\", \"object\":{}}");
        -:  135:
        1:  136:        node = item->child;
        7:  137:        for (
        1:  138:                i = 0;
        -:  139:                (i < (sizeof(expected_types)/sizeof(int)))
        8:  140:                && (node != NULL);
        7:  141:                (void)i++, node = node->next)
        -:  142:        {
        -:  143://            assert_is_child(node, expected_names[i], expected_types[i]);
        -:  144:        }
        -:  145://        TEST_ASSERT_EQUAL_INT(i, 7);
        1:  146:        reset(item);
        -:  147:    }
        1:  148:}
------------------
_ZN74CjsonFixture_parse_object_should_parse_objects_with_multiple_elements_Test8TestBodyEv:
        1:  103:TEST_F(CjsonFixture, parse_object_should_parse_objects_with_multiple_elements)
        -:  104:{
        1:  105:    assert_parse_object("{\"one\":1\t,\t\"two\"\n:2, \"three\":3}");
        1:  105-block  0
        -:  106://    assert_is_child(item->child, "one", cJSON_Number);
        -:  107://    assert_is_child(item->child->next, "two", cJSON_Number);
        -:  108://    assert_is_child(item->child->next->next, "three", cJSON_Number);
        1:  109:    reset(item);
        -:  110:
        -:  111:    {
        1:  112:        size_t i = 0;
        1:  113:        cJSON *node = NULL;
        1:  114:        int expected_types[7] =
        -:  115:                {
        -:  116:                        cJSON_Number,
        -:  117:                        cJSON_NULL,
        -:  118:                        cJSON_True,
        -:  119:                        cJSON_False,
        -:  120:                        cJSON_Array,
        -:  121:                        cJSON_String,
        -:  122:                        cJSON_Object
        -:  123:                };
        1:  124:        const char *expected_names[7] =
        -:  125:                {
        -:  126:                        "one",
        -:  127:                        "NULL",
        -:  128:                        "TRUE",
        -:  129:                        "FALSE",
        -:  130:                        "array",
        -:  131:                        "world",
        -:  132:                        "object"
        -:  133:                };
        1:  134:        assert_parse_object("{\"one\":1, \"NULL\":null, \"TRUE\":true, \"FALSE\":false, \"array\":[], \"world\":\"hello\", \"object\":{}}");
        -:  135:
        1:  136:        node = item->child;
        7:  137:        for (
        1:  138:                i = 0;
        1:  138-block  0
        -:  139:                (i < (sizeof(expected_types)/sizeof(int)))
        8:  140:                && (node != NULL);
        8:  140-block  0
        7:  140-block  1
        7:  141:                (void)i++, node = node->next)
        7:  141-block  0
        -:  142:        {
        -:  143://            assert_is_child(node, expected_names[i], expected_types[i]);
        -:  144:        }
        -:  145://        TEST_ASSERT_EQUAL_INT(i, 7);
        1:  146:        reset(item);
        1:  146-block  0
        -:  147:    }
        1:  148:}
        1:  148-block  0
------------------
_ZN74CjsonFixture_parse_object_should_parse_objects_with_multiple_elements_TestC1Ev:
        1:  103:TEST_F(CjsonFixture, parse_object_should_parse_objects_with_multiple_elements)
        1:  103-block  0
------------------
        -:  149:
        8:  150:static void assert_parse_array(const char *json)
        -:  151:{
        8:  152:    parse_buffer buffer = { 0, 0, 0, 0, { 0, 0, 0 } };
        8:  153:    buffer.content = (const unsigned char*)json;
        8:  154:    buffer.length = strlen(json) + sizeof("");
        8:  155:    buffer.hooks = global_hooks;
        -:  156:
       8*:  157:    ASSERT_TRUE(parse_array(item, &buffer));
        8:  157-block  0
        8:  157-block  1
    %%%%%:  157-block  2
    %%%%%:  157-block  3
    %%%%%:  157-block  4
    %%%%%:  157-block  5
    %%%%%:  157-block  6
    $$$$$:  157-block  7
    $$$$$:  157-block  8
    $$$$$:  157-block  9
    $$$$$:  157-block 10
    $$$$$:  157-block 11
    $$$$$:  157-block 12
    $$$$$:  157-block 13
        -:  158://    assert_is_array(item);
        -:  159:}
        -:  160:
        2:  161:TEST_F(CjsonFixture, parse_array_should_parse_empty_arrays)
        -:  162://static void parse_array_should_parse_empty_arrays(void)
        -:  163:{
        1:  164:    assert_parse_array("[]");
        -:  165://    assert_has_no_child(item);
        -:  166:
        1:  167:    assert_parse_array("[\n\t]");
        -:  168://    assert_has_no_child(item);
        1:  169:}
------------------
_ZN55CjsonFixture_parse_array_should_parse_empty_arrays_Test8TestBodyEv:
        1:  161:TEST_F(CjsonFixture, parse_array_should_parse_empty_arrays)
        -:  162://static void parse_array_should_parse_empty_arrays(void)
        -:  163:{
        1:  164:    assert_parse_array("[]");
        1:  164-block  0
        -:  165://    assert_has_no_child(item);
        -:  166:
        1:  167:    assert_parse_array("[\n\t]");
        -:  168://    assert_has_no_child(item);
        1:  169:}
------------------
_ZN55CjsonFixture_parse_array_should_parse_empty_arrays_TestC1Ev:
        1:  161:TEST_F(CjsonFixture, parse_array_should_parse_empty_arrays)
        1:  161-block  0
------------------
        2:  170:TEST_F(CjsonFixture, parse_array_should_parse_arrays_with_one_element)
        -:  171:{
        -:  172:
        1:  173:    assert_parse_array("[1]");
        -:  174://    assert_has_child(item);
        1:  175:    assert_has_type(item->child, cJSON_Number);
        1:  176:    reset(item);
        -:  177:
        1:  178:    assert_parse_array("[\"hello!\"]");
        -:  179://    assert_has_child(item);
        1:  180:    assert_has_type(item->child, cJSON_String);
       1*:  181:    ASSERT_STREQ("hello!", item->child->valuestring);
        1:  182:    reset(item);
        -:  183:
        1:  184:    assert_parse_array("[[]]");
        -:  185://    assert_has_child(item);
        -:  186://    assert_is_array(item->child);
        -:  187://    assert_has_no_child(item->child);
        1:  188:    reset(item);
        -:  189:
        1:  190:    assert_parse_array("[null]");
        -:  191://    assert_has_child(item);
        1:  192:    assert_has_type(item->child, cJSON_NULL);
        1:  193:    reset(item);
        -:  194:}
------------------
_ZN66CjsonFixture_parse_array_should_parse_arrays_with_one_element_Test8TestBodyEv:
        1:  170:TEST_F(CjsonFixture, parse_array_should_parse_arrays_with_one_element)
        -:  171:{
        -:  172:
        1:  173:    assert_parse_array("[1]");
        1:  173-block  0
        -:  174://    assert_has_child(item);
        1:  175:    assert_has_type(item->child, cJSON_Number);
        1:  176:    reset(item);
        -:  177:
        1:  178:    assert_parse_array("[\"hello!\"]");
        -:  179://    assert_has_child(item);
        1:  180:    assert_has_type(item->child, cJSON_String);
       1*:  181:    ASSERT_STREQ("hello!", item->child->valuestring);
        1:  181-block  0
    %%%%%:  181-block  1
    %%%%%:  181-block  2
    %%%%%:  181-block  3
    %%%%%:  181-block  4
    $$$$$:  181-block  5
    $$$$$:  181-block  6
    $$$$$:  181-block  7
    $$$$$:  181-block  8
    $$$$$:  181-block  9
        1:  182:    reset(item);
        1:  182-block  0
        -:  183:
        1:  184:    assert_parse_array("[[]]");
        -:  185://    assert_has_child(item);
        -:  186://    assert_is_array(item->child);
        -:  187://    assert_has_no_child(item->child);
        1:  188:    reset(item);
        -:  189:
        1:  190:    assert_parse_array("[null]");
        -:  191://    assert_has_child(item);
        1:  192:    assert_has_type(item->child, cJSON_NULL);
        1:  193:    reset(item);
        -:  194:}
------------------
_ZN66CjsonFixture_parse_array_should_parse_arrays_with_one_element_TestC1Ev:
        1:  170:TEST_F(CjsonFixture, parse_array_should_parse_arrays_with_one_element)
        1:  170-block  0
------------------
        2:  195:TEST_F(CjsonFixture, parse_array_should_parse_arrays_with_multiple_elements)
        -:  196:{
        1:  197:    assert_parse_array("[1\t,\n2, 3]");
        -:  198://    assert_has_child(item);
        -:  199://    TEST_ASSERT_NOT_NULL(item->child->next);
        -:  200://    TEST_ASSERT_NOT_NULL(item->child->next->next);
        -:  201://    TEST_ASSERT_NULL(item->child->next->next->next);
        1:  202:    assert_has_type(item->child, cJSON_Number);
        1:  203:    assert_has_type(item->child->next, cJSON_Number);
        1:  204:    assert_has_type(item->child->next->next, cJSON_Number);
        1:  205:    reset(item);
        -:  206:
        -:  207:    {
        1:  208:        size_t i = 0;
        1:  209:        cJSON *node = NULL;
        1:  210:        int expected_types[7] =
        -:  211:                {
        -:  212:                        cJSON_Number,
        -:  213:                        cJSON_NULL,
        -:  214:                        cJSON_True,
        -:  215:                        cJSON_False,
        -:  216:                        cJSON_Array,
        -:  217:                        cJSON_String,
        -:  218:                        cJSON_Object
        -:  219:                };
        1:  220:        assert_parse_array("[1, null, true, false, [], \"hello\", {}]");
        -:  221:
        1:  222:        node = item->child;
        7:  223:        for (
        1:  224:                i = 0;
        -:  225:                (i < (sizeof(expected_types)/sizeof(int)))
        8:  226:                && (node != NULL);
        7:  227:                (void)i++, node = node->next)
        -:  228:        {
        -:  229://            TEST_ASSERT_BITS(0xFF, expected_types[i], node->type);
        -:  230:        }
        -:  231://        TEST_ASSERT_EQUAL_INT(i, 7);
        1:  232:        reset(item);
        -:  233:    }
        1:  234:}
------------------
_ZN72CjsonFixture_parse_array_should_parse_arrays_with_multiple_elements_Test8TestBodyEv:
        1:  195:TEST_F(CjsonFixture, parse_array_should_parse_arrays_with_multiple_elements)
        -:  196:{
        1:  197:    assert_parse_array("[1\t,\n2, 3]");
        1:  197-block  0
        -:  198://    assert_has_child(item);
        -:  199://    TEST_ASSERT_NOT_NULL(item->child->next);
        -:  200://    TEST_ASSERT_NOT_NULL(item->child->next->next);
        -:  201://    TEST_ASSERT_NULL(item->child->next->next->next);
        1:  202:    assert_has_type(item->child, cJSON_Number);
        1:  203:    assert_has_type(item->child->next, cJSON_Number);
        1:  204:    assert_has_type(item->child->next->next, cJSON_Number);
        1:  205:    reset(item);
        -:  206:
        -:  207:    {
        1:  208:        size_t i = 0;
        1:  209:        cJSON *node = NULL;
        1:  210:        int expected_types[7] =
        -:  211:                {
        -:  212:                        cJSON_Number,
        -:  213:                        cJSON_NULL,
        -:  214:                        cJSON_True,
        -:  215:                        cJSON_False,
        -:  216:                        cJSON_Array,
        -:  217:                        cJSON_String,
        -:  218:                        cJSON_Object
        -:  219:                };
        1:  220:        assert_parse_array("[1, null, true, false, [], \"hello\", {}]");
        -:  221:
        1:  222:        node = item->child;
        7:  223:        for (
        1:  224:                i = 0;
        1:  224-block  0
        -:  225:                (i < (sizeof(expected_types)/sizeof(int)))
        8:  226:                && (node != NULL);
        8:  226-block  0
        7:  226-block  1
        7:  227:                (void)i++, node = node->next)
        7:  227-block  0
        -:  228:        {
        -:  229://            TEST_ASSERT_BITS(0xFF, expected_types[i], node->type);
        -:  230:        }
        -:  231://        TEST_ASSERT_EQUAL_INT(i, 7);
        1:  232:        reset(item);
        1:  232-block  0
        -:  233:    }
        1:  234:}
        1:  234-block  0
------------------
_ZN72CjsonFixture_parse_array_should_parse_arrays_with_multiple_elements_TestC1Ev:
        1:  195:TEST_F(CjsonFixture, parse_array_should_parse_arrays_with_multiple_elements)
        1:  195-block  0
------------------
        -:  235:
       18:  236:static void assert_parse_number(const char *string, int integer, double real)
        -:  237:{
       18:  238:    parse_buffer buffer = { 0, 0, 0, 0, { 0, 0, 0 } };
       18:  239:    buffer.content = (const unsigned char*)string;
       18:  240:    buffer.length = strlen(string) + sizeof("");
        -:  241:
      18*:  242:    ASSERT_TRUE(parse_number(item, &buffer));
       18:  242-block  0
    %%%%%:  242-block  1
    %%%%%:  242-block  2
    %%%%%:  242-block  3
    %%%%%:  242-block  4
    %%%%%:  242-block  5
    $$$$$:  242-block  6
    $$$$$:  242-block  7
    $$$$$:  242-block  8
    $$$$$:  242-block  9
    $$$$$:  242-block 10
    $$$$$:  242-block 11
    $$$$$:  242-block 12
        -:  243://    assert_is_number(item);
      18*:  244:    ASSERT_EQ(integer, item->valueint);
       18:  244-block  0
       18:  244-block  1
    %%%%%:  244-block  2
    %%%%%:  244-block  3
    %%%%%:  244-block  4
    %%%%%:  244-block  5
    $$$$$:  244-block  6
    $$$$$:  244-block  7
    $$$$$:  244-block  8
    $$$$$:  244-block  9
    $$$$$:  244-block 10
      18*:  245:    ASSERT_DOUBLE_EQ(real, item->valuedouble);
       18:  245-block  0
       18:  245-block  1
    %%%%%:  245-block  2
    %%%%%:  245-block  3
    %%%%%:  245-block  4
    %%%%%:  245-block  5
    $$$$$:  245-block  6
    $$$$$:  245-block  7
    $$$$$:  245-block  8
    $$$$$:  245-block  9
    $$$$$:  245-block 10
        -:  246:}
        2:  247:TEST_F(CjsonFixture, parse_number_should_parse_zero)
        -:  248:{
        1:  249:    assert_parse_number("0", 0, 0);
        1:  250:    assert_parse_number("0.0", 0, 0.0);
        1:  251:    assert_parse_number("-0", 0, -0.0);
        1:  252:}
------------------
_ZN48CjsonFixture_parse_number_should_parse_zero_Test8TestBodyEv:
        1:  247:TEST_F(CjsonFixture, parse_number_should_parse_zero)
        -:  248:{
        1:  249:    assert_parse_number("0", 0, 0);
        1:  249-block  0
        1:  250:    assert_parse_number("0.0", 0, 0.0);
        1:  251:    assert_parse_number("-0", 0, -0.0);
        1:  252:}
------------------
_ZN48CjsonFixture_parse_number_should_parse_zero_TestC1Ev:
        1:  247:TEST_F(CjsonFixture, parse_number_should_parse_zero)
        1:  247-block  0
------------------
        -:  253:
        2:  254:TEST_F(CjsonFixture, parse_number_should_parse_negative_integers)
        -:  255:{
        1:  256:    assert_parse_number("-1", -1, -1);
        1:  257:    assert_parse_number("-32768", -32768, -32768.0);
        1:  258:    assert_parse_number("-2147483648", (int)-2147483648.0, -2147483648.0);
        1:  259:}
------------------
_ZN61CjsonFixture_parse_number_should_parse_negative_integers_Test8TestBodyEv:
        1:  254:TEST_F(CjsonFixture, parse_number_should_parse_negative_integers)
        -:  255:{
        1:  256:    assert_parse_number("-1", -1, -1);
        1:  256-block  0
        1:  257:    assert_parse_number("-32768", -32768, -32768.0);
        1:  258:    assert_parse_number("-2147483648", (int)-2147483648.0, -2147483648.0);
        1:  259:}
------------------
_ZN61CjsonFixture_parse_number_should_parse_negative_integers_TestC1Ev:
        1:  254:TEST_F(CjsonFixture, parse_number_should_parse_negative_integers)
        1:  254-block  0
------------------
        -:  260:
    #####:  261:static void parse_number_should_parse_positive_integers(void)
        -:  262:{
    #####:  263:    assert_parse_number("1", 1, 1);
    %%%%%:  263-block  0
    #####:  264:    assert_parse_number("32767", 32767, 32767.0);
    #####:  265:    assert_parse_number("2147483647", (int)2147483647.0, 2147483647.0);
    #####:  266:}
        2:  267:TEST_F(CjsonFixture, parse_number_should_parse_positive_reals)
        -:  268:{
        1:  269:    assert_parse_number("0.001", 0, 0.001);
        1:  270:    assert_parse_number("10e-10", 0, 10e-10);
        1:  271:    assert_parse_number("10E-10", 0, 10e-10);
        1:  272:    assert_parse_number("10e10", INT_MAX, 10e10);
        1:  273:    assert_parse_number("123e+127", INT_MAX, 123e127);
        1:  274:    assert_parse_number("123e-128", 0, 123e-128);
        1:  275:}
------------------
_ZN58CjsonFixture_parse_number_should_parse_positive_reals_Test8TestBodyEv:
        1:  267:TEST_F(CjsonFixture, parse_number_should_parse_positive_reals)
        -:  268:{
        1:  269:    assert_parse_number("0.001", 0, 0.001);
        1:  269-block  0
        1:  270:    assert_parse_number("10e-10", 0, 10e-10);
        1:  271:    assert_parse_number("10E-10", 0, 10e-10);
        1:  272:    assert_parse_number("10e10", INT_MAX, 10e10);
        1:  273:    assert_parse_number("123e+127", INT_MAX, 123e127);
        1:  274:    assert_parse_number("123e-128", 0, 123e-128);
        1:  275:}
------------------
_ZN58CjsonFixture_parse_number_should_parse_positive_reals_TestC1Ev:
        1:  267:TEST_F(CjsonFixture, parse_number_should_parse_positive_reals)
        1:  267-block  0
------------------
        2:  276:TEST_F(CjsonFixture, parse_number_should_parse_negative_reals)
        -:  277:{
        1:  278:    assert_parse_number("-0.001", 0, -0.001);
        1:  279:    assert_parse_number("-10e-10", 0, -10e-10);
        1:  280:    assert_parse_number("-10E-10", 0, -10e-10);
        1:  281:    assert_parse_number("-10e20", INT_MIN, -10e20);
        1:  282:    assert_parse_number("-123e+127", INT_MIN, -123e127);
        1:  283:    assert_parse_number("-123e-128", 0, -123e-128);
        1:  284:}
------------------
_ZN58CjsonFixture_parse_number_should_parse_negative_reals_Test8TestBodyEv:
        1:  276:TEST_F(CjsonFixture, parse_number_should_parse_negative_reals)
        -:  277:{
        1:  278:    assert_parse_number("-0.001", 0, -0.001);
        1:  278-block  0
        1:  279:    assert_parse_number("-10e-10", 0, -10e-10);
        1:  280:    assert_parse_number("-10E-10", 0, -10e-10);
        1:  281:    assert_parse_number("-10e20", INT_MIN, -10e20);
        1:  282:    assert_parse_number("-123e+127", INT_MIN, -123e127);
        1:  283:    assert_parse_number("-123e-128", 0, -123e-128);
        1:  284:}
------------------
_ZN58CjsonFixture_parse_number_should_parse_negative_reals_TestC1Ev:
        1:  276:TEST_F(CjsonFixture, parse_number_should_parse_negative_reals)
        1:  276-block  0
------------------
        -:  285:
        -:  286:
