        -:    0:Source:D:/CLionProjects/Cjson_withTests/Google_tests/ConverterTests.cpp
        -:    0:Graph:D:\CLionProjects\Cjson_withTests\cmake-build-debug\Google_tests\CMakeFiles\Google_Tests_run.dir\ConverterTests.cpp.gcno
        -:    0:Data:D:\CLionProjects\Cjson_withTests\cmake-build-debug\Google_tests\CMakeFiles\Google_Tests_run.dir\ConverterTests.cpp.gcda
        -:    0:Runs:1
        -:    0:Programs:1
        -:    1:#include "gtest/gtest.h"
        -:    2:#include "cJSON.h"
        -:    3:#include "../Cjson_lib/cJSON.c"
        -:    4:
        -:    5:static cJSON item[1];
      118:    6:void reset(cJSON *item) {
      118:    7:    if ((item != NULL) && (item->child != NULL))
      118:    7-block  0
      118:    7-block  1
        -:    8:    {
       12:    9:        cJSON_Delete(item->child);
       12:    9-block  0
        -:   10:    }
      118:   11:    if ((item->valuestring != NULL) && !(item->type & cJSON_IsReference))
      118:   11-block  0
        2:   11-block  1
        -:   12:    {
        2:   13:        global_hooks.deallocate(item->valuestring);
        2:   13-block  0
        -:   14:    }
     118*:   15:    if ((item->string != NULL) && !(item->type & cJSON_StringIsConst))
      118:   15-block  0
    %%%%%:   15-block  1
        -:   16:    {
    #####:   17:        global_hooks.deallocate(item->string);
    %%%%%:   17-block  0
        -:   18:    }
        -:   19:
      118:   20:    memset(item, 0, sizeof(cJSON));
      118:   21:}
        -:   22:
        -:   23:
        -:   24:class CjsonFixture : public ::testing::Test {
        -:   25:
        -:   26:protected:
       75:   27:    virtual void SetUp()
        -:   28:    {
       75:   29:        memset(item, 0, sizeof(cJSON));
        -:   30://        gregDate = new GregorianDate();
        -:   31://        julDate = new JulianDate();
       75:   32:    }
        -:   33:
       75:   34:    virtual void TearDown() {
        -:   35://        delete gregDate;
        -:   36://        delete julDate;
       75:   37:        reset(item);
       75:   37-block  0
       75:   38:    }
        -:   39:
        -:   40://    GregorianDate * gregDate;
        -:   41://    JulianDate * julDate;
        -:   42:};
        -:   43:
        8:   44:static void assert_not_in_list(cJSON *object_item){
       8*:   45:    ASSERT_TRUE(object_item->next==NULL);
        8:   45-block  0
    %%%%%:   45-block  1
    %%%%%:   45-block  2
    %%%%%:   45-block  3
    %%%%%:   45-block  4
    %%%%%:   45-block  5
    $$$$$:   45-block  6
    $$$$$:   45-block  7
    $$$$$:   45-block  8
    $$$$$:   45-block  9
    $$$$$:   45-block 10
    $$$$$:   45-block 11
    $$$$$:   45-block 12
       8*:   46:    ASSERT_TRUE(object_item->prev==NULL);
        8:   46-block  0
    %%%%%:   46-block  1
    %%%%%:   46-block  2
    %%%%%:   46-block  3
    %%%%%:   46-block  4
    %%%%%:   46-block  5
    $$$$$:   46-block  6
    $$$$$:   46-block  7
    $$$$$:   46-block  8
    $$$$$:   46-block  9
    $$$$$:   46-block 10
    $$$$$:   46-block 11
    $$$$$:   46-block 12
        -:   47:}
       14:   48:static void assert_has_type(cJSON *object_item, int expect_type){    //判断类型
      14*:   49:    ASSERT_TRUE((0xff & (object_item->type))==(0xff & expect_type));
       14:   49-block  0
    %%%%%:   49-block  1
    %%%%%:   49-block  2
    %%%%%:   49-block  3
    %%%%%:   49-block  4
    %%%%%:   49-block  5
    $$$$$:   49-block  6
    $$$$$:   49-block  7
    $$$$$:   49-block  8
    $$$$$:   49-block  9
    $$$$$:   49-block 10
    $$$$$:   49-block 11
    $$$$$:   49-block 12
        -:   50:}
        8:   51:static void assert_has_no_reference(cJSON *object_item){
       8*:   52:    ASSERT_TRUE((cJSON_IsReference & (object_item->type))==(cJSON_IsReference & 0));
        8:   52-block  0
    %%%%%:   52-block  1
    %%%%%:   52-block  2
    %%%%%:   52-block  3
    %%%%%:   52-block  4
    %%%%%:   52-block  5
    $$$$$:   52-block  6
    $$$$$:   52-block  7
    $$$$$:   52-block  8
    $$$$$:   52-block  9
    $$$$$:   52-block 10
    $$$$$:   52-block 11
    $$$$$:   52-block 12
        -:   53:}
        8:   54:static void assert_has_no_const_string(cJSON *object_item){
       8*:   55:    ASSERT_TRUE((cJSON_StringIsConst & (object_item->type))==(cJSON_StringIsConst & 0));
        8:   55-block  0
    %%%%%:   55-block  1
    %%%%%:   55-block  2
    %%%%%:   55-block  3
    %%%%%:   55-block  4
    %%%%%:   55-block  5
    $$$$$:   55-block  6
    $$$$$:   55-block  7
    $$$$$:   55-block  8
    $$$$$:   55-block  9
    $$$$$:   55-block 10
    $$$$$:   55-block 11
    $$$$$:   55-block 12
        -:   56:}
        8:   57:static void assert_is_object(cJSON *object_item)
        -:   58:{
        -:   59://    TEST_ASSERT_NOT_NULL_MESSAGE(object_item, "Item is NULL.");
       8*:   60:    ASSERT_TRUE(object_item!=NULL);
        8:   60-block  0
    %%%%%:   60-block  1
    %%%%%:   60-block  2
    %%%%%:   60-block  3
    %%%%%:   60-block  4
    %%%%%:   60-block  5
    $$$$$:   60-block  6
    $$$$$:   60-block  7
    $$$$$:   60-block  8
    $$$$$:   60-block  9
    $$$$$:   60-block 10
    $$$$$:   60-block 11
    $$$$$:   60-block 12
        -:   61:
        8:   62:    assert_not_in_list(object_item);
        8:   62-block  0
        8:   63:    assert_has_type(object_item, cJSON_Object);
        8:   64:    assert_has_no_reference(object_item);
        8:   65:    assert_has_no_const_string(object_item);
        -:   66://    assert_has_no_valuestring(object_item);
        -:   67://    assert_has_no_string(object_item);
        -:   68:}
        -:   69:
        8:   70:static void assert_parse_object(const char *json)
        -:   71:{
        8:   72:    parse_buffer parsebuffer = { 0, 0, 0, 0, { 0, 0, 0 } };
        8:   73:    parsebuffer.content = (const unsigned char*)json;
        8:   74:    parsebuffer.length = strlen(json) + sizeof("");
        8:   75:    parsebuffer.hooks = global_hooks;
        -:   76:
       8*:   77:    ASSERT_TRUE(parse_object(item, &parsebuffer));
        8:   77-block  0
        8:   77-block  1
    %%%%%:   77-block  2
    %%%%%:   77-block  3
    %%%%%:   77-block  4
    %%%%%:   77-block  5
    %%%%%:   77-block  6
    $$$$$:   77-block  7
    $$$$$:   77-block  8
    $$$$$:   77-block  9
    $$$$$:   77-block 10
    $$$$$:   77-block 11
    $$$$$:   77-block 12
    $$$$$:   77-block 13
        8:   78:    assert_is_object(item);
        8:   78-block  0
        -:   79:}
        -:   80:
        2:   81:TEST_F(CjsonFixture, parse_empty_objects){
        1:   82:    assert_parse_object("{}");
        1:   83:    assert_parse_object("{\n\t}");
        1:   84:}
------------------
_ZN37CjsonFixture_parse_empty_objects_Test8TestBodyEv:
        1:   81:TEST_F(CjsonFixture, parse_empty_objects){
        1:   82:    assert_parse_object("{}");
        1:   82-block  0
        1:   83:    assert_parse_object("{\n\t}");
        1:   84:}
------------------
_ZN37CjsonFixture_parse_empty_objects_TestC1Ev:
        1:   81:TEST_F(CjsonFixture, parse_empty_objects){
        1:   81-block  0
------------------
        -:   85:
        2:   86:TEST_F(CjsonFixture, parse_object_should_parse_objects_with_one_element){
        1:   87:    assert_parse_object("{\"one\":1}");
        -:   88://    assert_is_child(item->child, "one", cJSON_Number);
        1:   89:    reset(item);
        -:   90:
        1:   91:    assert_parse_object("{\"hello\":\"world!\"}");
        -:   92://    assert_is_child(item->child, "hello", cJSON_String);
        1:   93:    reset(item);
        -:   94:
        1:   95:    assert_parse_object("{\"array\":[]}");
        -:   96://    assert_is_child(item->child, "array", cJSON_Array);
        1:   97:    reset(item);
        -:   98:
        1:   99:    assert_parse_object("{\"null\":null}");
        -:  100://    assert_is_child(item->child, "null", cJSON_NULL);
        1:  101:    reset(item);
        1:  102:}
------------------
_ZN68CjsonFixture_parse_object_should_parse_objects_with_one_element_Test8TestBodyEv:
        1:   86:TEST_F(CjsonFixture, parse_object_should_parse_objects_with_one_element){
        1:   87:    assert_parse_object("{\"one\":1}");
        1:   87-block  0
        -:   88://    assert_is_child(item->child, "one", cJSON_Number);
        1:   89:    reset(item);
        -:   90:
        1:   91:    assert_parse_object("{\"hello\":\"world!\"}");
        -:   92://    assert_is_child(item->child, "hello", cJSON_String);
        1:   93:    reset(item);
        -:   94:
        1:   95:    assert_parse_object("{\"array\":[]}");
        -:   96://    assert_is_child(item->child, "array", cJSON_Array);
        1:   97:    reset(item);
        -:   98:
        1:   99:    assert_parse_object("{\"null\":null}");
        -:  100://    assert_is_child(item->child, "null", cJSON_NULL);
        1:  101:    reset(item);
        1:  102:}
------------------
_ZN68CjsonFixture_parse_object_should_parse_objects_with_one_element_TestC1Ev:
        1:   86:TEST_F(CjsonFixture, parse_object_should_parse_objects_with_one_element){
        1:   86-block  0
------------------
        2:  103:TEST_F(CjsonFixture, parse_object_should_parse_objects_with_multiple_elements)
        -:  104:{
        1:  105:    assert_parse_object("{\"one\":1\t,\t\"two\"\n:2, \"three\":3}");
        -:  106://    assert_is_child(item->child, "one", cJSON_Number);
        -:  107://    assert_is_child(item->child->next, "two", cJSON_Number);
        -:  108://    assert_is_child(item->child->next->next, "three", cJSON_Number);
        1:  109:    reset(item);
        -:  110:
        -:  111:    {
        1:  112:        size_t i = 0;
        1:  113:        cJSON *node = NULL;
        1:  114:        int expected_types[7] =
        -:  115:                {
        -:  116:                        cJSON_Number,
        -:  117:                        cJSON_NULL,
        -:  118:                        cJSON_True,
        -:  119:                        cJSON_False,
        -:  120:                        cJSON_Array,
        -:  121:                        cJSON_String,
        -:  122:                        cJSON_Object
        -:  123:                };
        1:  124:        const char *expected_names[7] =
        -:  125:                {
        -:  126:                        "one",
        -:  127:                        "NULL",
        -:  128:                        "TRUE",
        -:  129:                        "FALSE",
        -:  130:                        "array",
        -:  131:                        "world",
        -:  132:                        "object"
        -:  133:                };
        1:  134:        assert_parse_object("{\"one\":1, \"NULL\":null, \"TRUE\":true, \"FALSE\":false, \"array\":[], \"world\":\"hello\", \"object\":{}}");
        -:  135:
        1:  136:        node = item->child;
        7:  137:        for (
        1:  138:                i = 0;
        -:  139:                (i < (sizeof(expected_types)/sizeof(int)))
        8:  140:                && (node != NULL);
        7:  141:                (void)i++, node = node->next)
        -:  142:        {
        -:  143://            assert_is_child(node, expected_names[i], expected_types[i]);
        -:  144:        }
        -:  145://        TEST_ASSERT_EQUAL_INT(i, 7);
        1:  146:        reset(item);
        -:  147:    }
        1:  148:}
------------------
_ZN74CjsonFixture_parse_object_should_parse_objects_with_multiple_elements_Test8TestBodyEv:
        1:  103:TEST_F(CjsonFixture, parse_object_should_parse_objects_with_multiple_elements)
        -:  104:{
        1:  105:    assert_parse_object("{\"one\":1\t,\t\"two\"\n:2, \"three\":3}");
        1:  105-block  0
        -:  106://    assert_is_child(item->child, "one", cJSON_Number);
        -:  107://    assert_is_child(item->child->next, "two", cJSON_Number);
        -:  108://    assert_is_child(item->child->next->next, "three", cJSON_Number);
        1:  109:    reset(item);
        -:  110:
        -:  111:    {
        1:  112:        size_t i = 0;
        1:  113:        cJSON *node = NULL;
        1:  114:        int expected_types[7] =
        -:  115:                {
        -:  116:                        cJSON_Number,
        -:  117:                        cJSON_NULL,
        -:  118:                        cJSON_True,
        -:  119:                        cJSON_False,
        -:  120:                        cJSON_Array,
        -:  121:                        cJSON_String,
        -:  122:                        cJSON_Object
        -:  123:                };
        1:  124:        const char *expected_names[7] =
        -:  125:                {
        -:  126:                        "one",
        -:  127:                        "NULL",
        -:  128:                        "TRUE",
        -:  129:                        "FALSE",
        -:  130:                        "array",
        -:  131:                        "world",
        -:  132:                        "object"
        -:  133:                };
        1:  134:        assert_parse_object("{\"one\":1, \"NULL\":null, \"TRUE\":true, \"FALSE\":false, \"array\":[], \"world\":\"hello\", \"object\":{}}");
        -:  135:
        1:  136:        node = item->child;
        7:  137:        for (
        1:  138:                i = 0;
        1:  138-block  0
        -:  139:                (i < (sizeof(expected_types)/sizeof(int)))
        8:  140:                && (node != NULL);
        8:  140-block  0
        7:  140-block  1
        7:  141:                (void)i++, node = node->next)
        7:  141-block  0
        -:  142:        {
        -:  143://            assert_is_child(node, expected_names[i], expected_types[i]);
        -:  144:        }
        -:  145://        TEST_ASSERT_EQUAL_INT(i, 7);
        1:  146:        reset(item);
        1:  146-block  0
        -:  147:    }
        1:  148:}
        1:  148-block  0
------------------
_ZN74CjsonFixture_parse_object_should_parse_objects_with_multiple_elements_TestC1Ev:
        1:  103:TEST_F(CjsonFixture, parse_object_should_parse_objects_with_multiple_elements)
        1:  103-block  0
------------------
        -:  149:
        8:  150:static void assert_parse_array(const char *json)
        -:  151:{
        8:  152:    parse_buffer buffer = { 0, 0, 0, 0, { 0, 0, 0 } };
        8:  153:    buffer.content = (const unsigned char*)json;
        8:  154:    buffer.length = strlen(json) + sizeof("");
        8:  155:    buffer.hooks = global_hooks;
        -:  156:
       8*:  157:    ASSERT_TRUE(parse_array(item, &buffer));
        8:  157-block  0
        8:  157-block  1
    %%%%%:  157-block  2
    %%%%%:  157-block  3
    %%%%%:  157-block  4
    %%%%%:  157-block  5
    %%%%%:  157-block  6
    $$$$$:  157-block  7
    $$$$$:  157-block  8
    $$$$$:  157-block  9
    $$$$$:  157-block 10
    $$$$$:  157-block 11
    $$$$$:  157-block 12
    $$$$$:  157-block 13
        -:  158://    assert_is_array(item);
        -:  159:}
        -:  160:
        2:  161:TEST_F(CjsonFixture, parse_array_should_parse_empty_arrays)
        -:  162://static void parse_array_should_parse_empty_arrays(void)
        -:  163:{
        1:  164:    assert_parse_array("[]");
        -:  165://    assert_has_no_child(item);
        -:  166:
        1:  167:    assert_parse_array("[\n\t]");
        -:  168://    assert_has_no_child(item);
        1:  169:}
------------------
_ZN55CjsonFixture_parse_array_should_parse_empty_arrays_Test8TestBodyEv:
        1:  161:TEST_F(CjsonFixture, parse_array_should_parse_empty_arrays)
        -:  162://static void parse_array_should_parse_empty_arrays(void)
        -:  163:{
        1:  164:    assert_parse_array("[]");
        1:  164-block  0
        -:  165://    assert_has_no_child(item);
        -:  166:
        1:  167:    assert_parse_array("[\n\t]");
        -:  168://    assert_has_no_child(item);
        1:  169:}
------------------
_ZN55CjsonFixture_parse_array_should_parse_empty_arrays_TestC1Ev:
        1:  161:TEST_F(CjsonFixture, parse_array_should_parse_empty_arrays)
        1:  161-block  0
------------------
        2:  170:TEST_F(CjsonFixture, parse_array_should_parse_arrays_with_one_element)
        -:  171:{
        -:  172:
        1:  173:    assert_parse_array("[1]");
        -:  174://    assert_has_child(item);
        1:  175:    assert_has_type(item->child, cJSON_Number);
        1:  176:    reset(item);
        -:  177:
        1:  178:    assert_parse_array("[\"hello!\"]");
        -:  179://    assert_has_child(item);
        1:  180:    assert_has_type(item->child, cJSON_String);
       1*:  181:    ASSERT_STREQ("hello!", item->child->valuestring);
        1:  182:    reset(item);
        -:  183:
        1:  184:    assert_parse_array("[[]]");
        -:  185://    assert_has_child(item);
        -:  186://    assert_is_array(item->child);
        -:  187://    assert_has_no_child(item->child);
        1:  188:    reset(item);
        -:  189:
        1:  190:    assert_parse_array("[null]");
        -:  191://    assert_has_child(item);
        1:  192:    assert_has_type(item->child, cJSON_NULL);
        1:  193:    reset(item);
        -:  194:}
------------------
_ZN66CjsonFixture_parse_array_should_parse_arrays_with_one_element_Test8TestBodyEv:
        1:  170:TEST_F(CjsonFixture, parse_array_should_parse_arrays_with_one_element)
        -:  171:{
        -:  172:
        1:  173:    assert_parse_array("[1]");
        1:  173-block  0
        -:  174://    assert_has_child(item);
        1:  175:    assert_has_type(item->child, cJSON_Number);
        1:  176:    reset(item);
        -:  177:
        1:  178:    assert_parse_array("[\"hello!\"]");
        -:  179://    assert_has_child(item);
        1:  180:    assert_has_type(item->child, cJSON_String);
       1*:  181:    ASSERT_STREQ("hello!", item->child->valuestring);
        1:  181-block  0
    %%%%%:  181-block  1
    %%%%%:  181-block  2
    %%%%%:  181-block  3
    %%%%%:  181-block  4
    $$$$$:  181-block  5
    $$$$$:  181-block  6
    $$$$$:  181-block  7
    $$$$$:  181-block  8
    $$$$$:  181-block  9
        1:  182:    reset(item);
        1:  182-block  0
        -:  183:
        1:  184:    assert_parse_array("[[]]");
        -:  185://    assert_has_child(item);
        -:  186://    assert_is_array(item->child);
        -:  187://    assert_has_no_child(item->child);
        1:  188:    reset(item);
        -:  189:
        1:  190:    assert_parse_array("[null]");
        -:  191://    assert_has_child(item);
        1:  192:    assert_has_type(item->child, cJSON_NULL);
        1:  193:    reset(item);
        -:  194:}
------------------
_ZN66CjsonFixture_parse_array_should_parse_arrays_with_one_element_TestC1Ev:
        1:  170:TEST_F(CjsonFixture, parse_array_should_parse_arrays_with_one_element)
        1:  170-block  0
------------------
        2:  195:TEST_F(CjsonFixture, parse_array_should_parse_arrays_with_multiple_elements)
        -:  196:{
        1:  197:    assert_parse_array("[1\t,\n2, 3]");
        -:  198://    assert_has_child(item);
        -:  199://    TEST_ASSERT_NOT_NULL(item->child->next);
        -:  200://    TEST_ASSERT_NOT_NULL(item->child->next->next);
        -:  201://    TEST_ASSERT_NULL(item->child->next->next->next);
        1:  202:    assert_has_type(item->child, cJSON_Number);
        1:  203:    assert_has_type(item->child->next, cJSON_Number);
        1:  204:    assert_has_type(item->child->next->next, cJSON_Number);
        1:  205:    reset(item);
        -:  206:
        -:  207:    {
        1:  208:        size_t i = 0;
        1:  209:        cJSON *node = NULL;
        1:  210:        int expected_types[7] =
        -:  211:                {
        -:  212:                        cJSON_Number,
        -:  213:                        cJSON_NULL,
        -:  214:                        cJSON_True,
        -:  215:                        cJSON_False,
        -:  216:                        cJSON_Array,
        -:  217:                        cJSON_String,
        -:  218:                        cJSON_Object
        -:  219:                };
        1:  220:        assert_parse_array("[1, null, true, false, [], \"hello\", {}]");
        -:  221:
        1:  222:        node = item->child;
        7:  223:        for (
        1:  224:                i = 0;
        -:  225:                (i < (sizeof(expected_types)/sizeof(int)))
        8:  226:                && (node != NULL);
        7:  227:                (void)i++, node = node->next)
        -:  228:        {
        -:  229://            TEST_ASSERT_BITS(0xFF, expected_types[i], node->type);
        -:  230:        }
        -:  231://        TEST_ASSERT_EQUAL_INT(i, 7);
        1:  232:        reset(item);
        -:  233:    }
        1:  234:}
------------------
_ZN72CjsonFixture_parse_array_should_parse_arrays_with_multiple_elements_Test8TestBodyEv:
        1:  195:TEST_F(CjsonFixture, parse_array_should_parse_arrays_with_multiple_elements)
        -:  196:{
        1:  197:    assert_parse_array("[1\t,\n2, 3]");
        1:  197-block  0
        -:  198://    assert_has_child(item);
        -:  199://    TEST_ASSERT_NOT_NULL(item->child->next);
        -:  200://    TEST_ASSERT_NOT_NULL(item->child->next->next);
        -:  201://    TEST_ASSERT_NULL(item->child->next->next->next);
        1:  202:    assert_has_type(item->child, cJSON_Number);
        1:  203:    assert_has_type(item->child->next, cJSON_Number);
        1:  204:    assert_has_type(item->child->next->next, cJSON_Number);
        1:  205:    reset(item);
        -:  206:
        -:  207:    {
        1:  208:        size_t i = 0;
        1:  209:        cJSON *node = NULL;
        1:  210:        int expected_types[7] =
        -:  211:                {
        -:  212:                        cJSON_Number,
        -:  213:                        cJSON_NULL,
        -:  214:                        cJSON_True,
        -:  215:                        cJSON_False,
        -:  216:                        cJSON_Array,
        -:  217:                        cJSON_String,
        -:  218:                        cJSON_Object
        -:  219:                };
        1:  220:        assert_parse_array("[1, null, true, false, [], \"hello\", {}]");
        -:  221:
        1:  222:        node = item->child;
        7:  223:        for (
        1:  224:                i = 0;
        1:  224-block  0
        -:  225:                (i < (sizeof(expected_types)/sizeof(int)))
        8:  226:                && (node != NULL);
        8:  226-block  0
        7:  226-block  1
        7:  227:                (void)i++, node = node->next)
        7:  227-block  0
        -:  228:        {
        -:  229://            TEST_ASSERT_BITS(0xFF, expected_types[i], node->type);
        -:  230:        }
        -:  231://        TEST_ASSERT_EQUAL_INT(i, 7);
        1:  232:        reset(item);
        1:  232-block  0
        -:  233:    }
        1:  234:}
        1:  234-block  0
------------------
_ZN72CjsonFixture_parse_array_should_parse_arrays_with_multiple_elements_TestC1Ev:
        1:  195:TEST_F(CjsonFixture, parse_array_should_parse_arrays_with_multiple_elements)
        1:  195-block  0
------------------
        -:  235:
       18:  236:static void assert_parse_number(const char *string, int integer, double real)
        -:  237:{
       18:  238:    parse_buffer buffer = { 0, 0, 0, 0, { 0, 0, 0 } };
       18:  239:    buffer.content = (const unsigned char*)string;
       18:  240:    buffer.length = strlen(string) + sizeof("");
        -:  241:
      18*:  242:    ASSERT_TRUE(parse_number(item, &buffer));
       18:  242-block  0
    %%%%%:  242-block  1
    %%%%%:  242-block  2
    %%%%%:  242-block  3
    %%%%%:  242-block  4
    %%%%%:  242-block  5
    $$$$$:  242-block  6
    $$$$$:  242-block  7
    $$$$$:  242-block  8
    $$$$$:  242-block  9
    $$$$$:  242-block 10
    $$$$$:  242-block 11
    $$$$$:  242-block 12
        -:  243://    assert_is_number(item);
      18*:  244:    ASSERT_EQ(integer, item->valueint);
       18:  244-block  0
       18:  244-block  1
    %%%%%:  244-block  2
    %%%%%:  244-block  3
    %%%%%:  244-block  4
    %%%%%:  244-block  5
    $$$$$:  244-block  6
    $$$$$:  244-block  7
    $$$$$:  244-block  8
    $$$$$:  244-block  9
    $$$$$:  244-block 10
      18*:  245:    ASSERT_DOUBLE_EQ(real, item->valuedouble);
       18:  245-block  0
       18:  245-block  1
    %%%%%:  245-block  2
    %%%%%:  245-block  3
    %%%%%:  245-block  4
    %%%%%:  245-block  5
    $$$$$:  245-block  6
    $$$$$:  245-block  7
    $$$$$:  245-block  8
    $$$$$:  245-block  9
    $$$$$:  245-block 10
        -:  246:}
        2:  247:TEST_F(CjsonFixture, parse_number_should_parse_zero)
        -:  248:{
        1:  249:    assert_parse_number("0", 0, 0);
        1:  250:    assert_parse_number("0.0", 0, 0.0);
        1:  251:    assert_parse_number("-0", 0, -0.0);
        1:  252:}
------------------
_ZN48CjsonFixture_parse_number_should_parse_zero_Test8TestBodyEv:
        1:  247:TEST_F(CjsonFixture, parse_number_should_parse_zero)
        -:  248:{
        1:  249:    assert_parse_number("0", 0, 0);
        1:  249-block  0
        1:  250:    assert_parse_number("0.0", 0, 0.0);
        1:  251:    assert_parse_number("-0", 0, -0.0);
        1:  252:}
------------------
_ZN48CjsonFixture_parse_number_should_parse_zero_TestC1Ev:
        1:  247:TEST_F(CjsonFixture, parse_number_should_parse_zero)
        1:  247-block  0
------------------
        -:  253:
        2:  254:TEST_F(CjsonFixture, parse_number_should_parse_negative_integers)
        -:  255:{
        1:  256:    assert_parse_number("-1", -1, -1);
        1:  257:    assert_parse_number("-32768", -32768, -32768.0);
        1:  258:    assert_parse_number("-2147483648", (int)-2147483648.0, -2147483648.0);
        1:  259:}
------------------
_ZN61CjsonFixture_parse_number_should_parse_negative_integers_Test8TestBodyEv:
        1:  254:TEST_F(CjsonFixture, parse_number_should_parse_negative_integers)
        -:  255:{
        1:  256:    assert_parse_number("-1", -1, -1);
        1:  256-block  0
        1:  257:    assert_parse_number("-32768", -32768, -32768.0);
        1:  258:    assert_parse_number("-2147483648", (int)-2147483648.0, -2147483648.0);
        1:  259:}
------------------
_ZN61CjsonFixture_parse_number_should_parse_negative_integers_TestC1Ev:
        1:  254:TEST_F(CjsonFixture, parse_number_should_parse_negative_integers)
        1:  254-block  0
------------------
        -:  260:
    #####:  261:static void parse_number_should_parse_positive_integers(void)
        -:  262:{
    #####:  263:    assert_parse_number("1", 1, 1);
    %%%%%:  263-block  0
    #####:  264:    assert_parse_number("32767", 32767, 32767.0);
    #####:  265:    assert_parse_number("2147483647", (int)2147483647.0, 2147483647.0);
    #####:  266:}
        2:  267:TEST_F(CjsonFixture, parse_number_should_parse_positive_reals)
        -:  268:{
        1:  269:    assert_parse_number("0.001", 0, 0.001);
        1:  270:    assert_parse_number("10e-10", 0, 10e-10);
        1:  271:    assert_parse_number("10E-10", 0, 10e-10);
        1:  272:    assert_parse_number("10e10", INT_MAX, 10e10);
        1:  273:    assert_parse_number("123e+127", INT_MAX, 123e127);
        1:  274:    assert_parse_number("123e-128", 0, 123e-128);
        1:  275:}
------------------
_ZN58CjsonFixture_parse_number_should_parse_positive_reals_Test8TestBodyEv:
        1:  267:TEST_F(CjsonFixture, parse_number_should_parse_positive_reals)
        -:  268:{
        1:  269:    assert_parse_number("0.001", 0, 0.001);
        1:  269-block  0
        1:  270:    assert_parse_number("10e-10", 0, 10e-10);
        1:  271:    assert_parse_number("10E-10", 0, 10e-10);
        1:  272:    assert_parse_number("10e10", INT_MAX, 10e10);
        1:  273:    assert_parse_number("123e+127", INT_MAX, 123e127);
        1:  274:    assert_parse_number("123e-128", 0, 123e-128);
        1:  275:}
------------------
_ZN58CjsonFixture_parse_number_should_parse_positive_reals_TestC1Ev:
        1:  267:TEST_F(CjsonFixture, parse_number_should_parse_positive_reals)
        1:  267-block  0
------------------
        2:  276:TEST_F(CjsonFixture, parse_number_should_parse_negative_reals)
        -:  277:{
        1:  278:    assert_parse_number("-0.001", 0, -0.001);
        1:  279:    assert_parse_number("-10e-10", 0, -10e-10);
        1:  280:    assert_parse_number("-10E-10", 0, -10e-10);
        1:  281:    assert_parse_number("-10e20", INT_MIN, -10e20);
        1:  282:    assert_parse_number("-123e+127", INT_MIN, -123e127);
        1:  283:    assert_parse_number("-123e-128", 0, -123e-128);
        1:  284:}
------------------
_ZN58CjsonFixture_parse_number_should_parse_negative_reals_Test8TestBodyEv:
        1:  276:TEST_F(CjsonFixture, parse_number_should_parse_negative_reals)
        -:  277:{
        1:  278:    assert_parse_number("-0.001", 0, -0.001);
        1:  278-block  0
        1:  279:    assert_parse_number("-10e-10", 0, -10e-10);
        1:  280:    assert_parse_number("-10E-10", 0, -10e-10);
        1:  281:    assert_parse_number("-10e20", INT_MIN, -10e20);
        1:  282:    assert_parse_number("-123e+127", INT_MIN, -123e127);
        1:  283:    assert_parse_number("-123e-128", 0, -123e-128);
        1:  284:}
------------------
_ZN58CjsonFixture_parse_number_should_parse_negative_reals_TestC1Ev:
        1:  276:TEST_F(CjsonFixture, parse_number_should_parse_negative_reals)
        1:  276-block  0
------------------
        -:  285:
        8:  286:static void assert_parse_value(const char *string, int type)
        -:  287:{
        8:  288:    parse_buffer buffer = { 0, 0, 0, 0, { 0, 0, 0 } };
        8:  289:    buffer.content = (const unsigned char*) string;
        8:  290:    buffer.length = strlen(string) + sizeof("");
        8:  291:    buffer.hooks = global_hooks;
        -:  292:
        8:  293:    parse_value(item, &buffer);
        8:  293-block  0
        -:  294://    TEST_ASSERT_TRUE(parse_value(item, &buffer));
        -:  295://    assert_is_value(item, type);
        8:  296:}
        8:  296-block  0
        -:  297:
        2:  298:TEST_F(CjsonFixture, parse_value)
        -:  299:{
        1:  300:    assert_parse_value("null", cJSON_NULL);
        1:  301:    reset(item);
        -:  302:
        1:  303:    assert_parse_value("true", cJSON_True);
        1:  304:    reset(item);
        -:  305:
        1:  306:    assert_parse_value("false", cJSON_False);
        1:  307:    reset(item);
        -:  308:
        1:  309:    assert_parse_value("1.5", cJSON_Number);
        1:  310:    reset(item);
        -:  311:
        1:  312:    assert_parse_value("\"\"", cJSON_String);
        1:  313:    reset(item);
        1:  314:    assert_parse_value("\"hello\"", cJSON_String);
        1:  315:    reset(item);
        -:  316:
        1:  317:    assert_parse_value("[]", cJSON_Array);
        1:  318:    reset(item);
        -:  319:
        1:  320:    assert_parse_value("{}", cJSON_Object);
        1:  321:    reset(item);
        -:  322:
        -:  323:
        1:  324:}
------------------
_ZN29CjsonFixture_parse_value_Test8TestBodyEv:
        1:  298:TEST_F(CjsonFixture, parse_value)
        -:  299:{
        1:  300:    assert_parse_value("null", cJSON_NULL);
        1:  300-block  0
        1:  301:    reset(item);
        -:  302:
        1:  303:    assert_parse_value("true", cJSON_True);
        1:  304:    reset(item);
        -:  305:
        1:  306:    assert_parse_value("false", cJSON_False);
        1:  307:    reset(item);
        -:  308:
        1:  309:    assert_parse_value("1.5", cJSON_Number);
        1:  310:    reset(item);
        -:  311:
        1:  312:    assert_parse_value("\"\"", cJSON_String);
        1:  313:    reset(item);
        1:  314:    assert_parse_value("\"hello\"", cJSON_String);
        1:  315:    reset(item);
        -:  316:
        1:  317:    assert_parse_value("[]", cJSON_Array);
        1:  318:    reset(item);
        -:  319:
        1:  320:    assert_parse_value("{}", cJSON_Object);
        1:  321:    reset(item);
        -:  322:
        -:  323:
        1:  324:}
------------------
_ZN29CjsonFixture_parse_value_TestC1Ev:
        1:  298:TEST_F(CjsonFixture, parse_value)
        1:  298-block  0
------------------
        -:  325:
        1:  326:static void assert_case_insensitive_strcmp(const unsigned char *string1, const unsigned char *string2,int integer)
        -:  327:{
       1*:  328:    ASSERT_EQ(integer,case_insensitive_strcmp(string1,string2));
        1:  328-block  0
        1:  328-block  1
    %%%%%:  328-block  2
    %%%%%:  328-block  3
    %%%%%:  328-block  4
    %%%%%:  328-block  5
    $$$$$:  328-block  6
    $$$$$:  328-block  7
    $$$$$:  328-block  8
    $$$$$:  328-block  9
    $$$$$:  328-block 10
    $$$$$:  328-block 11
        -:  329:}
        2:  330:TEST_F(CjsonFixture, case_insensitive_strcmp)
        -:  331:{
        1:  332:    assert_case_insensitive_strcmp(NULL,NULL,1);
        -:  333:
        1:  334:}
------------------
_ZN41CjsonFixture_case_insensitive_strcmp_Test8TestBodyEv:
        1:  330:TEST_F(CjsonFixture, case_insensitive_strcmp)
        -:  331:{
        1:  332:    assert_case_insensitive_strcmp(NULL,NULL,1);
        1:  332-block  0
        -:  333:
        1:  334:}
------------------
_ZN41CjsonFixture_case_insensitive_strcmp_TestC1Ev:
        1:  330:TEST_F(CjsonFixture, case_insensitive_strcmp)
        1:  330-block  0
------------------
        -:  335:
        1:  336:static void assert_cJSON_GetErrorPtr()
        -:  337:{
        1:  338:    cJSON_GetErrorPtr();
        1:  338-block  0
        1:  339:}
        -:  340:
        2:  341:TEST_F(CjsonFixture, assert_cJSON_GetErrorPtr)
        -:  342:{
        1:  343:    assert_cJSON_GetErrorPtr();
        1:  344:}
------------------
_ZN42CjsonFixture_assert_cJSON_GetErrorPtr_Test8TestBodyEv:
        1:  341:TEST_F(CjsonFixture, assert_cJSON_GetErrorPtr)
        -:  342:{
        1:  343:    assert_cJSON_GetErrorPtr();
        1:  343-block  0
        1:  344:}
------------------
_ZN42CjsonFixture_assert_cJSON_GetErrorPtr_TestC1Ev:
        1:  341:TEST_F(CjsonFixture, assert_cJSON_GetErrorPtr)
        1:  341-block  0
------------------
        -:  345:
        -:  346:
        -:  347:
        1:  348:static void assert_cJSON_Version()
        -:  349:{
        1:  350:    cJSON_Version();
        1:  350-block  0
        1:  351:}
        -:  352:
        2:  353:TEST_F(CjsonFixture, assert_cJSON_Version)
        -:  354:{
        1:  355:    assert_cJSON_Version();
        1:  356:}
------------------
_ZN38CjsonFixture_assert_cJSON_Version_Test8TestBodyEv:
        1:  353:TEST_F(CjsonFixture, assert_cJSON_Version)
        -:  354:{
        1:  355:    assert_cJSON_Version();
        1:  355-block  0
        1:  356:}
------------------
_ZN38CjsonFixture_assert_cJSON_Version_TestC1Ev:
        1:  353:TEST_F(CjsonFixture, assert_cJSON_Version)
        1:  353-block  0
------------------
        -:  357:
        1:  358:static void assert_cJSON_strdup()
        -:  359:{
        1:  360:    cJSON_strdup((const unsigned char*)"number", &global_hooks);
        1:  360-block  0
        1:  361:}
        2:  362:TEST_F(CjsonFixture, assert_cJSON_strdup)
        -:  363:{
        1:  364:    assert_cJSON_strdup();
        1:  365:}
------------------
_ZN37CjsonFixture_assert_cJSON_strdup_Test8TestBodyEv:
        1:  362:TEST_F(CjsonFixture, assert_cJSON_strdup)
        -:  363:{
        1:  364:    assert_cJSON_strdup();
        1:  364-block  0
        1:  365:}
------------------
_ZN37CjsonFixture_assert_cJSON_strdup_TestC1Ev:
        1:  362:TEST_F(CjsonFixture, assert_cJSON_strdup)
        1:  362-block  0
------------------
        -:  366:
        -:  367:
        -:  368:
      194:  369:static void * CJSON_CDECL failing_malloc(size_t size)
        -:  370:{
        -:  371:    (void)size;
      194:  372:    return NULL;
      194:  372-block  0
        -:  373:}
        -:  374:
        -:  375:/* work around MSVC error C2322: '...' address of dillimport '...' is not static */
        1:  376:static void CJSON_CDECL normal_free(void *pointer)
        -:  377:{
        1:  378:    free(pointer);
        1:  379:}
        -:  380:static cJSON_Hooks failing_hooks={
        -:  381:        failing_malloc,
        -:  382:        normal_free
        -:  383:};
        -:  384:
        1:  385:static void assert_cJSON_InitHooks()
        -:  386:{
        1:  387:    cJSON_InitHooks(NULL);
        1:  387-block  0
        1:  388:    cJSON_InitHooks(&failing_hooks);
        1:  389:}
        2:  390:TEST_F(CjsonFixture, assert_cJSON_InitHooks)
        -:  391:{
        1:  392:    assert_cJSON_InitHooks();
        1:  393:}
------------------
_ZN40CjsonFixture_assert_cJSON_InitHooks_Test8TestBodyEv:
        1:  390:TEST_F(CjsonFixture, assert_cJSON_InitHooks)
        -:  391:{
        1:  392:    assert_cJSON_InitHooks();
        1:  392-block  0
        1:  393:}
------------------
_ZN40CjsonFixture_assert_cJSON_InitHooks_TestC1Ev:
        1:  390:TEST_F(CjsonFixture, assert_cJSON_InitHooks)
        1:  390-block  0
------------------
        -:  394:
        -:  395://测试出问题
        -:  396://static void assert_cJSON_SetNumberHelper(cJSON *object, double number)
        -:  397://{
        -:  398://    cJSON_SetNumberHelper(object, number);
        -:  399://}
        -:  400://TEST_F(CjsonFixture, assert_cJSON_SetNumberHelper)
        -:  401://{
        -:  402://    assert_cJSON_SetNumberHelper(NULL,0);
        -:  403://    assert_cJSON_SetNumberHelper(NULL,INT_MAX);
        -:  404://    assert_cJSON_SetNumberHelper(NULL,(double)INT_MIN);
        -:  405://}
        -:  406:
        -:  407:
        -:  408:
        -:  409:
        1:  410:static void * CJSON_CDECL failing_realloc(void *pointer, size_t size)
        -:  411:{
        -:  412:    (void)size;
        -:  413:    (void)pointer;
        1:  414:    return NULL;
        1:  414-block  0
        -:  415:}
    #####:  416:static void assert_ensure(printbuffer * const p, size_t needed)
        -:  417:{
    #####:  418:    ensure(p,needed);
    %%%%%:  418-block  0
    #####:  419:}
        2:  420:TEST_F(CjsonFixture, assert_ensure)
        -:  421:{
        -:  422:
        -:  423:
        1:  424:    printbuffer buffer = {NULL, 10, 0, 0, false, false, {&malloc, &free, &failing_realloc}};
        1:  425:    buffer.buffer = (unsigned char*)malloc(100);
        1:  426:    ensure(&buffer, 200);
        1:  427:    ensure(NULL,2*INT_MAX/3); //这两个无法覆盖  不知为何
        1:  428:    ensure(NULL,2*INT_MAX);
        -:  429://    ensure(output_buffer, (size_t)length + sizeof(""));
        -:  430:
        -:  431://    printbuffer *buffer1;
        -:  432://    buffer1->buffer = NULL;
        -:  433://    buffer1->length = 10;
        -:  434://    buffer1->hooks.reallocate = NULL;
        -:  435://    ensure(buffer1, 200);
        1:  436:}
------------------
_ZN31CjsonFixture_assert_ensure_Test8TestBodyEv:
        1:  420:TEST_F(CjsonFixture, assert_ensure)
        -:  421:{
        -:  422:
        -:  423:
        1:  424:    printbuffer buffer = {NULL, 10, 0, 0, false, false, {&malloc, &free, &failing_realloc}};
        1:  425:    buffer.buffer = (unsigned char*)malloc(100);
        1:  426:    ensure(&buffer, 200);
        1:  426-block  0
        1:  427:    ensure(NULL,2*INT_MAX/3); //这两个无法覆盖  不知为何
        1:  427-block  0
        1:  428:    ensure(NULL,2*INT_MAX);
        1:  428-block  0
        -:  429://    ensure(output_buffer, (size_t)length + sizeof(""));
        -:  430:
        -:  431://    printbuffer *buffer1;
        -:  432://    buffer1->buffer = NULL;
        -:  433://    buffer1->length = 10;
        -:  434://    buffer1->hooks.reallocate = NULL;
        -:  435://    ensure(buffer1, 200);
        1:  436:}
        1:  436-block  0
------------------
_ZN31CjsonFixture_assert_ensure_TestC1Ev:
        1:  420:TEST_F(CjsonFixture, assert_ensure)
        1:  420-block  0
------------------
        -:  437:
        -:  438://static void assert_update_offset(printbuffer *buffer)
        -:  439://{
        -:  440://    update_offset(buffer);
        -:  441://}
        -:  442://TEST_F(CjsonFixture, assert_update_offset)
        -:  443://{
        -:  444://    printbuffer *buffer;
        -:  445://    buffer->buffer =NULL;
        -:  446://    assert_update_offset(NULL);
        -:  447://    assert_update_offset(buffer);
        -:  448:////    printbuffer *buffer1 ;
        -:  449:////    buffer1->length = 10;
        -:  450:////
        -:  451:////    assert_update_offset(buffer1);
        -:  452://}
        -:  453:
        -:  454:
        1:  455:static void assert_compare_double(double a, double b)
        -:  456:{
        1:  457:    compare_double(a,b);
        1:  457-block  0
        1:  458:}
        2:  459:TEST_F(CjsonFixture, assert_compare_double)
        -:  460:{
        1:  461:    assert_compare_double(0.0,2.0);
        1:  462:}
------------------
_ZN39CjsonFixture_assert_compare_double_Test8TestBodyEv:
        1:  459:TEST_F(CjsonFixture, assert_compare_double)
        -:  460:{
        1:  461:    assert_compare_double(0.0,2.0);
        1:  461-block  0
        1:  462:}
------------------
_ZN39CjsonFixture_assert_compare_double_TestC1Ev:
        1:  459:TEST_F(CjsonFixture, assert_compare_double)
        1:  459-block  0
------------------
        -:  463:
        -:  464:
        -:  465:
        1:  466:static void assert_print_number()
        -:  467:{
        -:  468:    unsigned char printed[1024];
        -:  469:    unsigned char new_buffer[26];
        1:  470:    unsigned int i = 0;
        -:  471:    cJSON item[1];
        1:  472:    printbuffer buffer = { 0, 0, 0, 0, 0, 0, { 0, 0, 0 } };
        1:  473:    buffer.buffer = printed;
        1:  474:    buffer.length = sizeof(printed);
        1:  475:    buffer.offset = 0;
        1:  476:    buffer.noalloc = true;
        1:  477:    buffer.hooks = global_hooks;
        1:  478:    buffer.buffer = new_buffer;
        1:  479:    print_number(item, &buffer), "Failed to print number.";
        1:  479-block  0
        1:  480:}
        1:  480-block  0
        2:  481:TEST_F(CjsonFixture, assert_print_number)
        -:  482:{
        1:  483:    assert_print_number();
        1:  484:}
------------------
_ZN37CjsonFixture_assert_print_number_Test8TestBodyEv:
        1:  481:TEST_F(CjsonFixture, assert_print_number)
        -:  482:{
        1:  483:    assert_print_number();
        1:  483-block  0
        1:  484:}
------------------
_ZN37CjsonFixture_assert_print_number_TestC1Ev:
        1:  481:TEST_F(CjsonFixture, assert_print_number)
        1:  481-block  0
------------------
        -:  485:
        -:  486:
        2:  487:static void assert_print_string(const char *expected, const char *input)
        -:  488:{
        -:  489:    unsigned char printed[1024];
        2:  490:    printbuffer buffer = { 0, 0, 0, 0, 0, 0, { 0, 0, 0 } };
        2:  491:    buffer.buffer = printed;
        2:  492:    buffer.length = sizeof(printed);
        2:  493:    buffer.offset = 0;
        2:  494:    buffer.noalloc = true;
        2:  495:    buffer.hooks = global_hooks;
        -:  496:
        2:  497:    print_string_ptr((const unsigned char*)input, &buffer);
        2:  497-block  0
        -:  498://    TEST_ASSERT_TRUE_MESSAGE(print_string_ptr((const unsigned char*)input, &buffer), "Failed to print string.");
        -:  499://    TEST_ASSERT_EQUAL_STRING_MESSAGE(expected, printed, "The printed string isn't as expected.");
        2:  500:}
        2:  500-block  0
        2:  501:TEST_F(CjsonFixture, print_string_should_print_empty_strings)
        -:  502://static void print_string_should_print_empty_strings(void)
        -:  503:{
        1:  504:    assert_print_string("\"\"", "");
        1:  505:    assert_print_string("\"\"", NULL);
        1:  506:}
------------------
_ZN57CjsonFixture_print_string_should_print_empty_strings_Test8TestBodyEv:
        1:  501:TEST_F(CjsonFixture, print_string_should_print_empty_strings)
        -:  502://static void print_string_should_print_empty_strings(void)
        -:  503:{
        1:  504:    assert_print_string("\"\"", "");
        1:  504-block  0
        1:  505:    assert_print_string("\"\"", NULL);
        1:  506:}
------------------
_ZN57CjsonFixture_print_string_should_print_empty_strings_TestC1Ev:
        1:  501:TEST_F(CjsonFixture, print_string_should_print_empty_strings)
        1:  501-block  0
------------------
        -:  507:
        3:  508:static void assert_cJSON_ParseWithOpts(const char *value, const char **return_parse_end, cJSON_bool require_null_terminated)
        -:  509:{
        3:  510:    cJSON_ParseWithOpts(value,return_parse_end,require_null_terminated);
        3:  510-block  0
        3:  511:}
        2:  512:TEST_F(CjsonFixture, assert_cJSON_ParseWithOpts)
        -:  513:{
        1:  514:    assert_cJSON_ParseWithOpts(NULL,NULL, true);
        1:  515:    assert_cJSON_ParseWithOpts("0",NULL, true);
        1:  516:    assert_cJSON_ParseWithOpts("0",NULL, true);
        1:  517:}
------------------
_ZN44CjsonFixture_assert_cJSON_ParseWithOpts_Test8TestBodyEv:
        1:  512:TEST_F(CjsonFixture, assert_cJSON_ParseWithOpts)
        -:  513:{
        1:  514:    assert_cJSON_ParseWithOpts(NULL,NULL, true);
        1:  514-block  0
        1:  515:    assert_cJSON_ParseWithOpts("0",NULL, true);
        1:  516:    assert_cJSON_ParseWithOpts("0",NULL, true);
        1:  517:}
------------------
_ZN44CjsonFixture_assert_cJSON_ParseWithOpts_TestC1Ev:
        1:  512:TEST_F(CjsonFixture, assert_cJSON_ParseWithOpts)
        1:  512-block  0
------------------
        -:  518:
        -:  519:
        1:  520:static void assert_cJSON_Parse()
        -:  521:{
        1:  522:    cJSON_Parse("a");
        1:  522-block  0
        1:  523:}
        2:  524:TEST_F(CjsonFixture, assert_cJSON_Parse)
        -:  525:{
        1:  526:    assert_cJSON_Parse();
        1:  527:}
------------------
_ZN36CjsonFixture_assert_cJSON_Parse_Test8TestBodyEv:
        1:  524:TEST_F(CjsonFixture, assert_cJSON_Parse)
        -:  525:{
        1:  526:    assert_cJSON_Parse();
        1:  526-block  0
        1:  527:}
------------------
_ZN36CjsonFixture_assert_cJSON_Parse_TestC1Ev:
        1:  524:TEST_F(CjsonFixture, assert_cJSON_Parse)
        1:  524-block  0
------------------
        -:  528:
        1:  529:static void assert_cJSON_Print()
        -:  530:{
        -:  531:    cJSON *root;
        1:  532:    cJSON_Print(root);
        1:  532-block  0
        1:  533:}
        2:  534:TEST_F(CjsonFixture, assert_cJSON_Print)
        -:  535:{
        1:  536:    assert_cJSON_Print();
        1:  537:}
------------------
_ZN36CjsonFixture_assert_cJSON_Print_Test8TestBodyEv:
        1:  534:TEST_F(CjsonFixture, assert_cJSON_Print)
        -:  535:{
        1:  536:    assert_cJSON_Print();
        1:  536-block  0
        1:  537:}
------------------
_ZN36CjsonFixture_assert_cJSON_Print_TestC1Ev:
        1:  534:TEST_F(CjsonFixture, assert_cJSON_Print)
        1:  534-block  0
------------------
        -:  538:
        1:  539:static void assert_cJSON_PrintUnformatted()
        -:  540:{
        -:  541:    static const char *merges[15][3] =
        -:  542:            {
        -:  543:                    {"{\"a\":\"b\"}", "{\"a\":\"c\"}", "{\"a\":\"c\"}"},
        -:  544:                    {"{\"a\":\"b\"}", "{\"b\":\"c\"}", "{\"a\":\"b\",\"b\":\"c\"}"},
        -:  545:                    {"{\"a\":\"b\"}", "{\"a\":null}", "{}"},
        -:  546:                    {"{\"a\":\"b\",\"b\":\"c\"}", "{\"a\":null}", "{\"b\":\"c\"}"},
        -:  547:                    {"{\"a\":[\"b\"]}", "{\"a\":\"c\"}", "{\"a\":\"c\"}"},
        -:  548:                    {"{\"a\":\"c\"}", "{\"a\":[\"b\"]}", "{\"a\":[\"b\"]}"},
        -:  549:                    {"{\"a\":{\"b\":\"c\"}}", "{\"a\":{\"b\":\"d\",\"c\":null}}", "{\"a\":{\"b\":\"d\"}}"},
        -:  550:                    {"{\"a\":[{\"b\":\"c\"}]}", "{\"a\":[1]}", "{\"a\":[1]}"},
        -:  551:                    {"[\"a\",\"b\"]", "[\"c\",\"d\"]", "[\"c\",\"d\"]"},
        -:  552:                    {"{\"a\":\"b\"}", "[\"c\"]", "[\"c\"]"},
        -:  553:                    {"{\"a\":\"foo\"}", "null", "null"},
        -:  554:                    {"{\"a\":\"foo\"}", "\"bar\"", "\"bar\""},
        -:  555:                    {"{\"e\":null}", "{\"a\":1}", "{\"e\":null,\"a\":1}"},
        -:  556:                    {"[1,2]", "{\"a\":\"b\",\"c\":null}", "{\"a\":\"b\"}"},
        -:  557:                    {"{}","{\"a\":{\"bb\":{\"ccc\":null}}}", "{\"a\":{\"bb\":{}}}"}
        -:  558:            };
       16:  559:    for (int i = 0; i <15 ; ++i) {
        1:  559-block  0
       16:  559-block  1
       15:  560:        cJSON *object_to_be_merged = cJSON_Parse(merges[i][0]);
       15:  560-block  0
       15:  561:        cJSON *patch = cJSON_Parse(merges[i][1]);
        -:  562:
        -:  563:
       15:  564:        cJSON_PrintUnformatted(patch);
       15:  565:        cJSON_PrintUnformatted(object_to_be_merged);
        -:  566:    }
        -:  567:
        1:  568:}
        2:  569:TEST_F(CjsonFixture, assert_cJSON_PrintUnformatted)
        -:  570:{
        1:  571:    assert_cJSON_PrintUnformatted();
        1:  572:}
------------------
_ZN47CjsonFixture_assert_cJSON_PrintUnformatted_Test8TestBodyEv:
        1:  569:TEST_F(CjsonFixture, assert_cJSON_PrintUnformatted)
        -:  570:{
        1:  571:    assert_cJSON_PrintUnformatted();
        1:  571-block  0
        1:  572:}
------------------
_ZN47CjsonFixture_assert_cJSON_PrintUnformatted_TestC1Ev:
        1:  569:TEST_F(CjsonFixture, assert_cJSON_PrintUnformatted)
        1:  569-block  0
------------------
        -:  573:
        -:  574:
        1:  575:static void assert_cJSON_PrintBuffered()
        -:  576:{
        1:  577:    cJSON_PrintBuffered(NULL, 10, true);
        1:  577-block  0
        1:  578:}
        2:  579:TEST_F(CjsonFixture, assert_cJSON_PrintBuffered)
        -:  580:{
        1:  581:    assert_cJSON_PrintBuffered();
        1:  582:}
------------------
_ZN44CjsonFixture_assert_cJSON_PrintBuffered_Test8TestBodyEv:
        1:  579:TEST_F(CjsonFixture, assert_cJSON_PrintBuffered)
        -:  580:{
        1:  581:    assert_cJSON_PrintBuffered();
        1:  581-block  0
        1:  582:}
------------------
_ZN44CjsonFixture_assert_cJSON_PrintBuffered_TestC1Ev:
        1:  579:TEST_F(CjsonFixture, assert_cJSON_PrintBuffered)
        1:  579-block  0
------------------
        -:  583:
    #####:  584:static void assert_cJSON_PrintPreallocated(cJSON *item, char *buffer, const int length, const cJSON_bool format)
        -:  585:{
    #####:  586:    cJSON_PrintPreallocated(item,buffer,length,format);
    %%%%%:  586-block  0
    #####:  587:}
        2:  588:TEST_F(CjsonFixture, assert_cJSON_PrintPreallocated)
        -:  589:{
        -:  590://    char *out = NULL;
        -:  591://    cJSON *root;
        -:  592://    char *buf = NULL;
        -:  593://    size_t len = 0;
        -:  594://    out = cJSON_Print(root);
        -:  595://    len = strlen(out) + 5;
        -:  596://    buf = (char*)malloc(len);
        -:  597://    cJSON_PrintPreallocated(root, buf, (int)len, 1);
        -:  598:
        -:  599:    char buffer[10];
        1:  600:    cJSON *item = cJSON_CreateString("item");
        1:  601:    cJSON_PrintPreallocated(NULL, buffer, sizeof(buffer), true);
        1:  602:    cJSON_PrintPreallocated(item, NULL, 1, true);
        1:  603:}
------------------
_ZN48CjsonFixture_assert_cJSON_PrintPreallocated_Test8TestBodyEv:
        1:  588:TEST_F(CjsonFixture, assert_cJSON_PrintPreallocated)
        -:  589:{
        -:  590://    char *out = NULL;
        -:  591://    cJSON *root;
        -:  592://    char *buf = NULL;
        -:  593://    size_t len = 0;
        -:  594://    out = cJSON_Print(root);
        -:  595://    len = strlen(out) + 5;
        -:  596://    buf = (char*)malloc(len);
        -:  597://    cJSON_PrintPreallocated(root, buf, (int)len, 1);
        -:  598:
        -:  599:    char buffer[10];
        1:  600:    cJSON *item = cJSON_CreateString("item");
        1:  600-block  0
        1:  601:    cJSON_PrintPreallocated(NULL, buffer, sizeof(buffer), true);
        1:  601-block  0
        1:  602:    cJSON_PrintPreallocated(item, NULL, 1, true);
        1:  602-block  0
        1:  603:}
        1:  603-block  0
------------------
_ZN48CjsonFixture_assert_cJSON_PrintPreallocated_TestC1Ev:
        1:  588:TEST_F(CjsonFixture, assert_cJSON_PrintPreallocated)
        1:  588-block  0
------------------
        -:  604:
        8:  605:static void assert_print_value(const char *input)
        -:  606:{
        -:  607:    unsigned char printed[1024];
        -:  608:    cJSON item[1];
        8:  609:    printbuffer buffer = { 0, 0, 0, 0, 0, 0, { 0, 0, 0 } };
        8:  610:    parse_buffer parsebuffer = { 0, 0, 0, 0, { 0, 0, 0 } };
        8:  611:    buffer.buffer = printed;
        8:  612:    buffer.length = sizeof(printed);
        8:  613:    buffer.offset = 0;
        8:  614:    buffer.noalloc = true;
        8:  615:    buffer.hooks = global_hooks;
        -:  616:
        8:  617:    parsebuffer.content = (const unsigned char*)input;
        8:  618:    parsebuffer.length = strlen(input) + sizeof("");
        8:  619:    parsebuffer.hooks = global_hooks;
        -:  620:
        8:  621:    memset(item, 0, sizeof(item));
        -:  622:
        8:  623:    parse_value(item, &parsebuffer);
        8:  623-block  0
        -:  624://    TEST_ASSERT_TRUE_MESSAGE(parse_value(item, &parsebuffer), "Failed to parse value.");
        -:  625:
        8:  626:    print_value(item, &buffer);
        8:  626-block  0
        -:  627://    TEST_ASSERT_TRUE_MESSAGE(print_value(item, &buffer), "Failed to print value.");
        -:  628://    TEST_ASSERT_EQUAL_STRING_MESSAGE(input, buffer.buffer, "Printed value is not as expected.");
        -:  629:
        8:  630:    reset(item);
        8:  630-block  0
        8:  631:}
        8:  631-block  0
        -:  632:
        2:  633:TEST_F(CjsonFixture, print_value)
        -:  634:{
        1:  635:    assert_print_value("null");
        1:  636:    assert_print_value("true");
        1:  637:    assert_print_value("false");
        1:  638:    assert_print_value("1.5");
        1:  639:    assert_print_value("\"\"");
        1:  640:    assert_print_value("\"hello\"");
        1:  641:    assert_print_value("[]");
        1:  642:    assert_print_value("{}");
        -:  643:
        1:  644:}
------------------
_ZN29CjsonFixture_print_value_Test8TestBodyEv:
        1:  633:TEST_F(CjsonFixture, print_value)
        -:  634:{
        1:  635:    assert_print_value("null");
        1:  635-block  0
        1:  636:    assert_print_value("true");
        1:  637:    assert_print_value("false");
        1:  638:    assert_print_value("1.5");
        1:  639:    assert_print_value("\"\"");
        1:  640:    assert_print_value("\"hello\"");
        1:  641:    assert_print_value("[]");
        1:  642:    assert_print_value("{}");
        -:  643:
        1:  644:}
------------------
_ZN29CjsonFixture_print_value_TestC1Ev:
        1:  633:TEST_F(CjsonFixture, print_value)
        1:  633-block  0
------------------
        -:  645:
        -:  646:
        7:  647:static void assert_print_array(const char * const expected, const char * const input)
        -:  648:{
        -:  649:    unsigned char printed_unformatted[1024];
        -:  650:    unsigned char printed_formatted[1024];
        -:  651:
        -:  652:    cJSON item[1];
        -:  653:
        7:  654:    printbuffer formatted_buffer = { 0, 0, 0, 0, 0, 0, { 0, 0, 0 } };
        7:  655:    printbuffer unformatted_buffer = { 0, 0, 0, 0, 0, 0, { 0, 0, 0 } };
        -:  656:
        7:  657:    parse_buffer parsebuffer = { 0, 0, 0, 0, { 0, 0, 0 } };
        7:  658:    parsebuffer.content = (const unsigned char*)input;
        7:  659:    parsebuffer.length = strlen(input) + sizeof("");
        7:  660:    parsebuffer.hooks = global_hooks;
        -:  661:
        -:  662:    /* buffer for formatted printing */
        7:  663:    formatted_buffer.buffer = printed_formatted;
        7:  664:    formatted_buffer.length = sizeof(printed_formatted);
        7:  665:    formatted_buffer.offset = 0;
        7:  666:    formatted_buffer.noalloc = true;
        7:  667:    formatted_buffer.hooks = global_hooks;
        -:  668:
        -:  669:    /* buffer for unformatted printing */
        7:  670:    unformatted_buffer.buffer = printed_unformatted;
        7:  671:    unformatted_buffer.length = sizeof(printed_unformatted);
        7:  672:    unformatted_buffer.offset = 0;
        7:  673:    unformatted_buffer.noalloc = true;
        7:  674:    unformatted_buffer.hooks = global_hooks;
        -:  675:
        7:  676:    memset(item, 0, sizeof(item));
        7:  677:    parse_array(item, &parsebuffer);
        7:  677-block  0
        -:  678://    TEST_ASSERT_TRUE_MESSAGE(parse_array(item, &parsebuffer), "Failed to parse array.");
        -:  679:
        7:  680:    unformatted_buffer.format = false;
        7:  681:    print_array(item, &unformatted_buffer);
        7:  681-block  0
        -:  682://    TEST_ASSERT_TRUE_MESSAGE(print_array(item, &unformatted_buffer), "Failed to print unformatted string.");
        -:  683://    TEST_ASSERT_EQUAL_STRING_MESSAGE(input, printed_unformatted, "Unformatted array is not correct.");
        -:  684:
        7:  685:    formatted_buffer.format = true;
        7:  686:    print_array(item, &formatted_buffer);
        7:  686-block  0
        -:  687://    TEST_ASSERT_TRUE_MESSAGE(print_array(item, &formatted_buffer), "Failed to print formatted string.");
        -:  688://    TEST_ASSERT_EQUAL_STRING_MESSAGE(expected, printed_formatted, "Formatted array is not correct.");
        -:  689:
        7:  690:    reset(item);
        7:  690-block  0
        7:  691:}
        7:  691-block  0
        -:  692:
        2:  693:TEST_F(CjsonFixture, print_array)
        -:  694:{
        1:  695:    assert_print_array("[]", "[]");
        1:  696:    assert_print_array("[1]", "[1]");
        1:  697:    assert_print_array("[\"hello!\"]", "[\"hello!\"]");
        1:  698:    assert_print_array("[[]]", "[[]]");
        1:  699:    assert_print_array("[null]", "[null]");
        1:  700:    assert_print_array("[1, 2, 3]", "[1,2,3]");
        1:  701:    assert_print_array("[1, null, true, false, [], \"hello\", {\n\t}]", "[1,null,true,false,[],\"hello\",{}]");
        -:  702:
        1:  703:}
------------------
_ZN29CjsonFixture_print_array_Test8TestBodyEv:
        1:  693:TEST_F(CjsonFixture, print_array)
        -:  694:{
        1:  695:    assert_print_array("[]", "[]");
        1:  695-block  0
        1:  696:    assert_print_array("[1]", "[1]");
        1:  697:    assert_print_array("[\"hello!\"]", "[\"hello!\"]");
        1:  698:    assert_print_array("[[]]", "[[]]");
        1:  699:    assert_print_array("[null]", "[null]");
        1:  700:    assert_print_array("[1, 2, 3]", "[1,2,3]");
        1:  701:    assert_print_array("[1, null, true, false, [], \"hello\", {\n\t}]", "[1,null,true,false,[],\"hello\",{}]");
        -:  702:
        1:  703:}
------------------
_ZN29CjsonFixture_print_array_TestC1Ev:
        1:  693:TEST_F(CjsonFixture, print_array)
        1:  693-block  0
------------------
        -:  704:
        7:  705:static void assert_print_object(const char * const expected, const char * const input)
        -:  706:{
        -:  707:    unsigned char printed_unformatted[1024];
        -:  708:    unsigned char printed_formatted[1024];
        -:  709:
        -:  710:    cJSON item[1];
        -:  711:
        7:  712:    printbuffer formatted_buffer = { 0, 0, 0, 0, 0, 0, { 0, 0, 0 } };
        7:  713:    printbuffer unformatted_buffer = { 0, 0, 0, 0, 0, 0, { 0, 0, 0 } };
        7:  714:    parse_buffer parsebuffer = { 0, 0, 0, 0, { 0, 0, 0 } };
        -:  715:
        -:  716:    /* buffer for parsing */
        7:  717:    parsebuffer.content = (const unsigned char*)input;
        7:  718:    parsebuffer.length = strlen(input) + sizeof("");
        7:  719:    parsebuffer.hooks = global_hooks;
        -:  720:
        -:  721:    /* buffer for formatted printing */
        7:  722:    formatted_buffer.buffer = printed_formatted;
        7:  723:    formatted_buffer.length = sizeof(printed_formatted);
        7:  724:    formatted_buffer.offset = 0;
        7:  725:    formatted_buffer.noalloc = true;
        7:  726:    formatted_buffer.hooks = global_hooks;
        -:  727:
        -:  728:    /* buffer for unformatted printing */
        7:  729:    unformatted_buffer.buffer = printed_unformatted;
        7:  730:    unformatted_buffer.length = sizeof(printed_unformatted);
        7:  731:    unformatted_buffer.offset = 0;
        7:  732:    unformatted_buffer.noalloc = true;
        7:  733:    unformatted_buffer.hooks = global_hooks;
        -:  734:
        7:  735:    memset(item, 0, sizeof(item));
        7:  736:    parse_object(item, &parsebuffer);
        7:  736-block  0
        -:  737://    TEST_ASSERT_TRUE_MESSAGE(parse_object(item, &parsebuffer), "Failed to parse object.");
        -:  738:
        7:  739:    unformatted_buffer.format = false;
        7:  740:    print_object(item, &unformatted_buffer);
        7:  740-block  0
        -:  741://    TEST_ASSERT_TRUE_MESSAGE(print_object(item, &unformatted_buffer), "Failed to print unformatted string.");
        -:  742://    TEST_ASSERT_EQUAL_STRING_MESSAGE(input, printed_unformatted, "Unformatted object is not correct.");
        -:  743:
        7:  744:    formatted_buffer.format = true;
        7:  745:    print_object(item, &formatted_buffer);
        7:  745-block  0
        -:  746://    TEST_ASSERT_TRUE_MESSAGE(print_object(item, &formatted_buffer), "Failed to print formatted string.");
        -:  747://    TEST_ASSERT_EQUAL_STRING_MESSAGE(expected, printed_formatted, "Formatted ojbect is not correct.");
        -:  748:
        7:  749:    reset(item);
        7:  749-block  0
        7:  750:}
        7:  750-block  0
        -:  751:
        2:  752:TEST_F(CjsonFixture, print_object)
        -:  753://static void print_object_should_print_objects_with_multiple_elements(void)
        -:  754:{
        1:  755:    assert_print_object("{\n}", "{}");
        1:  756:    assert_print_object("{\n\t\"one\":\t1\n}", "{\"one\":1}");
        1:  757:    assert_print_object("{\n\t\"hello\":\t\"world!\"\n}", "{\"hello\":\"world!\"}");
        1:  758:    assert_print_object("{\n\t\"array\":\t[]\n}", "{\"array\":[]}");
        1:  759:    assert_print_object("{\n\t\"null\":\tnull\n}", "{\"null\":null}");
        1:  760:    assert_print_object("{\n\t\"one\":\t1,\n\t\"two\":\t2,\n\t\"three\":\t3\n}", "{\"one\":1,\"two\":2,\"three\":3}");
        1:  761:    assert_print_object("{\n\t\"one\":\t1,\n\t\"NULL\":\tnull,\n\t\"TRUE\":\ttrue,\n\t\"FALSE\":\tfalse,\n\t\"array\":\t[],\n\t\"world\":\t\"hello\",\n\t\"object\":\t{\n\t}\n}", "{\"one\":1,\"NULL\":null,\"TRUE\":true,\"FALSE\":false,\"array\":[],\"world\":\"hello\",\"object\":{}}");
        -:  762:
        1:  763:}
------------------
_ZN30CjsonFixture_print_object_Test8TestBodyEv:
        1:  752:TEST_F(CjsonFixture, print_object)
        -:  753://static void print_object_should_print_objects_with_multiple_elements(void)
        -:  754:{
        1:  755:    assert_print_object("{\n}", "{}");
        1:  755-block  0
        1:  756:    assert_print_object("{\n\t\"one\":\t1\n}", "{\"one\":1}");
        1:  757:    assert_print_object("{\n\t\"hello\":\t\"world!\"\n}", "{\"hello\":\"world!\"}");
        1:  758:    assert_print_object("{\n\t\"array\":\t[]\n}", "{\"array\":[]}");
        1:  759:    assert_print_object("{\n\t\"null\":\tnull\n}", "{\"null\":null}");
        1:  760:    assert_print_object("{\n\t\"one\":\t1,\n\t\"two\":\t2,\n\t\"three\":\t3\n}", "{\"one\":1,\"two\":2,\"three\":3}");
        1:  761:    assert_print_object("{\n\t\"one\":\t1,\n\t\"NULL\":\tnull,\n\t\"TRUE\":\ttrue,\n\t\"FALSE\":\tfalse,\n\t\"array\":\t[],\n\t\"world\":\t\"hello\",\n\t\"object\":\t{\n\t}\n}", "{\"one\":1,\"NULL\":null,\"TRUE\":true,\"FALSE\":false,\"array\":[],\"world\":\"hello\",\"object\":{}}");
        -:  762:
        1:  763:}
------------------
_ZN30CjsonFixture_print_object_TestC1Ev:
        1:  752:TEST_F(CjsonFixture, print_object)
        1:  752-block  0
------------------
        -:  764:
        -:  765:
        2:  766:TEST_F(CjsonFixture, assert_cJSON_GetArraySize)
        -:  767:{
        1:  768:    cJSON_GetArraySize(NULL);
        1:  769:}
------------------
_ZN43CjsonFixture_assert_cJSON_GetArraySize_Test8TestBodyEv:
        1:  766:TEST_F(CjsonFixture, assert_cJSON_GetArraySize)
        -:  767:{
        1:  768:    cJSON_GetArraySize(NULL);
        1:  768-block  0
        1:  769:}
------------------
_ZN43CjsonFixture_assert_cJSON_GetArraySize_TestC1Ev:
        1:  766:TEST_F(CjsonFixture, assert_cJSON_GetArraySize)
        1:  766-block  0
------------------
        -:  770:
        -:  771:
        2:  772:TEST_F(CjsonFixture, assert_cJSON_GetArrayItem)
        -:  773:{
        1:  774:    cJSON_GetArrayItem(NULL, 0);
        1:  775:}
------------------
_ZN43CjsonFixture_assert_cJSON_GetArrayItem_Test8TestBodyEv:
        1:  772:TEST_F(CjsonFixture, assert_cJSON_GetArrayItem)
        -:  773:{
        1:  774:    cJSON_GetArrayItem(NULL, 0);
        1:  774-block  0
        1:  775:}
------------------
_ZN43CjsonFixture_assert_cJSON_GetArrayItem_TestC1Ev:
        1:  772:TEST_F(CjsonFixture, assert_cJSON_GetArrayItem)
        1:  772-block  0
------------------
        -:  776:
        -:  777:
        2:  778:TEST_F(CjsonFixture, assert_cJSON_GetObjectItem)
        -:  779:{
        1:  780:    cJSON_GetObjectItem(NULL, "test");
        1:  781:}
------------------
_ZN44CjsonFixture_assert_cJSON_GetObjectItem_Test8TestBodyEv:
        1:  778:TEST_F(CjsonFixture, assert_cJSON_GetObjectItem)
        -:  779:{
        1:  780:    cJSON_GetObjectItem(NULL, "test");
        1:  780-block  0
        1:  781:}
------------------
_ZN44CjsonFixture_assert_cJSON_GetObjectItem_TestC1Ev:
        1:  778:TEST_F(CjsonFixture, assert_cJSON_GetObjectItem)
        1:  778-block  0
------------------
        -:  782:
        2:  783:TEST_F(CjsonFixture, assert_cJSON_GetObjectItemCaseSensitive)
        -:  784:{
        1:  785:    cJSON_GetObjectItemCaseSensitive(NULL, "test");
        1:  786:}
------------------
_ZN57CjsonFixture_assert_cJSON_GetObjectItemCaseSensitive_Test8TestBodyEv:
        1:  783:TEST_F(CjsonFixture, assert_cJSON_GetObjectItemCaseSensitive)
        -:  784:{
        1:  785:    cJSON_GetObjectItemCaseSensitive(NULL, "test");
        1:  785-block  0
        1:  786:}
------------------
_ZN57CjsonFixture_assert_cJSON_GetObjectItemCaseSensitive_TestC1Ev:
        1:  783:TEST_F(CjsonFixture, assert_cJSON_GetObjectItemCaseSensitive)
        1:  783-block  0
------------------
        -:  787:
        2:  788:TEST_F(CjsonFixture, assert_cJSON_HasObjectItem)
        -:  789:{
        1:  790:    cJSON_HasObjectItem(NULL, "test");
        1:  791:}
------------------
_ZN44CjsonFixture_assert_cJSON_HasObjectItem_Test8TestBodyEv:
        1:  788:TEST_F(CjsonFixture, assert_cJSON_HasObjectItem)
        -:  789:{
        1:  790:    cJSON_HasObjectItem(NULL, "test");
        1:  790-block  0
        1:  791:}
------------------
_ZN44CjsonFixture_assert_cJSON_HasObjectItem_TestC1Ev:
        1:  788:TEST_F(CjsonFixture, assert_cJSON_HasObjectItem)
        1:  788-block  0
------------------
        -:  792:
        2:  793:TEST_F(CjsonFixture, assert_cJSON_AddItemToArray)
        -:  794:{
        1:  795:    cJSON_AddItemToArray(NULL, NULL);
        -:  796:
        -:  797:    cJSON replacements[3];
        1:  798:    cJSON *beginning = NULL;
        1:  799:    cJSON *middle = NULL;
        1:  800:    cJSON *end = NULL;
        1:  801:    cJSON *array = NULL;
        -:  802:
        1:  803:    beginning = cJSON_CreateNull();
        1:  804:    middle = cJSON_CreateNull();
        1:  805:    end = cJSON_CreateNull();
        -:  806:
        1:  807:    array = cJSON_CreateArray();
        -:  808:
        1:  809:    cJSON_AddItemToArray(array, beginning);
        1:  810:    cJSON_AddItemToArray(array, middle);
        1:  811:    cJSON_AddItemToArray(array, end);
        1:  812:}
------------------
_ZN45CjsonFixture_assert_cJSON_AddItemToArray_Test8TestBodyEv:
        1:  793:TEST_F(CjsonFixture, assert_cJSON_AddItemToArray)
        -:  794:{
        1:  795:    cJSON_AddItemToArray(NULL, NULL);
        1:  795-block  0
        -:  796:
        -:  797:    cJSON replacements[3];
        1:  798:    cJSON *beginning = NULL;
        1:  799:    cJSON *middle = NULL;
        1:  800:    cJSON *end = NULL;
        1:  801:    cJSON *array = NULL;
        -:  802:
        1:  803:    beginning = cJSON_CreateNull();
        1:  804:    middle = cJSON_CreateNull();
        1:  804-block  0
        1:  805:    end = cJSON_CreateNull();
        1:  805-block  0
        -:  806:
        1:  807:    array = cJSON_CreateArray();
        1:  807-block  0
        -:  808:
        1:  809:    cJSON_AddItemToArray(array, beginning);
        1:  809-block  0
        1:  810:    cJSON_AddItemToArray(array, middle);
        1:  811:    cJSON_AddItemToArray(array, end);
        1:  812:}
------------------
_ZN45CjsonFixture_assert_cJSON_AddItemToArray_TestC1Ev:
        1:  793:TEST_F(CjsonFixture, assert_cJSON_AddItemToArray)
        1:  793-block  0
------------------
        -:  813:
        2:  814:TEST_F(CjsonFixture, assert_cast_away_const)
        -:  815:{
        1:  816:    cast_away_const(NULL);
        1:  817:}
------------------
_ZN40CjsonFixture_assert_cast_away_const_Test8TestBodyEv:
        1:  814:TEST_F(CjsonFixture, assert_cast_away_const)
        -:  815:{
        1:  816:    cast_away_const(NULL);
        1:  816-block  0
        1:  817:}
------------------
_ZN40CjsonFixture_assert_cast_away_const_TestC1Ev:
        1:  814:TEST_F(CjsonFixture, assert_cast_away_const)
        1:  814-block  0
------------------
        -:  818:
        2:  819:TEST_F(CjsonFixture, assert_cJSON_AddItemToObject)
        -:  820:{
        1:  821:    cJSON *root = NULL;
        1:  822:    cJSON *fmt = NULL;
        1:  823:    cJSON *img = NULL;
        1:  824:    cJSON *thm = NULL;
        1:  825:    cJSON *fld = NULL;
        1:  826:    int i = 0;
        -:  827:
        -:  828:    /* Our "days of the week" array: */
        1:  829:    const char *strings[7] =
        -:  830:            {
        -:  831:                    "Sunday",
        -:  832:                    "Monday",
        -:  833:                    "Tuesday",
        -:  834:                    "Wednesday",
        -:  835:                    "Thursday",
        -:  836:                    "Friday",
        -:  837:                    "Saturday"
        -:  838:            };
        -:  839:    /* Our matrix: */
        1:  840:    int numbers[3][3] =
        -:  841:            {
        -:  842:                    {0, -1, 0},
        -:  843:                    {1, 0, 0},
        -:  844:                    {0 ,0, 1}
        -:  845:            };
        -:  846:    /* Our "gallery" item: */
        1:  847:    int ids[4] = { 116, 943, 234, 38793 };
        -:  848:    /* Our array of "records": */
        -:  849:
        1:  850:    root = cJSON_CreateObject();
        1:  851:    cJSON_AddItemToObject(root, "name", cJSON_CreateString("Jack (\"Bee\") Nimble"));
        1:  852:    cJSON_AddItemToObject(root, "format", fmt = cJSON_CreateObject());
        -:  853:
        1:  854:    cJSON *monitor = cJSON_CreateObject();
        1:  855:    cJSON *name = NULL;
        1:  856:    cJSON *resolutions = NULL;
        1:  857:    cJSON *resolution = NULL;
        1:  858:    resolutions = cJSON_CreateArray();
        -:  859:
        1:  860:    cJSON_AddItemToObject(monitor, "name", name);
        1:  861:    cJSON_AddItemToObject(monitor, "name", name);
        1:  862:    cJSON_AddItemToObject(monitor, "resolutions", resolutions);
        -:  863:
        1:  864:    cJSON *width = NULL;
        1:  865:    cJSON *height = NULL;
        1:  866:    const unsigned int resolution_numbers[3][2] = {
        -:  867:            {1280, 720},
        -:  868:            {1920, 1080},
        -:  869:            {3840, 2160}
        -:  870:    };
        1:  871:    size_t index = 0;
        1:  872:    width = cJSON_CreateNumber(resolution_numbers[index][0]);
        1:  873:    cJSON_AddItemToObject(resolution, "width", width);
        -:  874:
        1:  875:    height = cJSON_CreateNumber(resolution_numbers[index][1]);
        1:  876:    cJSON_AddItemToObject(resolution, "height", height);
        -:  877:
        1:  878:}
------------------
_ZN46CjsonFixture_assert_cJSON_AddItemToObject_Test8TestBodyEv:
        1:  819:TEST_F(CjsonFixture, assert_cJSON_AddItemToObject)
        -:  820:{
        1:  821:    cJSON *root = NULL;
        1:  822:    cJSON *fmt = NULL;
        1:  823:    cJSON *img = NULL;
        1:  824:    cJSON *thm = NULL;
        1:  825:    cJSON *fld = NULL;
        1:  826:    int i = 0;
        -:  827:
        -:  828:    /* Our "days of the week" array: */
        1:  829:    const char *strings[7] =
        -:  830:            {
        -:  831:                    "Sunday",
        -:  832:                    "Monday",
        -:  833:                    "Tuesday",
        -:  834:                    "Wednesday",
        -:  835:                    "Thursday",
        -:  836:                    "Friday",
        -:  837:                    "Saturday"
        -:  838:            };
        -:  839:    /* Our matrix: */
        1:  840:    int numbers[3][3] =
        -:  841:            {
        -:  842:                    {0, -1, 0},
        -:  843:                    {1, 0, 0},
        -:  844:                    {0 ,0, 1}
        -:  845:            };
        -:  846:    /* Our "gallery" item: */
        1:  847:    int ids[4] = { 116, 943, 234, 38793 };
        -:  848:    /* Our array of "records": */
        -:  849:
        1:  850:    root = cJSON_CreateObject();
        1:  850-block  0
        1:  851:    cJSON_AddItemToObject(root, "name", cJSON_CreateString("Jack (\"Bee\") Nimble"));
        1:  851-block  0
        1:  851-block  1
        1:  852:    cJSON_AddItemToObject(root, "format", fmt = cJSON_CreateObject());
        1:  852-block  0
        1:  852-block  1
        -:  853:
        1:  854:    cJSON *monitor = cJSON_CreateObject();
        1:  854-block  0
        1:  855:    cJSON *name = NULL;
        1:  856:    cJSON *resolutions = NULL;
        1:  857:    cJSON *resolution = NULL;
        1:  858:    resolutions = cJSON_CreateArray();
        1:  858-block  0
        -:  859:
        1:  860:    cJSON_AddItemToObject(monitor, "name", name);
        1:  860-block  0
        1:  861:    cJSON_AddItemToObject(monitor, "name", name);
        1:  861-block  0
        1:  862:    cJSON_AddItemToObject(monitor, "resolutions", resolutions);
        1:  862-block  0
        -:  863:
        1:  864:    cJSON *width = NULL;
        1:  865:    cJSON *height = NULL;
        1:  866:    const unsigned int resolution_numbers[3][2] = {
        -:  867:            {1280, 720},
        -:  868:            {1920, 1080},
        -:  869:            {3840, 2160}
        -:  870:    };
        1:  871:    size_t index = 0;
        1:  872:    width = cJSON_CreateNumber(resolution_numbers[index][0]);
        1:  872-block  0
        1:  873:    cJSON_AddItemToObject(resolution, "width", width);
        1:  873-block  0
        -:  874:
        1:  875:    height = cJSON_CreateNumber(resolution_numbers[index][1]);
        1:  875-block  0
        1:  876:    cJSON_AddItemToObject(resolution, "height", height);
        1:  876-block  0
        -:  877:
        1:  878:}
        1:  878-block  0
------------------
_ZN46CjsonFixture_assert_cJSON_AddItemToObject_TestC1Ev:
        1:  819:TEST_F(CjsonFixture, assert_cJSON_AddItemToObject)
        1:  819-block  0
------------------
        -:  879:
        2:  880:TEST_F(CjsonFixture, assert_cJSON_AddItemToObjectCS)
        -:  881:{
        1:  882:    cJSON *item = cJSON_CreateString("item");
        1:  883:    cJSON_AddItemToObjectCS(item, "item", NULL);
        1:  884:    cJSON_AddItemToObjectCS(item, NULL, item);
        1:  885:    cJSON_AddItemToObjectCS(NULL, "item", item);
        1:  886:}
------------------
_ZN48CjsonFixture_assert_cJSON_AddItemToObjectCS_Test8TestBodyEv:
        1:  880:TEST_F(CjsonFixture, assert_cJSON_AddItemToObjectCS)
        -:  881:{
        1:  882:    cJSON *item = cJSON_CreateString("item");
        1:  882-block  0
        1:  883:    cJSON_AddItemToObjectCS(item, "item", NULL);
        1:  884:    cJSON_AddItemToObjectCS(item, NULL, item);
        1:  885:    cJSON_AddItemToObjectCS(NULL, "item", item);
        1:  886:}
------------------
_ZN48CjsonFixture_assert_cJSON_AddItemToObjectCS_TestC1Ev:
        1:  880:TEST_F(CjsonFixture, assert_cJSON_AddItemToObjectCS)
        1:  880-block  0
------------------
        -:  887:
        2:  888:TEST_F(CjsonFixture, assert_cJSON_AddItemReferenceToArray)
        -:  889:{
        1:  890:    cJSON *item = cJSON_CreateString("item");
        -:  891:
        1:  892:    cJSON_AddItemReferenceToArray(NULL, item);
        1:  893:    cJSON_AddItemReferenceToArray(item, NULL);
        1:  894:}
------------------
_ZN54CjsonFixture_assert_cJSON_AddItemReferenceToArray_Test8TestBodyEv:
        1:  888:TEST_F(CjsonFixture, assert_cJSON_AddItemReferenceToArray)
        -:  889:{
        1:  890:    cJSON *item = cJSON_CreateString("item");
        1:  890-block  0
        -:  891:
        1:  892:    cJSON_AddItemReferenceToArray(NULL, item);
        1:  893:    cJSON_AddItemReferenceToArray(item, NULL);
        1:  894:}
------------------
_ZN54CjsonFixture_assert_cJSON_AddItemReferenceToArray_TestC1Ev:
        1:  888:TEST_F(CjsonFixture, assert_cJSON_AddItemReferenceToArray)
        1:  888-block  0
------------------
        -:  895:
        2:  896:TEST_F(CjsonFixture, assert_cJSON_AddItemReferenceToObject)
        -:  897:{
        1:  898:    cJSON *item = cJSON_CreateString("item");
        -:  899:
        1:  900:    cJSON_AddItemReferenceToObject(item, "item", NULL);
        1:  901:    cJSON_AddItemReferenceToObject(item, NULL, item);
        1:  902:    cJSON_AddItemReferenceToObject(NULL, "item", item);
        1:  903:}
------------------
_ZN55CjsonFixture_assert_cJSON_AddItemReferenceToObject_Test8TestBodyEv:
        1:  896:TEST_F(CjsonFixture, assert_cJSON_AddItemReferenceToObject)
        -:  897:{
        1:  898:    cJSON *item = cJSON_CreateString("item");
        1:  898-block  0
        -:  899:
        1:  900:    cJSON_AddItemReferenceToObject(item, "item", NULL);
[...]
        -: 1312://    TEST_ASSERT_FALSE(cJSON_IsString(invalid));
        -: 1313://    TEST_ASSERT_TRUE(cJSON_IsString(item));
        -: 1314:
        1: 1315:    item->type = cJSON_String;
        -: 1316:    cJSON invalid[1];
        1: 1317:    cJSON_IsString(NULL);
        1: 1317-block  0
        1: 1318:    cJSON_IsString(invalid);
        1: 1319:    cJSON_IsString(item);
        1: 1320:}
------------------
_ZN39CjsonFixture_assert_cJSON_IsString_TestC1Ev:
        1: 1309:TEST_F(CjsonFixture, assert_cJSON_IsString)
        1: 1309-block  0
------------------
        -: 1321:
        2: 1322:TEST_F(CjsonFixture, assert_cJSON_IsArray)
        -: 1323:{
        -: 1324://    TEST_ASSERT_FALSE(cJSON_IsArray(NULL));
        -: 1325://    TEST_ASSERT_FALSE(cJSON_IsArray(invalid));
        -: 1326://    TEST_ASSERT_TRUE(cJSON_IsArray(item));
        -: 1327:
        1: 1328:    item->type = cJSON_Array;
        -: 1329:    cJSON invalid[1];
        1: 1330:    cJSON_IsArray(NULL);
        1: 1331:    cJSON_IsArray(invalid);
        1: 1332:    cJSON_IsArray(item);
        1: 1333:}
------------------
_ZN38CjsonFixture_assert_cJSON_IsArray_Test8TestBodyEv:
        1: 1322:TEST_F(CjsonFixture, assert_cJSON_IsArray)
        -: 1323:{
        -: 1324://    TEST_ASSERT_FALSE(cJSON_IsArray(NULL));
        -: 1325://    TEST_ASSERT_FALSE(cJSON_IsArray(invalid));
        -: 1326://    TEST_ASSERT_TRUE(cJSON_IsArray(item));
        -: 1327:
        1: 1328:    item->type = cJSON_Array;
        -: 1329:    cJSON invalid[1];
        1: 1330:    cJSON_IsArray(NULL);
        1: 1330-block  0
        1: 1331:    cJSON_IsArray(invalid);
        1: 1332:    cJSON_IsArray(item);
        1: 1333:}
------------------
_ZN38CjsonFixture_assert_cJSON_IsArray_TestC1Ev:
        1: 1322:TEST_F(CjsonFixture, assert_cJSON_IsArray)
        1: 1322-block  0
------------------
        -: 1334:
        2: 1335:TEST_F(CjsonFixture, assert_cJSON_IsObject)
        -: 1336:{
        -: 1337://    TEST_ASSERT_FALSE(cJSON_IsObject(NULL));
        -: 1338://    TEST_ASSERT_FALSE(cJSON_IsObject(invalid));
        -: 1339://    TEST_ASSERT_TRUE(cJSON_IsObject(item));
        -: 1340:
        1: 1341:    item->type = cJSON_Object;
        -: 1342:    cJSON invalid[1];
        1: 1343:    cJSON_IsObject(NULL);
        1: 1344:    cJSON_IsObject(invalid);
        1: 1345:    cJSON_IsObject(item);
        1: 1346:}
------------------
_ZN39CjsonFixture_assert_cJSON_IsObject_Test8TestBodyEv:
        1: 1335:TEST_F(CjsonFixture, assert_cJSON_IsObject)
        -: 1336:{
        -: 1337://    TEST_ASSERT_FALSE(cJSON_IsObject(NULL));
        -: 1338://    TEST_ASSERT_FALSE(cJSON_IsObject(invalid));
        -: 1339://    TEST_ASSERT_TRUE(cJSON_IsObject(item));
        -: 1340:
        1: 1341:    item->type = cJSON_Object;
        -: 1342:    cJSON invalid[1];
        1: 1343:    cJSON_IsObject(NULL);
        1: 1343-block  0
        1: 1344:    cJSON_IsObject(invalid);
        1: 1345:    cJSON_IsObject(item);
        1: 1346:}
------------------
_ZN39CjsonFixture_assert_cJSON_IsObject_TestC1Ev:
        1: 1335:TEST_F(CjsonFixture, assert_cJSON_IsObject)
        1: 1335-block  0
------------------
        -: 1347:
        2: 1348:TEST_F(CjsonFixture, assert_cJSON_IsRaw)
        -: 1349:{
        -: 1350://    TEST_ASSERT_FALSE(cJSON_cJSON_IsRaw(NULL));
        -: 1351://    TEST_ASSERT_FALSE(cJSON_cJSON_IsRaw(invalid));
        -: 1352://    TEST_ASSERT_TRUE(cJSON_cJSON_IsRaw(item));
        -: 1353:
        1: 1354:    item->type = cJSON_Object;
        -: 1355:    cJSON invalid[1];
        1: 1356:    cJSON_IsRaw(NULL);
        1: 1357:    cJSON_IsRaw(invalid);
        1: 1358:    cJSON_IsRaw(item);
        1: 1359:}
------------------
_ZN36CjsonFixture_assert_cJSON_IsRaw_Test8TestBodyEv:
        1: 1348:TEST_F(CjsonFixture, assert_cJSON_IsRaw)
        -: 1349:{
        -: 1350://    TEST_ASSERT_FALSE(cJSON_cJSON_IsRaw(NULL));
        -: 1351://    TEST_ASSERT_FALSE(cJSON_cJSON_IsRaw(invalid));
        -: 1352://    TEST_ASSERT_TRUE(cJSON_cJSON_IsRaw(item));
        -: 1353:
        1: 1354:    item->type = cJSON_Object;
        -: 1355:    cJSON invalid[1];
        1: 1356:    cJSON_IsRaw(NULL);
        1: 1356-block  0
        1: 1357:    cJSON_IsRaw(invalid);
        1: 1358:    cJSON_IsRaw(item);
        1: 1359:}
------------------
_ZN36CjsonFixture_assert_cJSON_IsRaw_TestC1Ev:
        1: 1348:TEST_F(CjsonFixture, assert_cJSON_IsRaw)
        1: 1348-block  0
------------------
        -: 1360:
       18: 1361:static cJSON_bool compare_from_string(const char * const a, const char * const b, const cJSON_bool case_sensitive)
        -: 1362:{
       18: 1363:    cJSON *a_json = NULL;
       18: 1364:    cJSON *b_json = NULL;
       18: 1365:    cJSON_bool result = false;
        -: 1366:
       18: 1367:    a_json = cJSON_Parse(a);
       18: 1367-block  0
        -: 1368://    TEST_ASSERT_NOT_NULL_MESSAGE(a_json, "Failed to parse a.");
       18: 1369:    b_json = cJSON_Parse(b);
        -: 1370://    TEST_ASSERT_NOT_NULL_MESSAGE(b_json, "Failed to parse b.");
        -: 1371:
       18: 1372:    result = cJSON_Compare(a_json, b_json, case_sensitive);
        -: 1373:
       18: 1374:    cJSON_Delete(a_json);
       18: 1375:    cJSON_Delete(b_json);
        -: 1376:
       18: 1377:    return result;
        -: 1378:}
        -: 1379:
        2: 1380:TEST_F(CjsonFixture, cJSON_Compare)
        -: 1381:{
        1: 1382:    cJSON_Compare(NULL, NULL, true);
        1: 1383:    cJSON_Compare(NULL, NULL, false);
        -: 1384:    cJSON invalid[1];
        1: 1385:    memset(invalid, '\0', sizeof(invalid));
        -: 1386:
        1: 1387:    cJSON_Compare(invalid, invalid, false);
        1: 1388:    cJSON_Compare(invalid, invalid, true);
        -: 1389://    TEST_ASSERT_FALSE(cJSON_Compare(invalid, invalid, false));
        -: 1390://    TEST_ASSERT_FALSE(cJSON_Compare(invalid, invalid, true));
        -: 1391:
        1: 1392:    compare_from_string("1", "1", true);
        1: 1393:    compare_from_string("1", "1", false);
        1: 1394:    compare_from_string("0.0001", "0.0001", true);
        1: 1395:    compare_from_string("0.0001", "0.0001", false);
        1: 1396:    compare_from_string("1", "2", true);
        1: 1397:    compare_from_string("1", "2", false);
        1: 1398:    compare_from_string("true", "true", true);
        1: 1399:    compare_from_string("true", "true", false);
        1: 1400:    compare_from_string("false", "false", true);
        1: 1401:    compare_from_string("false", "false", false);
        -: 1402://
        1: 1403:    compare_from_string("true", "true", true);
        1: 1404:    compare_from_string("true", "true", false);
        1: 1405:    compare_from_string("false", "false", true);
        1: 1406:    compare_from_string("false", "false", false);
        -: 1407:
        1: 1408:    compare_from_string("null", "null", true);
        1: 1409:    compare_from_string("null", "null", false);
        -: 1410:
        1: 1411:    compare_from_string("null", "true", true);
        1: 1412:    compare_from_string("null", "true", false);
        -: 1413://
        1: 1414:    reset(invalid);
        1: 1415:    memset(invalid, '\0', sizeof(invalid));
        -: 1416:
        1: 1417:    invalid->type = cJSON_Number | cJSON_String;
        -: 1418:
        1: 1419:    cJSON_Compare(invalid, invalid, true);
        1: 1420:    cJSON_Compare(invalid, invalid, false);
        -: 1421://
        -: 1422://    compare_from_string("\"abcdefg\"", "\"abcdefg\"", true);
        -: 1423://    compare_from_string("\"abcdefg\"", "\"abcdefg\"", false);
        -: 1424://
        -: 1425://    compare_from_string("\"ABCDEFG\"", "\"abcdefg\"", true);
        -: 1426://    compare_from_string("\"ABCDEFG\"", "\"abcdefg\"", false);
        -: 1427://
        -: 1428://    cJSON *raw1 = NULL;
        -: 1429://    cJSON *raw2 = NULL;
        -: 1430://
        -: 1431://    raw1 = cJSON_Parse("\"[true, false]\"");
        -: 1432:////    TEST_ASSERT_NOT_NULL(raw1);
        -: 1433://    raw2 = cJSON_Parse("\"[true, false]\"");
        -: 1434:////    TEST_ASSERT_NOT_NULL(raw2);
        -: 1435://
        -: 1436://    raw1->type = cJSON_Raw;
        -: 1437://    raw2->type = cJSON_Raw;
        -: 1438://
        -: 1439://    cJSON_Compare(raw1, raw2, true);
        -: 1440://    cJSON_Compare(raw1, raw2, false);
        -: 1441://
        -: 1442://    cJSON_Delete(raw1);
        -: 1443://    cJSON_Delete(raw2);
        -: 1444://
        -: 1445://    compare_from_string("[]", "[]", true);
        -: 1446://    compare_from_string("[]", "[]", false);
        -: 1447://    compare_from_string("[false,true,null,42,\"string\",[],{}]", "[false, true, null, 42, \"string\", [], {}]", true);
        -: 1448://    compare_from_string("[false,true,null,42,\"string\",[],{}]", "[false, true, null, 42, \"string\", [], {}]", false);
        -: 1449://    compare_from_string("[[[1], 2]]", "[[[1], 2]]", true);
        -: 1450://    compare_from_string("[[[1], 2]]", "[[[1], 2]]", false);
        -: 1451:
        -: 1452://    ASSERT_FALSE(compare_from_string("[true,null,42,\"string\",[],{}]", "[false, true, null, 42, \"string\", [], {}]", true));
        -: 1453://    ASSERT_FALSE(compare_from_string("[true,null,42,\"string\",[],{}]", "[false, true, null, 42, \"string\", [], {}]", false));
        -: 1454://
        -: 1455://    ASSERT_FALSE(compare_from_string("[1,2,3]", "[1,2]", true));
        -: 1456://    ASSERT_FALSE(compare_from_string("[1,2,3]", "[1,2]", false));
        -: 1457://
        -: 1458://    ASSERT_TRUE(compare_from_string("{}", "{}", true));
        -: 1459://    ASSERT_TRUE(compare_from_string("{}", "{}", false));
        -: 1460://    ASSERT_TRUE(compare_from_string(
        -: 1461://            "{\"false\": false, \"true\": true, \"null\": null, \"number\": 42, \"string\": \"string\", \"array\": [], \"object\": {}}",
        -: 1462://            "{\"true\": true, \"false\": false, \"null\": null, \"number\": 42, \"string\": \"string\", \"array\": [], \"object\": {}}",
        -: 1463://            true));
        -: 1464://    ASSERT_FALSE(compare_from_string(
        -: 1465://            "{\"False\": false, \"true\": true, \"null\": null, \"number\": 42, \"string\": \"string\", \"array\": [], \"object\": {}}",
        -: 1466://            "{\"true\": true, \"false\": false, \"null\": null, \"number\": 42, \"string\": \"string\", \"array\": [], \"object\": {}}",
        -: 1467://            true));
        -: 1468://    ASSERT_TRUE(compare_from_string(
        -: 1469://            "{\"False\": false, \"true\": true, \"null\": null, \"number\": 42, \"string\": \"string\", \"array\": [], \"object\": {}}",
        -: 1470://            "{\"true\": true, \"false\": false, \"null\": null, \"number\": 42, \"string\": \"string\", \"array\": [], \"object\": {}}",
        -: 1471://            false));
        -: 1472://    ASSERT_FALSE(compare_from_string(
        -: 1473://            "{\"Flse\": false, \"true\": true, \"null\": null, \"number\": 42, \"string\": \"string\", \"array\": [], \"object\": {}}",
        -: 1474://            "{\"true\": true, \"false\": false, \"null\": null, \"number\": 42, \"string\": \"string\", \"array\": [], \"object\": {}}",
        -: 1475://            false));
        -: 1476://    ASSERT_FALSE(compare_from_string(
        -: 1477://            "{\"one\": 1, \"two\": 2}",
        -: 1478://            "{\"one\": 1, \"two\": 2, \"three\": 3}",
        -: 1479://            true));
        -: 1480://    ASSERT_FALSE(compare_from_string(
        -: 1481://            "{\"one\": 1, \"two\": 2}",
        -: 1482://            "{\"one\": 1, \"two\": 2, \"three\": 3}",
        -: 1483://            false));
        1: 1484:}
------------------
_ZN31CjsonFixture_cJSON_Compare_Test8TestBodyEv:
        1: 1380:TEST_F(CjsonFixture, cJSON_Compare)
        -: 1381:{
        1: 1382:    cJSON_Compare(NULL, NULL, true);
        1: 1382-block  0
        1: 1383:    cJSON_Compare(NULL, NULL, false);
        1: 1383-block  0
        -: 1384:    cJSON invalid[1];
        1: 1385:    memset(invalid, '\0', sizeof(invalid));
        -: 1386:
        1: 1387:    cJSON_Compare(invalid, invalid, false);
        1: 1387-block  0
        1: 1388:    cJSON_Compare(invalid, invalid, true);
        1: 1388-block  0
        -: 1389://    TEST_ASSERT_FALSE(cJSON_Compare(invalid, invalid, false));
        -: 1390://    TEST_ASSERT_FALSE(cJSON_Compare(invalid, invalid, true));
        -: 1391:
        1: 1392:    compare_from_string("1", "1", true);
        1: 1392-block  0
        1: 1393:    compare_from_string("1", "1", false);
        1: 1393-block  0
        1: 1394:    compare_from_string("0.0001", "0.0001", true);
        1: 1394-block  0
        1: 1395:    compare_from_string("0.0001", "0.0001", false);
        1: 1395-block  0
        1: 1396:    compare_from_string("1", "2", true);
        1: 1396-block  0
        1: 1397:    compare_from_string("1", "2", false);
        1: 1397-block  0
        1: 1398:    compare_from_string("true", "true", true);
        1: 1398-block  0
        1: 1399:    compare_from_string("true", "true", false);
        1: 1399-block  0
        1: 1400:    compare_from_string("false", "false", true);
        1: 1400-block  0
        1: 1401:    compare_from_string("false", "false", false);
        1: 1401-block  0
        -: 1402://
        1: 1403:    compare_from_string("true", "true", true);
        1: 1403-block  0
        1: 1404:    compare_from_string("true", "true", false);
        1: 1404-block  0
        1: 1405:    compare_from_string("false", "false", true);
        1: 1405-block  0
        1: 1406:    compare_from_string("false", "false", false);
        1: 1406-block  0
        -: 1407:
        1: 1408:    compare_from_string("null", "null", true);
        1: 1408-block  0
        1: 1409:    compare_from_string("null", "null", false);
        1: 1409-block  0
        -: 1410:
        1: 1411:    compare_from_string("null", "true", true);
        1: 1411-block  0
        1: 1412:    compare_from_string("null", "true", false);
        1: 1412-block  0
        -: 1413://
        1: 1414:    reset(invalid);
        1: 1414-block  0
        1: 1415:    memset(invalid, '\0', sizeof(invalid));
        -: 1416:
        1: 1417:    invalid->type = cJSON_Number | cJSON_String;
        -: 1418:
        1: 1419:    cJSON_Compare(invalid, invalid, true);
        1: 1419-block  0
        1: 1420:    cJSON_Compare(invalid, invalid, false);
        1: 1420-block  0
        -: 1421://
        -: 1422://    compare_from_string("\"abcdefg\"", "\"abcdefg\"", true);
        -: 1423://    compare_from_string("\"abcdefg\"", "\"abcdefg\"", false);
        -: 1424://
        -: 1425://    compare_from_string("\"ABCDEFG\"", "\"abcdefg\"", true);
        -: 1426://    compare_from_string("\"ABCDEFG\"", "\"abcdefg\"", false);
        -: 1427://
        -: 1428://    cJSON *raw1 = NULL;
        -: 1429://    cJSON *raw2 = NULL;
        -: 1430://
        -: 1431://    raw1 = cJSON_Parse("\"[true, false]\"");
        -: 1432:////    TEST_ASSERT_NOT_NULL(raw1);
        -: 1433://    raw2 = cJSON_Parse("\"[true, false]\"");
        -: 1434:////    TEST_ASSERT_NOT_NULL(raw2);
        -: 1435://
        -: 1436://    raw1->type = cJSON_Raw;
        -: 1437://    raw2->type = cJSON_Raw;
        -: 1438://
        -: 1439://    cJSON_Compare(raw1, raw2, true);
        -: 1440://    cJSON_Compare(raw1, raw2, false);
        -: 1441://
        -: 1442://    cJSON_Delete(raw1);
        -: 1443://    cJSON_Delete(raw2);
        -: 1444://
        -: 1445://    compare_from_string("[]", "[]", true);
        -: 1446://    compare_from_string("[]", "[]", false);
        -: 1447://    compare_from_string("[false,true,null,42,\"string\",[],{}]", "[false, true, null, 42, \"string\", [], {}]", true);
        -: 1448://    compare_from_string("[false,true,null,42,\"string\",[],{}]", "[false, true, null, 42, \"string\", [], {}]", false);
        -: 1449://    compare_from_string("[[[1], 2]]", "[[[1], 2]]", true);
        -: 1450://    compare_from_string("[[[1], 2]]", "[[[1], 2]]", false);
        -: 1451:
        -: 1452://    ASSERT_FALSE(compare_from_string("[true,null,42,\"string\",[],{}]", "[false, true, null, 42, \"string\", [], {}]", true));
        -: 1453://    ASSERT_FALSE(compare_from_string("[true,null,42,\"string\",[],{}]", "[false, true, null, 42, \"string\", [], {}]", false));
        -: 1454://
        -: 1455://    ASSERT_FALSE(compare_from_string("[1,2,3]", "[1,2]", true));
        -: 1456://    ASSERT_FALSE(compare_from_string("[1,2,3]", "[1,2]", false));
        -: 1457://
        -: 1458://    ASSERT_TRUE(compare_from_string("{}", "{}", true));
        -: 1459://    ASSERT_TRUE(compare_from_string("{}", "{}", false));
        -: 1460://    ASSERT_TRUE(compare_from_string(
        -: 1461://            "{\"false\": false, \"true\": true, \"null\": null, \"number\": 42, \"string\": \"string\", \"array\": [], \"object\": {}}",
        -: 1462://            "{\"true\": true, \"false\": false, \"null\": null, \"number\": 42, \"string\": \"string\", \"array\": [], \"object\": {}}",
        -: 1463://            true));
        -: 1464://    ASSERT_FALSE(compare_from_string(
        -: 1465://            "{\"False\": false, \"true\": true, \"null\": null, \"number\": 42, \"string\": \"string\", \"array\": [], \"object\": {}}",
        -: 1466://            "{\"true\": true, \"false\": false, \"null\": null, \"number\": 42, \"string\": \"string\", \"array\": [], \"object\": {}}",
        -: 1467://            true));
        -: 1468://    ASSERT_TRUE(compare_from_string(
        -: 1469://            "{\"False\": false, \"true\": true, \"null\": null, \"number\": 42, \"string\": \"string\", \"array\": [], \"object\": {}}",
        -: 1470://            "{\"true\": true, \"false\": false, \"null\": null, \"number\": 42, \"string\": \"string\", \"array\": [], \"object\": {}}",
        -: 1471://            false));
        -: 1472://    ASSERT_FALSE(compare_from_string(
        -: 1473://            "{\"Flse\": false, \"true\": true, \"null\": null, \"number\": 42, \"string\": \"string\", \"array\": [], \"object\": {}}",
        -: 1474://            "{\"true\": true, \"false\": false, \"null\": null, \"number\": 42, \"string\": \"string\", \"array\": [], \"object\": {}}",
        -: 1475://            false));
        -: 1476://    ASSERT_FALSE(compare_from_string(
        -: 1477://            "{\"one\": 1, \"two\": 2}",
        -: 1478://            "{\"one\": 1, \"two\": 2, \"three\": 3}",
        -: 1479://            true));
        -: 1480://    ASSERT_FALSE(compare_from_string(
        -: 1481://            "{\"one\": 1, \"two\": 2}",
        -: 1482://            "{\"one\": 1, \"two\": 2, \"three\": 3}",
        -: 1483://            false));
        1: 1484:}
        1: 1484-block  0
------------------
_ZN31CjsonFixture_cJSON_Compare_TestC1Ev:
        1: 1380:TEST_F(CjsonFixture, cJSON_Compare)
        1: 1380-block  0
------------------
        -: 1485:
        2: 1486:TEST_F(CjsonFixture, assert_cJSON_free)
        -: 1487:{
        1: 1488:    cJSON *array = NULL;
        1: 1489:    array = cJSON_CreateArray();
        1: 1490:    cJSON_free(array);
        1: 1491:}
------------------
_ZN35CjsonFixture_assert_cJSON_free_Test8TestBodyEv:
        1: 1486:TEST_F(CjsonFixture, assert_cJSON_free)
        -: 1487:{
        1: 1488:    cJSON *array = NULL;
        1: 1489:    array = cJSON_CreateArray();
        1: 1489-block  0
        1: 1490:    cJSON_free(array);
        1: 1491:}
------------------
_ZN35CjsonFixture_assert_cJSON_free_TestC1Ev:
        1: 1486:TEST_F(CjsonFixture, assert_cJSON_free)
        1: 1486-block  0
------------------
