        -:    0:Source:D:/CLionProjects/Cjson_withTests/Google_tests/lib/googletest/src/gtest.cc
        -:    0:Graph:D:\CLionProjects\Cjson_withTests\cmake-build-debug\Google_tests\lib\googletest\CMakeFiles\gtest.dir\src\gtest-all.cc.gcno
        -:    0:Data:D:\CLionProjects\Cjson_withTests\cmake-build-debug\Google_tests\lib\googletest\CMakeFiles\gtest.dir\src\gtest-all.cc.gcda
        -:    0:Runs:1
        -:    0:Programs:1
        -:    1:// Copyright 2005, Google Inc.
        -:    2:// All rights reserved.
        -:    3://
        -:    4:// Redistribution and use in source and binary forms, with or without
        -:    5:// modification, are permitted provided that the following conditions are
        -:    6:// met:
        -:    7://
        -:    8://     * Redistributions of source code must retain the above copyright
        -:    9:// notice, this list of conditions and the following disclaimer.
        -:   10://     * Redistributions in binary form must reproduce the above
        -:   11:// copyright notice, this list of conditions and the following disclaimer
        -:   12:// in the documentation and/or other materials provided with the
        -:   13:// distribution.
        -:   14://     * Neither the name of Google Inc. nor the names of its
        -:   15:// contributors may be used to endorse or promote products derived from
        -:   16:// this software without specific prior written permission.
        -:   17://
        -:   18:// THIS SOFTWARE IS PROVIDED BY THE COPYRIGHT HOLDERS AND CONTRIBUTORS
        -:   19:// "AS IS" AND ANY EXPRESS OR IMPLIED WARRANTIES, INCLUDING, BUT NOT
        -:   20:// LIMITED TO, THE IMPLIED WARRANTIES OF MERCHANTABILITY AND FITNESS FOR
        -:   21:// A PARTICULAR PURPOSE ARE DISCLAIMED. IN NO EVENT SHALL THE COPYRIGHT
        -:   22:// OWNER OR CONTRIBUTORS BE LIABLE FOR ANY DIRECT, INDIRECT, INCIDENTAL,
        -:   23:// SPECIAL, EXEMPLARY, OR CONSEQUENTIAL DAMAGES (INCLUDING, BUT NOT
        -:   24:// LIMITED TO, PROCUREMENT OF SUBSTITUTE GOODS OR SERVICES; LOSS OF USE,
        -:   25:// DATA, OR PROFITS; OR BUSINESS INTERRUPTION) HOWEVER CAUSED AND ON ANY
        -:   26:// THEORY OF LIABILITY, WHETHER IN CONTRACT, STRICT LIABILITY, OR TORT
        -:   27:// (INCLUDING NEGLIGENCE OR OTHERWISE) ARISING IN ANY WAY OUT OF THE USE
        -:   28:// OF THIS SOFTWARE, EVEN IF ADVISED OF THE POSSIBILITY OF SUCH DAMAGE.
        -:   29:
        -:   30://
        -:   31:// The Google C++ Testing and Mocking Framework (Google Test)
        -:   32:
        -:   33:#include "gtest/gtest.h"
        -:   34:#include "gtest/internal/custom/gtest.h"
        -:   35:#include "gtest/gtest-spi.h"
        -:   36:
        -:   37:#include <ctype.h>
        -:   38:#include <math.h>
        -:   39:#include <stdarg.h>
        -:   40:#include <stdio.h>
        -:   41:#include <stdlib.h>
        -:   42:#include <time.h>
        -:   43:#include <wchar.h>
        -:   44:#include <wctype.h>
        -:   45:
        -:   46:#include <algorithm>
        -:   47:#include <iomanip>
        -:   48:#include <limits>
        -:   49:#include <list>
        -:   50:#include <map>
        -:   51:#include <ostream>  // NOLINT
        -:   52:#include <sstream>
        -:   53:#include <vector>
        -:   54:
        -:   55:#if GTEST_OS_LINUX
        -:   56:
        -:   57:# define GTEST_HAS_GETTIMEOFDAY_ 1
        -:   58:
        -:   59:# include <fcntl.h>  // NOLINT
        -:   60:# include <limits.h>  // NOLINT
        -:   61:# include <sched.h>  // NOLINT
        -:   62:// Declares vsnprintf().  This header is not available on Windows.
        -:   63:# include <strings.h>  // NOLINT
        -:   64:# include <sys/mman.h>  // NOLINT
        -:   65:# include <sys/time.h>  // NOLINT
        -:   66:# include <unistd.h>  // NOLINT
        -:   67:# include <string>
        -:   68:
        -:   69:#elif GTEST_OS_ZOS
        -:   70:# define GTEST_HAS_GETTIMEOFDAY_ 1
        -:   71:# include <sys/time.h>  // NOLINT
        -:   72:
        -:   73:// On z/OS we additionally need strings.h for strcasecmp.
        -:   74:# include <strings.h>  // NOLINT
        -:   75:
        -:   76:#elif GTEST_OS_WINDOWS_MOBILE  // We are on Windows CE.
        -:   77:
        -:   78:# include <windows.h>  // NOLINT
        -:   79:# undef min
        -:   80:
        -:   81:#elif GTEST_OS_WINDOWS  // We are on Windows proper.
        -:   82:
        -:   83:# include <windows.h>  // NOLINT
        -:   84:# undef min
        -:   85:
        -:   86:# include <crtdbg.h>  // NOLINT
        -:   87:# include <debugapi.h>  // NOLINT
        -:   88:# include <io.h>  // NOLINT
        -:   89:# include <sys/timeb.h>  // NOLINT
        -:   90:# include <sys/types.h>  // NOLINT
        -:   91:# include <sys/stat.h>  // NOLINT
        -:   92:
        -:   93:# if GTEST_OS_WINDOWS_MINGW
        -:   94:// MinGW has gettimeofday() but not _ftime64().
        -:   95:#  define GTEST_HAS_GETTIMEOFDAY_ 1
        -:   96:#  include <sys/time.h>  // NOLINT
        -:   97:# endif  // GTEST_OS_WINDOWS_MINGW
        -:   98:
        -:   99:#else
        -:  100:
        -:  101:// Assume other platforms have gettimeofday().
        -:  102:# define GTEST_HAS_GETTIMEOFDAY_ 1
        -:  103:
        -:  104:// cpplint thinks that the header is already included, so we want to
        -:  105:// silence it.
        -:  106:# include <sys/time.h>  // NOLINT
        -:  107:# include <unistd.h>  // NOLINT
        -:  108:
        -:  109:#endif  // GTEST_OS_LINUX
        -:  110:
        -:  111:#if GTEST_HAS_EXCEPTIONS
        -:  112:# include <stdexcept>
        -:  113:#endif
        -:  114:
        -:  115:#if GTEST_CAN_STREAM_RESULTS_
        -:  116:# include <arpa/inet.h>  // NOLINT
        -:  117:# include <netdb.h>  // NOLINT
        -:  118:# include <sys/socket.h>  // NOLINT
        -:  119:# include <sys/types.h>  // NOLINT
        -:  120:#endif
        -:  121:
        -:  122:#include "src/gtest-internal-inl.h"
        -:  123:
        -:  124:#if GTEST_OS_WINDOWS
        -:  125:# define vsnprintf _vsnprintf
        -:  126:#endif  // GTEST_OS_WINDOWS
        -:  127:
        -:  128:#if GTEST_OS_MAC
        -:  129:#ifndef GTEST_OS_IOS
        -:  130:#include <crt_externs.h>
        -:  131:#endif
        -:  132:#endif
        -:  133:
        -:  134:#if GTEST_HAS_ABSL
        -:  135:#include "absl/debugging/failure_signal_handler.h"
        -:  136:#include "absl/debugging/stacktrace.h"
        -:  137:#include "absl/debugging/symbolize.h"
        -:  138:#include "absl/strings/str_cat.h"
        -:  139:#endif  // GTEST_HAS_ABSL
        -:  140:
        -:  141:namespace testing {
        -:  142:
        -:  143:using internal::CountIf;
        -:  144:using internal::ForEach;
        -:  145:using internal::GetElementOr;
        -:  146:using internal::Shuffle;
        -:  147:
        -:  148:// Constants.
        -:  149:
        -:  150:// A test whose test suite name or test name matches this filter is
        -:  151:// disabled and not run.
        -:  152:static const char kDisableTestFilter[] = "DISABLED_*:*/DISABLED_*";
        -:  153:
        -:  154:// A test suite whose name matches this filter is considered a death
        -:  155:// test suite and will be run before test suites whose name doesn't
        -:  156:// match this filter.
        -:  157:static const char kDeathTestSuiteFilter[] = "*DeathTest:*DeathTest/*";
        -:  158:
        -:  159:// A test filter that matches everything.
        -:  160:static const char kUniversalFilter[] = "*";
        -:  161:
        -:  162:// The default output format.
        -:  163:static const char kDefaultOutputFormat[] = "xml";
        -:  164:// The default output file.
        -:  165:static const char kDefaultOutputFile[] = "test_detail";
        -:  166:
        -:  167:// The environment variable name for the test shard index.
        -:  168:static const char kTestShardIndex[] = "GTEST_SHARD_INDEX";
        -:  169:// The environment variable name for the total number of test shards.
        -:  170:static const char kTestTotalShards[] = "GTEST_TOTAL_SHARDS";
        -:  171:// The environment variable name for the test shard status file.
        -:  172:static const char kTestShardStatusFile[] = "GTEST_SHARD_STATUS_FILE";
        -:  173:
        -:  174:namespace internal {
        -:  175:
        -:  176:// The text used in failure messages to indicate the start of the
        -:  177:// stack trace.
        -:  178:const char kStackTraceMarker[] = "\nStack trace:\n";
        -:  179:
        -:  180:// g_help_flag is true if the --help flag or an equivalent form is
        -:  181:// specified on the command line.
        -:  182:bool g_help_flag = false;
        -:  183:
        -:  184:// Utilty function to Open File for Writing
    #####:  185:static FILE* OpenFileForWriting(const std::string& output_file) {
    #####:  186:  FILE* fileout = nullptr;
    #####:  187:  FilePath output_file_path(output_file);
    %%%%%:  187-block  0
    $$$$$:  187-block  1
    #####:  188:  FilePath output_dir(output_file_path.RemoveFileName());
    %%%%%:  188-block  0
    $$$$$:  188-block  1
        -:  189:
    #####:  190:  if (output_dir.CreateDirectoriesRecursively()) {
    %%%%%:  190-block  0
    %%%%%:  190-block  1
    #####:  191:    fileout = posix::FOpen(output_file.c_str(), "w");
    %%%%%:  191-block  0
    %%%%%:  191-block  1
        -:  192:  }
    #####:  193:  if (fileout == nullptr) {
    %%%%%:  193-block  0
    #####:  194:    GTEST_LOG_(FATAL) << "Unable to open file \"" << output_file << "\"";
    %%%%%:  194-block  0
    %%%%%:  194-block  1
    %%%%%:  194-block  2
    %%%%%:  194-block  3
    %%%%%:  194-block  4
    $$$$$:  194-block  5
    $$$$$:  194-block  6
        -:  195:  }
    #####:  196:  return fileout;
    %%%%%:  196-block  0
    %%%%%:  196-block  1
        -:  197:}
        -:  198:
        -:  199:}  // namespace internal
        -:  200:
        -:  201:// Bazel passes in the argument to '--test_filter' via the TESTBRIDGE_TEST_ONLY
        -:  202:// environment variable.
        1:  203:static const char* GetDefaultFilter() {
        -:  204:  const char* const testbridge_test_only =
        1:  205:      internal::posix::GetEnv("TESTBRIDGE_TEST_ONLY");
        1:  205-block  0
        1:  206:  if (testbridge_test_only != nullptr) {
    #####:  207:    return testbridge_test_only;
    %%%%%:  207-block  0
        -:  208:  }
        1:  209:  return kUniversalFilter;
        1:  209-block  0
        -:  210:}
        -:  211:
        -:  212:GTEST_DEFINE_bool_(
        -:  213:    also_run_disabled_tests,
        -:  214:    internal::BoolFromGTestEnv("also_run_disabled_tests", false),
        -:  215:    "Run disabled tests too, in addition to the tests normally being run.");
        -:  216:
        -:  217:GTEST_DEFINE_bool_(
        -:  218:    break_on_failure,
        -:  219:    internal::BoolFromGTestEnv("break_on_failure", false),
        -:  220:    "True if a failed assertion should be a debugger break-point.");
        -:  221:
        -:  222:GTEST_DEFINE_bool_(
        -:  223:    catch_exceptions,
        -:  224:    internal::BoolFromGTestEnv("catch_exceptions", true),
        -:  225:    "True if " GTEST_NAME_
        -:  226:    " should catch exceptions and treat them as test failures.");
        -:  227:
        -:  228:GTEST_DEFINE_string_(
        -:  229:    color,
        -:  230:    internal::StringFromGTestEnv("color", "auto"),
        -:  231:    "Whether to use colors in the output.  Valid values: yes, no, "
        -:  232:    "and auto.  'auto' means to use colors if the output is "
        -:  233:    "being sent to a terminal and the TERM environment variable "
        -:  234:    "is set to a terminal type that supports colors.");
        -:  235:
        -:  236:GTEST_DEFINE_string_(
        -:  237:    filter,
        -:  238:    internal::StringFromGTestEnv("filter", GetDefaultFilter()),
        -:  239:    "A colon-separated list of glob (not regex) patterns "
        -:  240:    "for filtering the tests to run, optionally followed by a "
        -:  241:    "'-' and a : separated list of negative patterns (tests to "
        -:  242:    "exclude).  A test is run if it matches one of the positive "
        -:  243:    "patterns and does not match any of the negative patterns.");
        -:  244:
        -:  245:GTEST_DEFINE_bool_(
        -:  246:    install_failure_signal_handler,
        -:  247:    internal::BoolFromGTestEnv("install_failure_signal_handler", false),
        -:  248:    "If true and supported on the current platform, " GTEST_NAME_ " should "
        -:  249:    "install a signal handler that dumps debugging information when fatal "
        -:  250:    "signals are raised.");
        -:  251:
        -:  252:GTEST_DEFINE_bool_(list_tests, false,
        -:  253:                   "List all tests without running them.");
        -:  254:
        -:  255:// The net priority order after flag processing is thus:
        -:  256://   --gtest_output command line flag
        -:  257://   GTEST_OUTPUT environment variable
        -:  258://   XML_OUTPUT_FILE environment variable
        -:  259://   ''
        -:  260:GTEST_DEFINE_string_(
        -:  261:    output,
        -:  262:    internal::StringFromGTestEnv("output",
        -:  263:      internal::OutputFlagAlsoCheckEnvVar().c_str()),
        -:  264:    "A format (defaults to \"xml\" but can be specified to be \"json\"), "
        -:  265:    "optionally followed by a colon and an output file name or directory. "
        -:  266:    "A directory is indicated by a trailing pathname separator. "
        -:  267:    "Examples: \"xml:filename.xml\", \"xml::directoryname/\". "
        -:  268:    "If a directory is specified, output files will be created "
        -:  269:    "within that directory, with file-names based on the test "
        -:  270:    "executable's name and, if necessary, made unique by adding "
        -:  271:    "digits.");
        -:  272:
        -:  273:GTEST_DEFINE_bool_(
        -:  274:    print_time,
        -:  275:    internal::BoolFromGTestEnv("print_time", true),
        -:  276:    "True if " GTEST_NAME_
        -:  277:    " should display elapsed time in text output.");
        -:  278:
        -:  279:GTEST_DEFINE_bool_(
        -:  280:    print_utf8,
        -:  281:    internal::BoolFromGTestEnv("print_utf8", true),
        -:  282:    "True if " GTEST_NAME_
        -:  283:    " prints UTF8 characters as text.");
        -:  284:
        -:  285:GTEST_DEFINE_int32_(
        -:  286:    random_seed,
        -:  287:    internal::Int32FromGTestEnv("random_seed", 0),
        -:  288:    "Random number seed to use when shuffling test orders.  Must be in range "
        -:  289:    "[1, 99999], or 0 to use a seed based on the current time.");
        -:  290:
        -:  291:GTEST_DEFINE_int32_(
        -:  292:    repeat,
        -:  293:    internal::Int32FromGTestEnv("repeat", 1),
        -:  294:    "How many times to repeat each test.  Specify a negative number "
        -:  295:    "for repeating forever.  Useful for shaking out flaky tests.");
        -:  296:
        -:  297:GTEST_DEFINE_bool_(
        -:  298:    show_internal_stack_frames, false,
        -:  299:    "True if " GTEST_NAME_ " should include internal stack frames when "
        -:  300:    "printing test failure stack traces.");
        -:  301:
        -:  302:GTEST_DEFINE_bool_(
        -:  303:    shuffle,
        -:  304:    internal::BoolFromGTestEnv("shuffle", false),
        -:  305:    "True if " GTEST_NAME_
        -:  306:    " should randomize tests' order on every run.");
        -:  307:
        -:  308:GTEST_DEFINE_int32_(
        -:  309:    stack_trace_depth,
        -:  310:    internal::Int32FromGTestEnv("stack_trace_depth", kMaxStackTraceDepth),
        -:  311:    "The maximum number of stack frames to print when an "
        -:  312:    "assertion fails.  The valid range is 0 through 100, inclusive.");
        -:  313:
        -:  314:GTEST_DEFINE_string_(
        -:  315:    stream_result_to,
        -:  316:    internal::StringFromGTestEnv("stream_result_to", ""),
        -:  317:    "This flag specifies the host name and the port number on which to stream "
        -:  318:    "test results. Example: \"localhost:555\". The flag is effective only on "
        -:  319:    "Linux.");
        -:  320:
        -:  321:GTEST_DEFINE_bool_(
        -:  322:    throw_on_failure,
        -:  323:    internal::BoolFromGTestEnv("throw_on_failure", false),
        -:  324:    "When this flag is specified, a failed assertion will throw an exception "
        -:  325:    "if exceptions are enabled or exit the program with a non-zero code "
        -:  326:    "otherwise. For use with an external test framework.");
        -:  327:
        -:  328:#if GTEST_USE_OWN_FLAGFILE_FLAG_
        -:  329:GTEST_DEFINE_string_(
        -:  330:    flagfile,
        -:  331:    internal::StringFromGTestEnv("flagfile", ""),
        -:  332:    "This flag specifies the flagfile to read command-line flags from.");
        -:  333:#endif  // GTEST_USE_OWN_FLAGFILE_FLAG_
        -:  334:
        -:  335:namespace internal {
        -:  336:
        -:  337:// Generates a random number from [0, range), using a Linear
        -:  338:// Congruential Generator (LCG).  Crashes if 'range' is 0 or greater
        -:  339:// than kMaxRange.
    #####:  340:UInt32 Random::Generate(UInt32 range) {
        -:  341:  // These constants are the same as are used in glibc's rand(3).
        -:  342:  // Use wider types than necessary to prevent unsigned overflow diagnostics.
    #####:  343:  state_ = static_cast<UInt32>(1103515245ULL*state_ + 12345U) % kMaxRange;
        -:  344:
    #####:  345:  GTEST_CHECK_(range > 0)
    %%%%%:  345-block  0
    %%%%%:  345-block  1
    %%%%%:  345-block  2
    $$$$$:  345-block  3
    $$$$$:  345-block  4
    #####:  346:      << "Cannot generate a number in the range [0, 0).";
    %%%%%:  346-block  0
    #####:  347:  GTEST_CHECK_(range <= kMaxRange)
    %%%%%:  347-block  0
    %%%%%:  347-block  1
    %%%%%:  347-block  2
    $$$$$:  347-block  3
    #####:  348:      << "Generation of a number in [0, " << range << ") was requested, "
    %%%%%:  348-block  0
    %%%%%:  348-block  1
    #####:  349:      << "but this can only generate numbers in [0, " << kMaxRange << ").";
    %%%%%:  349-block  0
    %%%%%:  349-block  1
    %%%%%:  349-block  2
    %%%%%:  349-block  3
        -:  350:
        -:  351:  // Converting via modulus introduces a bit of downward bias, but
        -:  352:  // it's simple, and a linear congruential generator isn't too good
        -:  353:  // to begin with.
    #####:  354:  return state_ % range;
    %%%%%:  354-block  0
    %%%%%:  354-block  1
        -:  355:}
        -:  356:
        -:  357:// GTestIsInitialized() returns true if the user has initialized
        -:  358:// Google Test.  Useful for catching the user mistake of not initializing
        -:  359:// Google Test before calling RUN_ALL_TESTS().
        2:  360:static bool GTestIsInitialized() { return GetArgvs().size() > 0; }
        2:  360-block  0
        -:  361:
        -:  362:// Iterates over a vector of TestSuites, keeping a running sum of the
        -:  363:// results of calling a given int-returning method on each.
        -:  364:// Returns the sum.
        6:  365:static int SumOverTestSuiteList(const std::vector<TestSuite*>& case_list,
        -:  366:                                int (TestSuite::*method)() const) {
        6:  367:  int sum = 0;
       12:  368:  for (size_t i = 0; i < case_list.size(); i++) {
        6:  368-block  0
       12:  368-block  1
       6*:  369:    sum += (case_list[i]->*method)();
        6:  369-block  0
    %%%%%:  369-block  1
        6:  369-block  2
        6:  369-block  3
        -:  370:  }
        6:  371:  return sum;
        6:  371-block  0
        -:  372:}
        -:  373:
        -:  374:// Returns true if the test suite passed.
    #####:  375:static bool TestSuitePassed(const TestSuite* test_suite) {
    #####:  376:  return test_suite->should_run() && test_suite->Passed();
    %%%%%:  376-block  0
    %%%%%:  376-block  1
    %%%%%:  376-block  2
    %%%%%:  376-block  3
    %%%%%:  376-block  4
        -:  377:}
        -:  378:
        -:  379:// Returns true if the test suite failed.
        2:  380:static bool TestSuiteFailed(const TestSuite* test_suite) {
       2*:  381:  return test_suite->should_run() && test_suite->Failed();
        2:  381-block  0
        2:  381-block  1
    %%%%%:  381-block  2
        2:  381-block  3
        2:  381-block  4
        -:  382:}
        -:  383:
        -:  384:// Returns true if test_suite contains at least one test that should
        -:  385:// run.
        2:  386:static bool ShouldRunTestSuite(const TestSuite* test_suite) {
        2:  387:  return test_suite->should_run();
        2:  387-block  0
        -:  388:}
        -:  389:
        -:  390:// AssertHelper constructor.
    #####:  391:AssertHelper::AssertHelper(TestPartResult::Type type,
        -:  392:                           const char* file,
        -:  393:                           int line,
    #####:  394:                           const char* message)
    #####:  395:    : data_(new AssertHelperData(type, file, line, message)) {
    %%%%%:  395-block  0
    $$$$$:  395-block  1
    #####:  396:}
    %%%%%:  396-block  0
        -:  397:
    #####:  398:AssertHelper::~AssertHelper() {
    #####:  399:  delete data_;
    %%%%%:  399-block  0
    %%%%%:  399-block  1
    #####:  400:}
        -:  401:
        -:  402:// Message assignment, for assertion streaming support.
    #####:  403:void AssertHelper::operator=(const Message& message) const {
        -:  404:  UnitTest::GetInstance()->
    #####:  405:    AddTestPartResult(data_->type, data_->file, data_->line,
    %%%%%:  405-block  0
    %%%%%:  405-block  1
    #####:  406:                      AppendUserMessage(data_->message, message),
    %%%%%:  406-block  0
    $$$$$:  406-block  1
    $$$$$:  406-block  2
        -:  407:                      UnitTest::GetInstance()->impl()
    #####:  408:                      ->CurrentOsStackTraceExceptTop(1)
    $$$$$:  408-block  0
        -:  409:                      // Skips the stack frame for this function itself.
        -:  410:                      );  // NOLINT
    #####:  411:}
        -:  412:
        -:  413:// A copy of all command line arguments.  Set by InitGoogleTest().
        -:  414:static ::std::vector<std::string> g_argvs;
        -:  415:
        2:  416:::std::vector<std::string> GetArgvs() {
        -:  417:#if defined(GTEST_CUSTOM_GET_ARGVS_)
        -:  418:  // GTEST_CUSTOM_GET_ARGVS_() may return a container of std::string or
        -:  419:  // ::string. This code converts it to the appropriate type.
        -:  420:  const auto& custom = GTEST_CUSTOM_GET_ARGVS_();
        -:  421:  return ::std::vector<std::string>(custom.begin(), custom.end());
        -:  422:#else   // defined(GTEST_CUSTOM_GET_ARGVS_)
        2:  423:  return g_argvs;
        2:  423-block  0
        -:  424:#endif  // defined(GTEST_CUSTOM_GET_ARGVS_)
        -:  425:}
        -:  426:
        -:  427:// Returns the current application's name, removing directory path if that
        -:  428:// is present.
    #####:  429:FilePath GetCurrentExecutableName() {
    #####:  430:  FilePath result;
    %%%%%:  430-block  0
    %%%%%:  430-block  1
    $$$$$:  430-block  2
        -:  431:
        -:  432:#if GTEST_OS_WINDOWS || GTEST_OS_OS2
    #####:  433:  result.Set(FilePath(GetArgvs()[0]).RemoveExtension("exe"));
    %%%%%:  433-block  0
    %%%%%:  433-block  1
    %%%%%:  433-block  2
    %%%%%:  433-block  3
    %%%%%:  433-block  4
    $$$$$:  433-block  5
    $$$$$:  433-block  6
    $$$$$:  433-block  7
    $$$$$:  433-block  8
    $$$$$:  433-block  9
    $$$$$:  433-block 10
        -:  434:#else
        -:  435:  result.Set(FilePath(GetArgvs()[0]));
        -:  436:#endif  // GTEST_OS_WINDOWS
        -:  437:
    #####:  438:  return result.RemoveDirectoryName();
    %%%%%:  438-block  0
    %%%%%:  438-block  1
        -:  439:}
        -:  440:
        -:  441:// Functions for processing the gtest_output flag.
        -:  442:
        -:  443:// Returns the output format, or "" for normal printed output.
        1:  444:std::string UnitTestOptions::GetOutputFormat() {
        1:  445:  const char* const gtest_output_flag = GTEST_FLAG(output).c_str();
        1:  445-block  0
        1:  446:  const char* const colon = strchr(gtest_output_flag, ':');
        -:  447:  return (colon == nullptr)
        -:  448:             ? std::string(gtest_output_flag)
        -:  449:             : std::string(gtest_output_flag,
       2*:  450:                           static_cast<size_t>(colon - gtest_output_flag));
        1:  450-block  0
    %%%%%:  450-block  1
        1:  450-block  2
    %%%%%:  450-block  3
        1:  450-block  4
        1:  450-block  5
        1:  450-block  6
        1:  450-block  7
    $$$$$:  450-block  8
    $$$$$:  450-block  9
    $$$$$:  450-block 10
    $$$$$:  450-block 11
    $$$$$:  450-block 12
        -:  451:}
        -:  452:
        -:  453:// Returns the name of the requested output file, or the default if none
        -:  454:// was explicitly specified.
    #####:  455:std::string UnitTestOptions::GetAbsolutePathToOutputFile() {
    #####:  456:  const char* const gtest_output_flag = GTEST_FLAG(output).c_str();
    %%%%%:  456-block  0
        -:  457:
    #####:  458:  std::string format = GetOutputFormat();
    %%%%%:  458-block  0
    $$$$$:  458-block  1
    #####:  459:  if (format.empty())
    %%%%%:  459-block  0
    #####:  460:    format = std::string(kDefaultOutputFormat);
    %%%%%:  460-block  0
    %%%%%:  460-block  1
    $$$$$:  460-block  2
    $$$$$:  460-block  3
        -:  461:
    #####:  462:  const char* const colon = strchr(gtest_output_flag, ':');
    #####:  463:  if (colon == nullptr)
    %%%%%:  463-block  0
    #####:  464:    return internal::FilePath::MakeFileName(
    %%%%%:  464-block  0
    %%%%%:  464-block  1
    %%%%%:  464-block  2
    $$$$$:  464-block  3
    $$$$$:  464-block  4
    #####:  465:        internal::FilePath(
    %%%%%:  465-block  0
    %%%%%:  465-block  1
    %%%%%:  465-block  2
    $$$$$:  465-block  3
    $$$$$:  465-block  4
    $$$$$:  465-block  5
    $$$$$:  465-block  6
    $$$$$:  465-block  7
    $$$$$:  465-block  8
        -:  466:            UnitTest::GetInstance()->original_working_dir()),
    #####:  467:        internal::FilePath(kDefaultOutputFile), 0,
    %%%%%:  467-block  0
    $$$$$:  467-block  1
    $$$$$:  467-block  2
    $$$$$:  467-block  3
    $$$$$:  467-block  4
    $$$$$:  467-block  5
    $$$$$:  467-block  6
    #####:  468:        format.c_str()).string();
    %%%%%:  468-block  0
    %%%%%:  468-block  1
        -:  469:
    #####:  470:  internal::FilePath output_name(colon + 1);
    %%%%%:  470-block  0
    %%%%%:  470-block  1
    %%%%%:  470-block  2
    $$$$$:  470-block  3
    $$$$$:  470-block  4
    $$$$$:  470-block  5
    #####:  471:  if (!output_name.IsAbsolutePath())
    #####:  472:    output_name = internal::FilePath::ConcatPaths(
    %%%%%:  472-block  0
    %%%%%:  472-block  1
    $$$$$:  472-block  2
    $$$$$:  472-block  3
    #####:  473:        internal::FilePath(UnitTest::GetInstance()->original_working_dir()),
    %%%%%:  473-block  0
    %%%%%:  473-block  1
    %%%%%:  473-block  2
    $$$$$:  473-block  3
    $$$$$:  473-block  4
    $$$$$:  473-block  5
    $$$$$:  473-block  6
    $$$$$:  473-block  7
    $$$$$:  473-block  8
    #####:  474:        internal::FilePath(colon + 1));
    %%%%%:  474-block  0
    %%%%%:  474-block  1
    %%%%%:  474-block  2
    $$$$$:  474-block  3
    $$$$$:  474-block  4
    $$$$$:  474-block  5
    $$$$$:  474-block  6
    $$$$$:  474-block  7
    $$$$$:  474-block  8
        -:  475:
    #####:  476:  if (!output_name.IsDirectory())
    %%%%%:  476-block  0
    #####:  477:    return output_name.string();
    %%%%%:  477-block  0
    %%%%%:  477-block  1
        -:  478:
        -:  479:  internal::FilePath result(internal::FilePath::GenerateUniqueFileName(
    #####:  480:      output_name, internal::GetCurrentExecutableName(),
    $$$$$:  480-block  0
    #####:  481:      GetOutputFormat().c_str()));
    %%%%%:  481-block  0
    %%%%%:  481-block  1
    %%%%%:  481-block  2
    %%%%%:  481-block  3
    $$$$$:  481-block  4
    $$$$$:  481-block  5
    #####:  482:  return result.string();
    %%%%%:  482-block  0
        -:  483:}
        -:  484:
        -:  485:// Returns true if the wildcard pattern matches the string.  The
        -:  486:// first ':' or '\0' character in pattern marks the end of it.
        -:  487://
        -:  488:// This recursive algorithm isn't very efficient, but is clear and
        -:  489:// works well enough for matching test names, which are short.
     9664:  490:bool UnitTestOptions::PatternMatchesString(const char *pattern,
        -:  491:                                           const char *str) {
     9664:  492:  switch (*pattern) {
     9664:  492-block  0
      150:  493:    case '\0':
        -:  494:    case ':':  // Either ':' or '\0' marks the end of the pattern.
      150:  495:      return *str == '\0';
      150:  495-block  0
    #####:  496:    case '?':  // Matches any single character.
    #####:  497:      return *str != '\0' && PatternMatchesString(pattern + 1, str + 1);
    %%%%%:  497-block  0
    %%%%%:  497-block  1
    %%%%%:  497-block  2
    %%%%%:  497-block  3
    %%%%%:  497-block  4
     6234:  498:    case '*':  // Matches any string (possibly empty) of characters.
     9439:  499:      return (*str != '\0' && PatternMatchesString(pattern, str + 1)) ||
     6234:  499-block  0
     6007:  499-block  1
     3104:  499-block  2
     3130:  499-block  3
     9439:  500:          PatternMatchesString(pattern + 1, str);
     3205:  500-block  0
     6234:  500-block  1
     3280:  501:    default:  // Non-special character.  Matches itself.
    3280*:  502:      return *pattern == *str &&
     3280:  502-block  0
    %%%%%:  502-block  1
     3280:  502-block  2
    3280*:  503:          PatternMatchesString(pattern + 1, str + 1);
    %%%%%:  503-block  0
     3280:  503-block  1
        -:  504:  }
        -:  505:}
        -:  506:
      301:  507:bool UnitTestOptions::MatchesFilter(
        -:  508:    const std::string& name, const char* filter) {
      301:  509:  const char *cur_pattern = filter;
      301:  509-block  0
        -:  510:  for (;;) {
      452:  511:    if (PatternMatchesString(cur_pattern, name.c_str())) {
      452:  511-block  0
       75:  512:      return true;
       75:  512-block  0
        -:  513:    }
        -:  514:
        -:  515:    // Finds the next pattern in the filter.
      377:  516:    cur_pattern = strchr(cur_pattern, ':');
        -:  517:
        -:  518:    // Returns if no more pattern can be found.
      377:  519:    if (cur_pattern == nullptr) {
      377:  519-block  0
      226:  520:      return false;
      226:  520-block  0
        -:  521:    }
        -:  522:
        -:  523:    // Skips the pattern separater (the ':' character).
      151:  524:    cur_pattern++;
      151:  524-block  0
        -:  525:  }
        -:  526:}
        -:  527:
        -:  528:// Returns true if the user-specified filter matches the test suite
        -:  529:// name and the test name.
       75:  530:bool UnitTestOptions::FilterMatchesTest(const std::string& test_suite_name,
        -:  531:                                        const std::string& test_name) {
      150:  532:  const std::string& full_name = test_suite_name + "." + test_name.c_str();
       75:  532-block  0
       75:  532-block  1
       75:  532-block  2
    $$$$$:  532-block  3
    $$$$$:  532-block  4
    $$$$$:  532-block  5
        -:  533:
        -:  534:  // Split --gtest_filter at '-', if there is one, to separate into
        -:  535:  // positive filter and negative filter portions
       75:  536:  const char* const p = GTEST_FLAG(filter).c_str();
       75:  537:  const char* const dash = strchr(p, '-');
      150:  538:  std::string positive;
    $$$$$:  538-block  0
       75:  539:  std::string negative;
    $$$$$:  539-block  0
       75:  540:  if (dash == nullptr) {
       75:  541:    positive = GTEST_FLAG(filter).c_str();  // Whole string is a positive filter
       75:  541-block  0
       75:  542:    negative = "";
       75:  542-block  0
        -:  543:  } else {
    #####:  544:    positive = std::string(p, dash);   // Everything up to the dash
    %%%%%:  544-block  0
    %%%%%:  544-block  1
    $$$$$:  544-block  2
    $$$$$:  544-block  3
    #####:  545:    negative = std::string(dash + 1);  // Everything after the dash
    %%%%%:  545-block  0
    $$$$$:  545-block  1
    $$$$$:  545-block  2
    #####:  546:    if (positive.empty()) {
        -:  547:      // Treat '-test1' as the same as '*-test1'
    #####:  548:      positive = kUniversalFilter;
    %%%%%:  548-block  0
        -:  549:    }
        -:  550:  }
        -:  551:
        -:  552:  // A filter is a colon-separated list of patterns.  It matches a
        -:  553:  // test if any pattern in it matches the test.
     150*:  554:  return (MatchesFilter(full_name, positive.c_str()) &&
       75:  554-block  0
       75:  554-block  1
       75:  554-block  2
    %%%%%:  554-block  3
      225:  555:          !MatchesFilter(full_name, negative.c_str()));
       75:  555-block  0
       75:  555-block  1
       75:  555-block  2
       75:  555-block  3
        -:  556:}
        -:  557:
        -:  558:#if GTEST_HAS_SEH
        -:  559:// Returns EXCEPTION_EXECUTE_HANDLER if Google Test should handle the
        -:  560:// given SEH exception, or EXCEPTION_CONTINUE_SEARCH otherwise.
        -:  561:// This function is useful as an __except condition.
        -:  562:int UnitTestOptions::GTestShouldProcessSEH(DWORD exception_code) {
        -:  563:  // Google Test should handle a SEH exception if:
        -:  564:  //   1. the user wants it to, AND
        -:  565:  //   2. this is not a breakpoint exception, AND
        -:  566:  //   3. this is not a C++ exception (VC++ implements them via SEH,
        -:  567:  //      apparently).
        -:  568:  //
        -:  569:  // SEH exception code for C++ exceptions.
        -:  570:  // (see http://support.microsoft.com/kb/185294 for more information).
        -:  571:  const DWORD kCxxExceptionCode = 0xe06d7363;
        -:  572:
        -:  573:  bool should_handle = true;
        -:  574:
        -:  575:  if (!GTEST_FLAG(catch_exceptions))
        -:  576:    should_handle = false;
        -:  577:  else if (exception_code == EXCEPTION_BREAKPOINT)
        -:  578:    should_handle = false;
        -:  579:  else if (exception_code == kCxxExceptionCode)
        -:  580:    should_handle = false;
        -:  581:
        -:  582:  return should_handle ? EXCEPTION_EXECUTE_HANDLER : EXCEPTION_CONTINUE_SEARCH;
        -:  583:}
        -:  584:#endif  // GTEST_HAS_SEH
        -:  585:
        -:  586:}  // namespace internal
        -:  587:
        -:  588:// The c'tor sets this object as the test part result reporter used by
        -:  589:// Google Test.  The 'result' parameter specifies where to report the
        -:  590:// results. Intercepts only failures from the current thread.
    #####:  591:ScopedFakeTestPartResultReporter::ScopedFakeTestPartResultReporter(
    #####:  592:    TestPartResultArray* result)
        -:  593:    : intercept_mode_(INTERCEPT_ONLY_CURRENT_THREAD),
    #####:  594:      result_(result) {
    %%%%%:  594-block  0
    $$$$$:  594-block  1
    #####:  595:  Init();
    #####:  596:}
    %%%%%:  596-block  0
        -:  597:
        -:  598:// The c'tor sets this object as the test part result reporter used by
        -:  599:// Google Test.  The 'result' parameter specifies where to report the
        -:  600:// results.
    #####:  601:ScopedFakeTestPartResultReporter::ScopedFakeTestPartResultReporter(
    #####:  602:    InterceptMode intercept_mode, TestPartResultArray* result)
        -:  603:    : intercept_mode_(intercept_mode),
    #####:  604:      result_(result) {
    %%%%%:  604-block  0
    $$$$$:  604-block  1
    #####:  605:  Init();
    #####:  606:}
    %%%%%:  606-block  0
        -:  607:
    #####:  608:void ScopedFakeTestPartResultReporter::Init() {
    #####:  609:  internal::UnitTestImpl* const impl = internal::GetUnitTestImpl();
    %%%%%:  609-block  0
    #####:  610:  if (intercept_mode_ == INTERCEPT_ALL_THREADS) {
    #####:  611:    old_reporter_ = impl->GetGlobalTestPartResultReporter();
    %%%%%:  611-block  0
    #####:  612:    impl->SetGlobalTestPartResultReporter(this);
        -:  613:  } else {
    #####:  614:    old_reporter_ = impl->GetTestPartResultReporterForCurrentThread();
    %%%%%:  614-block  0
    #####:  615:    impl->SetTestPartResultReporterForCurrentThread(this);
        -:  616:  }
    #####:  617:}
        -:  618:
        -:  619:// The d'tor restores the test part result reporter used by Google Test
        -:  620:// before.
    #####:  621:ScopedFakeTestPartResultReporter::~ScopedFakeTestPartResultReporter() {
    #####:  622:  internal::UnitTestImpl* const impl = internal::GetUnitTestImpl();
    #####:  623:  if (intercept_mode_ == INTERCEPT_ALL_THREADS) {
    #####:  624:    impl->SetGlobalTestPartResultReporter(old_reporter_);
        -:  625:  } else {
    #####:  626:    impl->SetTestPartResultReporterForCurrentThread(old_reporter_);
        -:  627:  }
    #####:  628:}
------------------
_ZN7testing32ScopedFakeTestPartResultReporterD0Ev:
    #####:  621:ScopedFakeTestPartResultReporter::~ScopedFakeTestPartResultReporter() {
        -:  622:  internal::UnitTestImpl* const impl = internal::GetUnitTestImpl();
        -:  623:  if (intercept_mode_ == INTERCEPT_ALL_THREADS) {
        -:  624:    impl->SetGlobalTestPartResultReporter(old_reporter_);
        -:  625:  } else {
        -:  626:    impl->SetTestPartResultReporterForCurrentThread(old_reporter_);
        -:  627:  }
    #####:  628:}
    %%%%%:  628-block  0
------------------
_ZN7testing32ScopedFakeTestPartResultReporterD2Ev:
    #####:  621:ScopedFakeTestPartResultReporter::~ScopedFakeTestPartResultReporter() {
    %%%%%:  621-block  0
    #####:  622:  internal::UnitTestImpl* const impl = internal::GetUnitTestImpl();
    %%%%%:  622-block  0
    #####:  623:  if (intercept_mode_ == INTERCEPT_ALL_THREADS) {
    #####:  624:    impl->SetGlobalTestPartResultReporter(old_reporter_);
    %%%%%:  624-block  0
        -:  625:  } else {
    #####:  626:    impl->SetTestPartResultReporterForCurrentThread(old_reporter_);
    %%%%%:  626-block  0
        -:  627:  }
    #####:  628:}
------------------
        -:  629:
        -:  630:// Increments the test part result count and remembers the result.
        -:  631:// This method is from the TestPartResultReporterInterface interface.
    #####:  632:void ScopedFakeTestPartResultReporter::ReportTestPartResult(
        -:  633:    const TestPartResult& result) {
    #####:  634:  result_->Append(result);
    %%%%%:  634-block  0
    #####:  635:}
        -:  636:
        -:  637:namespace internal {
        -:  638:
        -:  639:// Returns the type ID of ::testing::Test.  We should always call this
        -:  640:// instead of GetTypeId< ::testing::Test>() to get the type ID of
        -:  641:// testing::Test.  This is to work around a suspected linker bug when
        -:  642:// using Google Test as a framework on Mac OS X.  The bug causes
        -:  643:// GetTypeId< ::testing::Test>() to return different values depending
        -:  644:// on whether the call is from the Google Test framework itself or
        -:  645:// from user test code.  GetTestTypeId() is guaranteed to always
        -:  646:// return the same value, as it always calls GetTypeId<>() from the
        -:  647:// gtest.cc, which is within the Google Test framework.
        1:  648:TypeId GetTestTypeId() {
        1:  649:  return GetTypeId<Test>();
        1:  649-block  0
        -:  650:}
        -:  651:
        -:  652:// The value of GetTestTypeId() as seen from within the Google Test
        -:  653:// library.  This is solely for testing GetTestTypeId().
        -:  654:extern const TypeId kTestTypeIdInGoogleTest = GetTestTypeId();
        -:  655:
        -:  656:// This predicate-formatter checks that 'results' contains a test part
        -:  657:// failure of the given type and that the failure message contains the
        -:  658:// given substring.
    #####:  659:static AssertionResult HasOneFailure(const char* /* results_expr */,
        -:  660:                                     const char* /* type_expr */,
        -:  661:                                     const char* /* substr_expr */,
        -:  662:                                     const TestPartResultArray& results,
        -:  663:                                     TestPartResult::Type type,
        -:  664:                                     const std::string& substr) {
        -:  665:  const std::string expected(type == TestPartResult::kFatalFailure ?
        -:  666:                        "1 fatal failure" :
    #####:  667:                        "1 non-fatal failure");
    %%%%%:  667-block  0
    %%%%%:  667-block  1
    %%%%%:  667-block  2
    %%%%%:  667-block  3
    $$$$$:  667-block  4
    $$$$$:  667-block  5
    #####:  668:  Message msg;
    %%%%%:  668-block  0
    $$$$$:  668-block  1
    #####:  669:  if (results.size() != 1) {
    %%%%%:  669-block  0
    #####:  670:    msg << "Expected: " << expected << "\n"
    %%%%%:  670-block  0
    %%%%%:  670-block  1
    %%%%%:  670-block  2
    #####:  671:        << "  Actual: " << results.size() << " failures";
    %%%%%:  671-block  0
    %%%%%:  671-block  1
    %%%%%:  671-block  2
    $$$$$:  671-block  3
    #####:  672:    for (int i = 0; i < results.size(); i++) {
    %%%%%:  672-block  0
    %%%%%:  672-block  1
    %%%%%:  672-block  2
    #####:  673:      msg << "\n" << results.GetTestPartResult(i);
    %%%%%:  673-block  0
    %%%%%:  673-block  1
    %%%%%:  673-block  2
        -:  674:    }
    #####:  675:    return AssertionFailure() << msg;
    %%%%%:  675-block  0
    %%%%%:  675-block  1
    %%%%%:  675-block  2
    %%%%%:  675-block  3
    %%%%%:  675-block  4
    $$$$$:  675-block  5
    $$$$$:  675-block  6
        -:  676:  }
        -:  677:
    #####:  678:  const TestPartResult& r = results.GetTestPartResult(0);
    %%%%%:  678-block  0
    #####:  679:  if (r.type() != type) {
    %%%%%:  679-block  0
    #####:  680:    return AssertionFailure() << "Expected: " << expected << "\n"
    %%%%%:  680-block  0
    %%%%%:  680-block  1
    %%%%%:  680-block  2
    %%%%%:  680-block  3
    %%%%%:  680-block  4
    $$$$$:  680-block  5
    $$$$$:  680-block  6
    #####:  681:                              << "  Actual:\n"
    %%%%%:  681-block  0
    #####:  682:                              << r;
    %%%%%:  682-block  0
    %%%%%:  682-block  1
    %%%%%:  682-block  2
        -:  683:  }
        -:  684:
    #####:  685:  if (strstr(r.message(), substr.c_str()) == nullptr) {
    %%%%%:  685-block  0
    #####:  686:    return AssertionFailure() << "Expected: " << expected << " containing \""
    %%%%%:  686-block  0
    %%%%%:  686-block  1
    %%%%%:  686-block  2
    %%%%%:  686-block  3
    %%%%%:  686-block  4
    $$$$$:  686-block  5
    $$$$$:  686-block  6
    #####:  687:                              << substr << "\"\n"
    %%%%%:  687-block  0
    %%%%%:  687-block  1
    #####:  688:                              << "  Actual:\n"
    %%%%%:  688-block  0
    #####:  689:                              << r;
    %%%%%:  689-block  0
    %%%%%:  689-block  1
    %%%%%:  689-block  2
        -:  690:  }
        -:  691:
    #####:  692:  return AssertionSuccess();
    %%%%%:  692-block  0
    %%%%%:  692-block  1
        -:  693:}
        -:  694:
        -:  695:// The constructor of SingleFailureChecker remembers where to look up
        -:  696:// test part results, what type of failure we expect, and what
        -:  697:// substring the failure message should contain.
    #####:  698:SingleFailureChecker::SingleFailureChecker(const TestPartResultArray* results,
        -:  699:                                           TestPartResult::Type type,
    #####:  700:                                           const std::string& substr)
    #####:  701:    : results_(results), type_(type), substr_(substr) {}
    %%%%%:  701-block  0
        -:  702:
        -:  703:// The destructor of SingleFailureChecker verifies that the given
        -:  704:// TestPartResultArray contains exactly one failure that has the given
        -:  705:// type and contains the given substring.  If that's not the case, a
        -:  706:// non-fatal failure will be generated.
    #####:  707:SingleFailureChecker::~SingleFailureChecker() {
    #####:  708:  EXPECT_PRED_FORMAT3(HasOneFailure, *results_, type_, substr_);
    %%%%%:  708-block  0
    %%%%%:  708-block  1
    %%%%%:  708-block  2
    #####:  709:}
        -:  710:
        1:  711:DefaultGlobalTestPartResultReporter::DefaultGlobalTestPartResultReporter(
        1:  712:    UnitTestImpl* unit_test) : unit_test_(unit_test) {}
        1:  712-block  0
        -:  713:
    #####:  714:void DefaultGlobalTestPartResultReporter::ReportTestPartResult(
        -:  715:    const TestPartResult& result) {
    #####:  716:  unit_test_->current_test_result()->AddTestPartResult(result);
    %%%%%:  716-block  0
    #####:  717:  unit_test_->listeners()->repeater()->OnTestPartResult(result);
    #####:  718:}
        -:  719:
        1:  720:DefaultPerThreadTestPartResultReporter::DefaultPerThreadTestPartResultReporter(
        1:  721:    UnitTestImpl* unit_test) : unit_test_(unit_test) {}
        1:  721-block  0
        -:  722:
    #####:  723:void DefaultPerThreadTestPartResultReporter::ReportTestPartResult(
        -:  724:    const TestPartResult& result) {
    #####:  725:  unit_test_->GetGlobalTestPartResultReporter()->ReportTestPartResult(result);
    %%%%%:  725-block  0
    #####:  726:}
        -:  727:
        -:  728:// Returns the global test part result reporter.
        -:  729:TestPartResultReporterInterface*
    #####:  730:UnitTestImpl::GetGlobalTestPartResultReporter() {
    #####:  731:  internal::MutexLock lock(&global_test_part_result_reporter_mutex_);
    %%%%%:  731-block  0
    #####:  732:  return global_test_part_result_repoter_;
    %%%%%:  732-block  0
    %%%%%:  732-block  1
        -:  733:}
        -:  734:
        -:  735:// Sets the global test part result reporter.
    #####:  736:void UnitTestImpl::SetGlobalTestPartResultReporter(
        -:  737:    TestPartResultReporterInterface* reporter) {
    #####:  738:  internal::MutexLock lock(&global_test_part_result_reporter_mutex_);
    %%%%%:  738-block  0
    #####:  739:  global_test_part_result_repoter_ = reporter;
    %%%%%:  739-block  0
    #####:  740:}
        -:  741:
        -:  742:// Returns the test part result reporter for the current thread.
        -:  743:TestPartResultReporterInterface*
    #####:  744:UnitTestImpl::GetTestPartResultReporterForCurrentThread() {
    #####:  745:  return per_thread_test_part_result_reporter_.get();
    %%%%%:  745-block  0
        -:  746:}
        -:  747:
        -:  748:// Sets the test part result reporter for the current thread.
    #####:  749:void UnitTestImpl::SetTestPartResultReporterForCurrentThread(
        -:  750:    TestPartResultReporterInterface* reporter) {
    #####:  751:  per_thread_test_part_result_reporter_.set(reporter);
    %%%%%:  751-block  0
    #####:  752:}
        -:  753:
        -:  754:// Gets the number of successful test suites.
    #####:  755:int UnitTestImpl::successful_test_suite_count() const {
    #####:  756:  return CountIf(test_suites_, TestSuitePassed);
    %%%%%:  756-block  0
        -:  757:}
        -:  758:
        -:  759:// Gets the number of failed test suites.
        2:  760:int UnitTestImpl::failed_test_suite_count() const {
        2:  761:  return CountIf(test_suites_, TestSuiteFailed);
        2:  761-block  0
        -:  762:}
        -:  763:
        -:  764:// Gets the number of all test suites.
        2:  765:int UnitTestImpl::total_test_suite_count() const {
        2:  766:  return static_cast<int>(test_suites_.size());
        2:  766-block  0
        -:  767:}
        -:  768:
        -:  769:// Gets the number of all test suites that contain at least one test
        -:  770:// that should run.
        2:  771:int UnitTestImpl::test_suite_to_run_count() const {
        2:  772:  return CountIf(test_suites_, ShouldRunTestSuite);
        2:  772-block  0
        -:  773:}
        -:  774:
        -:  775:// Gets the number of successful tests.
        1:  776:int UnitTestImpl::successful_test_count() const {
        1:  777:  return SumOverTestSuiteList(test_suites_, &TestSuite::successful_test_count);
        1:  777-block  0
        -:  778:}
        -:  779:
        -:  780:// Gets the number of skipped tests.
        1:  781:int UnitTestImpl::skipped_test_count() const {
        1:  782:  return SumOverTestSuiteList(test_suites_, &TestSuite::skipped_test_count);
        1:  782-block  0
        -:  783:}
        -:  784:
        -:  785:// Gets the number of failed tests.
        1:  786:int UnitTestImpl::failed_test_count() const {
        1:  787:  return SumOverTestSuiteList(test_suites_, &TestSuite::failed_test_count);
        1:  787-block  0
        -:  788:}
        -:  789:
        -:  790:// Gets the number of disabled tests that will be reported in the XML report.
        1:  791:int UnitTestImpl::reportable_disabled_test_count() const {
        1:  792:  return SumOverTestSuiteList(test_suites_,
        1:  792-block  0
        1:  793:                              &TestSuite::reportable_disabled_test_count);
        -:  794:}
        -:  795:
        -:  796:// Gets the number of disabled tests.
    #####:  797:int UnitTestImpl::disabled_test_count() const {
    #####:  798:  return SumOverTestSuiteList(test_suites_, &TestSuite::disabled_test_count);
    %%%%%:  798-block  0
        -:  799:}
        -:  800:
        -:  801:// Gets the number of tests to be printed in the XML report.
    #####:  802:int UnitTestImpl::reportable_test_count() const {
    #####:  803:  return SumOverTestSuiteList(test_suites_, &TestSuite::reportable_test_count);
    %%%%%:  803-block  0
        -:  804:}
        -:  805:
        -:  806:// Gets the number of all tests.
    #####:  807:int UnitTestImpl::total_test_count() const {
    #####:  808:  return SumOverTestSuiteList(test_suites_, &TestSuite::total_test_count);
    %%%%%:  808-block  0
        -:  809:}
        -:  810:
        -:  811:// Gets the number of tests that should run.
        2:  812:int UnitTestImpl::test_to_run_count() const {
        2:  813:  return SumOverTestSuiteList(test_suites_, &TestSuite::test_to_run_count);
        2:  813-block  0
        -:  814:}
        -:  815:
        -:  816:// Returns the current OS stack trace as an std::string.
        -:  817://
        -:  818:// The maximum number of stack frames to be included is specified by
        -:  819:// the gtest_stack_trace_depth flag.  The skip_count parameter
        -:  820:// specifies the number of top frames to be skipped, which doesn't
        -:  821:// count against the number of frames to be included.
        -:  822://
        -:  823:// For example, if Foo() calls Bar(), which in turn calls
        -:  824:// CurrentOsStackTraceExceptTop(1), Foo() will be included in the
        -:  825:// trace but Bar() and CurrentOsStackTraceExceptTop() won't.
    #####:  826:std::string UnitTestImpl::CurrentOsStackTraceExceptTop(int skip_count) {
    #####:  827:  return os_stack_trace_getter()->CurrentStackTrace(
    %%%%%:  827-block  0
        -:  828:      static_cast<int>(GTEST_FLAG(stack_trace_depth)),
        -:  829:      skip_count + 1
        -:  830:      // Skips the user-specified number of frames plus this function
        -:  831:      // itself.
    #####:  832:      );  // NOLINT
        -:  833:}
        -:  834:
        -:  835:// Returns the current time in milliseconds.
      155:  836:TimeInMillis GetTimeInMillis() {
        -:  837:#if GTEST_OS_WINDOWS_MOBILE || defined(__BORLANDC__)
        -:  838:  // Difference between 1970-01-01 and 1601-01-01 in milliseconds.
        -:  839:  // http://analogous.blogspot.com/2005/04/epoch.html
        -:  840:  const TimeInMillis kJavaEpochToWinFileTimeDelta =
        -:  841:    static_cast<TimeInMillis>(116444736UL) * 100000UL;
        -:  842:  const DWORD kTenthMicrosInMilliSecond = 10000;
        -:  843:
        -:  844:  SYSTEMTIME now_systime;
        -:  845:  FILETIME now_filetime;
        -:  846:  ULARGE_INTEGER now_int64;
        -:  847:  GetSystemTime(&now_systime);
        -:  848:  if (SystemTimeToFileTime(&now_systime, &now_filetime)) {
        -:  849:    now_int64.LowPart = now_filetime.dwLowDateTime;
        -:  850:    now_int64.HighPart = now_filetime.dwHighDateTime;
        -:  851:    now_int64.QuadPart = (now_int64.QuadPart / kTenthMicrosInMilliSecond) -
        -:  852:      kJavaEpochToWinFileTimeDelta;
        -:  853:    return now_int64.QuadPart;
        -:  854:  }
        -:  855:  return 0;
        -:  856:#elif GTEST_OS_WINDOWS && !GTEST_HAS_GETTIMEOFDAY_
        -:  857:  __timeb64 now;
        -:  858:
        -:  859:  // MSVC 8 deprecates _ftime64(), so we want to suppress warning 4996
        -:  860:  // (deprecated function) there.
        -:  861:  GTEST_DISABLE_MSC_DEPRECATED_PUSH_()
        -:  862:  _ftime64(&now);
        -:  863:  GTEST_DISABLE_MSC_DEPRECATED_POP_()
        -:  864:
        -:  865:  return static_cast<TimeInMillis>(now.time) * 1000 + now.millitm;
        -:  866:#elif GTEST_HAS_GETTIMEOFDAY_
        -:  867:  struct timeval now;
      155:  868:  gettimeofday(&now, nullptr);
      155:  868-block  0
      155:  869:  return static_cast<TimeInMillis>(now.tv_sec) * 1000 + now.tv_usec / 1000;
      155:  869-block  0
      155:  869-block  1
        -:  870:#else
        -:  871:# error "Don't know how to get the current time on your system."
        -:  872:#endif
        -:  873:}
        -:  874:
        -:  875:// Utilities
        -:  876:
        -:  877:// class String.
        -:  878:
        -:  879:#if GTEST_OS_WINDOWS_MOBILE
        -:  880:// Creates a UTF-16 wide string from the given ANSI string, allocating
        -:  881:// memory using new. The caller is responsible for deleting the return
        -:  882:// value using delete[]. Returns the wide string, or NULL if the
        -:  883:// input is NULL.
        -:  884:LPCWSTR String::AnsiToUtf16(const char* ansi) {
        -:  885:  if (!ansi) return nullptr;
        -:  886:  const int length = strlen(ansi);
        -:  887:  const int unicode_length =
        -:  888:      MultiByteToWideChar(CP_ACP, 0, ansi, length, nullptr, 0);
        -:  889:  WCHAR* unicode = new WCHAR[unicode_length + 1];
        -:  890:  MultiByteToWideChar(CP_ACP, 0, ansi, length,
        -:  891:                      unicode, unicode_length);
        -:  892:  unicode[unicode_length] = 0;
        -:  893:  return unicode;
        -:  894:}
        -:  895:
        -:  896:// Creates an ANSI string from the given wide string, allocating
        -:  897:// memory using new. The caller is responsible for deleting the return
        -:  898:// value using delete[]. Returns the ANSI string, or NULL if the
        -:  899:// input is NULL.
        -:  900:const char* String::Utf16ToAnsi(LPCWSTR utf16_str)  {
        -:  901:  if (!utf16_str) return nullptr;
        -:  902:  const int ansi_length = WideCharToMultiByte(CP_ACP, 0, utf16_str, -1, nullptr,
        -:  903:                                              0, nullptr, nullptr);
        -:  904:  char* ansi = new char[ansi_length + 1];
        -:  905:  WideCharToMultiByte(CP_ACP, 0, utf16_str, -1, ansi, ansi_length, nullptr,
        -:  906:                      nullptr);
        -:  907:  ansi[ansi_length] = 0;
        -:  908:  return ansi;
        -:  909:}
        -:  910:
        -:  911:#endif  // GTEST_OS_WINDOWS_MOBILE
        -:  912:
        -:  913:// Compares two C strings.  Returns true if they have the same content.
        -:  914://
        -:  915:// Unlike strcmp(), this function can handle NULL argument(s).  A NULL
        -:  916:// C string is considered different to any non-NULL C string,
        -:  917:// including the empty string.
        3:  918:bool String::CStringEquals(const char * lhs, const char * rhs) {
       3*:  919:  if (lhs == nullptr) return rhs == nullptr;
        3:  919-block  0
    %%%%%:  919-block  1
        -:  920:
       3*:  921:  if (rhs == nullptr) return false;
        3:  921-block  0
    %%%%%:  921-block  1
        -:  922:
        3:  923:  return strcmp(lhs, rhs) == 0;
        3:  923-block  0
        -:  924:}
        -:  925:
        -:  926:#if GTEST_HAS_STD_WSTRING
        -:  927:
        -:  928:// Converts an array of wide chars to a narrow string using the UTF-8
        -:  929:// encoding, and streams the result to the given Message object.
    #####:  930:static void StreamWideCharsToMessage(const wchar_t* wstr, size_t length,
        -:  931:                                     Message* msg) {
    #####:  932:  for (size_t i = 0; i != length; ) {  // NOLINT
    %%%%%:  932-block  0
    %%%%%:  932-block  1
    %%%%%:  932-block  2
    #####:  933:    if (wstr[i] != L'\0') {
    %%%%%:  933-block  0
    #####:  934:      *msg << WideStringToUtf8(wstr + i, static_cast<int>(length - i));
    %%%%%:  934-block  0
    %%%%%:  934-block  1
    $$$$$:  934-block  2
    $$$$$:  934-block  3
    #####:  935:      while (i != length && wstr[i] != L'\0')
    %%%%%:  935-block  0
    %%%%%:  935-block  1
    #####:  936:        i++;
    %%%%%:  936-block  0
        -:  937:    } else {
    #####:  938:      *msg << '\0';
    %%%%%:  938-block  0
    #####:  939:      i++;
    %%%%%:  939-block  0
        -:  940:    }
        -:  941:  }
    #####:  942:}
    %%%%%:  942-block  0
        -:  943:
        -:  944:#endif  // GTEST_HAS_STD_WSTRING
        -:  945:
    #####:  946:void SplitString(const ::std::string& str, char delimiter,
        -:  947:                 ::std::vector< ::std::string>* dest) {
    #####:  948:  ::std::vector< ::std::string> parsed;
    %%%%%:  948-block  0
    $$$$$:  948-block  1
    #####:  949:  ::std::string::size_type pos = 0;
    #####:  950:  while (::testing::internal::AlwaysTrue()) {
    %%%%%:  950-block  0
    %%%%%:  950-block  1
    #####:  951:    const ::std::string::size_type colon = str.find(delimiter, pos);
    %%%%%:  951-block  0
    #####:  952:    if (colon == ::std::string::npos) {
    #####:  953:      parsed.push_back(str.substr(pos));
    %%%%%:  953-block  0
    %%%%%:  953-block  1
    %%%%%:  953-block  2
    $$$$$:  953-block  3
    $$$$$:  953-block  4
    #####:  954:      break;
        -:  955:    } else {
    #####:  956:      parsed.push_back(str.substr(pos, colon - pos));
    %%%%%:  956-block  0
    %%%%%:  956-block  1
    %%%%%:  956-block  2
    $$$$$:  956-block  3
    $$$$$:  956-block  4
    #####:  957:      pos = colon + 1;
        -:  958:    }
        -:  959:  }
    #####:  960:  dest->swap(parsed);
    %%%%%:  960-block  0
    #####:  961:}
        -:  962:
        -:  963:}  // namespace internal
        -:  964:
        -:  965:// Constructs an empty Message.
        -:  966:// We allocate the stringstream separately because otherwise each use of
        -:  967:// ASSERT/EXPECT in a procedure adds over 200 bytes to the procedure's
        -:  968:// stack frame leading to huge stack frames in some cases; gcc does not reuse
        -:  969:// the stack space.
      123:  970:Message::Message() : ss_(new ::std::stringstream) {
      123:  970-block  0
      123:  970-block  1
    $$$$$:  970-block  2
    $$$$$:  970-block  3
        -:  971:  // By default, we want there to be enough precision when printing
        -:  972:  // a double to a Message.
      123:  973:  *ss_ << std::setprecision(std::numeric_limits<double>::digits10 + 2);
      123:  974:}
      123:  974-block  0
        -:  975:
        -:  976:// These two overloads allow streaming a wide C string to a Message
        -:  977:// using the UTF-8 encoding.
    #####:  978:Message& Message::operator <<(const wchar_t* wide_c_str) {
    #####:  979:  return *this << internal::String::ShowWideCString(wide_c_str);
    %%%%%:  979-block  0
    %%%%%:  979-block  1
    %%%%%:  979-block  2
    $$$$$:  979-block  3
        -:  980:}
    #####:  981:Message& Message::operator <<(wchar_t* wide_c_str) {
    #####:  982:  return *this << internal::String::ShowWideCString(wide_c_str);
    %%%%%:  982-block  0
    %%%%%:  982-block  1
    %%%%%:  982-block  2
    $$$$$:  982-block  3
        -:  983:}
        -:  984:
        -:  985:#if GTEST_HAS_STD_WSTRING
        -:  986:// Converts the given wide string to a narrow string using the UTF-8
        -:  987:// encoding, and streams the result to this Message object.
    #####:  988:Message& Message::operator <<(const ::std::wstring& wstr) {
    #####:  989:  internal::StreamWideCharsToMessage(wstr.c_str(), wstr.length(), this);
    %%%%%:  989-block  0
    #####:  990:  return *this;
        -:  991:}
        -:  992:#endif  // GTEST_HAS_STD_WSTRING
        -:  993:
        -:  994:// Gets the text streamed to this object so far as an std::string.
        -:  995:// Each '\0' character in the buffer is replaced with "\\0".
      123:  996:std::string Message::GetString() const {
      123:  997:  return internal::StringStreamToString(ss_.get());
      123:  997-block  0
        -:  998:}
        -:  999:
        -: 1000:// AssertionResult constructors.
        -: 1001:// Used in EXPECT_TRUE/FALSE(assertion_result).
    #####: 1002:AssertionResult::AssertionResult(const AssertionResult& other)
    #####: 1003:    : success_(other.success_),
    #####: 1004:      message_(other.message_.get() != nullptr
    #####: 1005:                   ? new ::std::string(*other.message_)
    %%%%%: 1005-block  0
    $$$$$: 1005-block  1
    #####: 1006:                   : static_cast< ::std::string*>(nullptr)) {}
    %%%%%: 1006-block  0
    %%%%%: 1006-block  1
    %%%%%: 1006-block  2
    %%%%%: 1006-block  3
        -: 1007:
        -: 1008:// Swaps two AssertionResults.
    #####: 1009:void AssertionResult::swap(AssertionResult& other) {
        -: 1010:  using std::swap;
    #####: 1011:  swap(success_, other.success_);
    %%%%%: 1011-block  0
    #####: 1012:  swap(message_, other.message_);
    #####: 1013:}
        -: 1014:
        -: 1015:// Returns the assertion's negation. Used with EXPECT/ASSERT_FALSE.
    #####: 1016:AssertionResult AssertionResult::operator!() const {
    #####: 1017:  AssertionResult negation(!success_);
    %%%%%: 1017-block  0
    #####: 1018:  if (message_.get() != nullptr) negation << *message_;
    %%%%%: 1018-block  0
    #####: 1019:  return negation;
    %%%%%: 1019-block  0
    %%%%%: 1019-block  1
        -: 1020:}
        -: 1021:
        -: 1022:// Makes a successful assertion result.
       38: 1023:AssertionResult AssertionSuccess() {
       38: 1024:  return AssertionResult(true);
       38: 1024-block  0
        -: 1025:}
        -: 1026:
        -: 1027:// Makes a failed assertion result.
    #####: 1028:AssertionResult AssertionFailure() {
    #####: 1029:  return AssertionResult(false);
    %%%%%: 1029-block  0
        -: 1030:}
        -: 1031:
        -: 1032:// Makes a failed assertion result with the given failure message.
        -: 1033:// Deprecated; use AssertionFailure() << message.
    #####: 1034:AssertionResult AssertionFailure(const Message& message) {
    #####: 1035:  return AssertionFailure() << message;
    %%%%%: 1035-block  0
    %%%%%: 1035-block  1
    %%%%%: 1035-block  2
    %%%%%: 1035-block  3
    %%%%%: 1035-block  4
    $$$$$: 1035-block  5
        -: 1036:}
        -: 1037:
        -: 1038:namespace internal {
        -: 1039:
        -: 1040:namespace edit_distance {
    #####: 1041:std::vector<EditType> CalculateOptimalEdits(const std::vector<size_t>& left,
        -: 1042:                                            const std::vector<size_t>& right) {
        -: 1043:  std::vector<std::vector<double> > costs(
    #####: 1044:      left.size() + 1, std::vector<double>(right.size() + 1));
    %%%%%: 1044-block  0
    %%%%%: 1044-block  1
    $$$$$: 1044-block  2
    $$$$$: 1044-block  3
    $$$$$: 1044-block  4
    $$$$$: 1044-block  5
        -: 1045:  std::vector<std::vector<EditType> > best_move(
    #####: 1046:      left.size() + 1, std::vector<EditType>(right.size() + 1));
    %%%%%: 1046-block  0
    %%%%%: 1046-block  1
    $$$$$: 1046-block  2
    $$$$$: 1046-block  3
    $$$$$: 1046-block  4
    $$$$$: 1046-block  5
        -: 1047:
        -: 1048:  // Populate for empty right.
    #####: 1049:  for (size_t l_i = 0; l_i < costs.size(); ++l_i) {
    %%%%%: 1049-block  0
    #####: 1050:    costs[l_i][0] = static_cast<double>(l_i);
    %%%%%: 1050-block  0
    #####: 1051:    best_move[l_i][0] = kRemove;
        -: 1052:  }
        -: 1053:  // Populate for empty left.
    #####: 1054:  for (size_t r_i = 1; r_i < costs[0].size(); ++r_i) {
    %%%%%: 1054-block  0
    %%%%%: 1054-block  1
    #####: 1055:    costs[0][r_i] = static_cast<double>(r_i);
    %%%%%: 1055-block  0
    #####: 1056:    best_move[0][r_i] = kAdd;
        -: 1057:  }
        -: 1058:
    #####: 1059:  for (size_t l_i = 0; l_i < left.size(); ++l_i) {
    %%%%%: 1059-block  0
    %%%%%: 1059-block  1
    %%%%%: 1059-block  2
    #####: 1060:    for (size_t r_i = 0; r_i < right.size(); ++r_i) {
    %%%%%: 1060-block  0
    %%%%%: 1060-block  1
    %%%%%: 1060-block  2
    #####: 1061:      if (left[l_i] == right[r_i]) {
    %%%%%: 1061-block  0
        -: 1062:        // Found a match. Consume it.
    #####: 1063:        costs[l_i + 1][r_i + 1] = costs[l_i][r_i];
    %%%%%: 1063-block  0
    #####: 1064:        best_move[l_i + 1][r_i + 1] = kMatch;
    #####: 1065:        continue;
        -: 1066:      }
        -: 1067:
    #####: 1068:      const double add = costs[l_i + 1][r_i];
    %%%%%: 1068-block  0
    #####: 1069:      const double remove = costs[l_i][r_i + 1];
    #####: 1070:      const double replace = costs[l_i][r_i];
    #####: 1071:      if (add < remove && add < replace) {
    %%%%%: 1071-block  0
    #####: 1072:        costs[l_i + 1][r_i + 1] = add + 1;
    %%%%%: 1072-block  0
    #####: 1073:        best_move[l_i + 1][r_i + 1] = kAdd;
    #####: 1074:      } else if (remove < add && remove < replace) {
    %%%%%: 1074-block  0
    %%%%%: 1074-block  1
    #####: 1075:        costs[l_i + 1][r_i + 1] = remove + 1;
    %%%%%: 1075-block  0
    #####: 1076:        best_move[l_i + 1][r_i + 1] = kRemove;
        -: 1077:      } else {
        -: 1078:        // We make replace a little more expensive than add/remove to lower
        -: 1079:        // their priority.
    #####: 1080:        costs[l_i + 1][r_i + 1] = replace + 1.00001;
    %%%%%: 1080-block  0
    #####: 1081:        best_move[l_i + 1][r_i + 1] = kReplace;
        -: 1082:      }
        -: 1083:    }
        -: 1084:  }
        -: 1085:
        -: 1086:  // Reconstruct the best path. We do it in reverse order.
    #####: 1087:  std::vector<EditType> best_path;
    %%%%%: 1087-block  0
    #####: 1088:  for (size_t l_i = left.size(), r_i = right.size(); l_i > 0 || r_i > 0;) {
    %%%%%: 1088-block  0
    %%%%%: 1088-block  1
    #####: 1089:    EditType move = best_move[l_i][r_i];
    %%%%%: 1089-block  0
    #####: 1090:    best_path.push_back(move);
    #####: 1091:    l_i -= move != kAdd;
    #####: 1092:    r_i -= move != kRemove;
    %%%%%: 1092-block  0
        -: 1093:  }
    #####: 1094:  std::reverse(best_path.begin(), best_path.end());
    %%%%%: 1094-block  0
    #####: 1095:  return best_path;
    %%%%%: 1095-block  0
    %%%%%: 1095-block  1
        -: 1096:}
        -: 1097:
        -: 1098:namespace {
        -: 1099:
        -: 1100:// Helper class to convert string into ids with deduplication.
        -: 1101:class InternalStrings {
        -: 1102: public:
    #####: 1103:  size_t GetId(const std::string& str) {
    #####: 1104:    IdMap::iterator it = ids_.find(str);
    %%%%%: 1104-block  0
    #####: 1105:    if (it != ids_.end()) return it->second;
    %%%%%: 1105-block  0
    %%%%%: 1105-block  1
    #####: 1106:    size_t id = ids_.size();
    %%%%%: 1106-block  0
    #####: 1107:    return ids_[str] = id;
    %%%%%: 1107-block  0
        -: 1108:  }
        -: 1109:
        -: 1110: private:
        -: 1111:  typedef std::map<std::string, size_t> IdMap;
        -: 1112:  IdMap ids_;
        -: 1113:};
        -: 1114:
        -: 1115:}  // namespace
        -: 1116:
    #####: 1117:std::vector<EditType> CalculateOptimalEdits(
        -: 1118:    const std::vector<std::string>& left,
        -: 1119:    const std::vector<std::string>& right) {
    #####: 1120:  std::vector<size_t> left_ids, right_ids;
    %%%%%: 1120-block  0
    %%%%%: 1120-block  1
    $$$$$: 1120-block  2
    $$$$$: 1120-block  3
        -: 1121:  {
    #####: 1122:    InternalStrings intern_table;
    %%%%%: 1122-block  0
    $$$$$: 1122-block  1
    #####: 1123:    for (size_t i = 0; i < left.size(); ++i) {
    %%%%%: 1123-block  0
    #####: 1124:      left_ids.push_back(intern_table.GetId(left[i]));
    %%%%%: 1124-block  0
    %%%%%: 1124-block  1
    %%%%%: 1124-block  2
    $$$$$: 1124-block  3
        -: 1125:    }
    #####: 1126:    for (size_t i = 0; i < right.size(); ++i) {
    %%%%%: 1126-block  0
    %%%%%: 1126-block  1
    #####: 1127:      right_ids.push_back(intern_table.GetId(right[i]));
    %%%%%: 1127-block  0
    %%%%%: 1127-block  1
    %%%%%: 1127-block  2
    $$$$$: 1127-block  3
        -: 1128:    }
        -: 1129:  }
    #####: 1130:  return CalculateOptimalEdits(left_ids, right_ids);
    %%%%%: 1130-block  0
    %%%%%: 1130-block  1
        -: 1131:}
        -: 1132:
        -: 1133:namespace {
        -: 1134:
        -: 1135:// Helper class that holds the state for one hunk and prints it out to the
        -: 1136:// stream.
        -: 1137:// It reorders adds/removes when possible to group all removes before all
        -: 1138:// adds. It also adds the hunk header before printint into the stream.
        -: 1139:class Hunk {
        -: 1140: public:
    #####: 1141:  Hunk(size_t left_start, size_t right_start)
    #####: 1142:      : left_start_(left_start),
        -: 1143:        right_start_(right_start),
        -: 1144:        adds_(),
        -: 1145:        removes_(),
    #####: 1146:        common_() {}
    %%%%%: 1146-block  0
        -: 1147:
    #####: 1148:  void PushLine(char edit, const char* line) {
    #####: 1149:    switch (edit) {
    %%%%%: 1149-block  0
    #####: 1150:      case ' ':
    #####: 1151:        ++common_;
    #####: 1152:        FlushEdits();
    %%%%%: 1152-block  0
    #####: 1153:        hunk_.push_back(std::make_pair(' ', line));
    %%%%%: 1153-block  0
    $$$$$: 1153-block  1
    $$$$$: 1153-block  2
    #####: 1154:        break;
    %%%%%: 1154-block  0
    #####: 1155:      case '-':
    #####: 1156:        ++removes_;
    #####: 1157:        hunk_removes_.push_back(std::make_pair('-', line));
    %%%%%: 1157-block  0
    %%%%%: 1157-block  1
    $$$$$: 1157-block  2
    $$$$$: 1157-block  3
    #####: 1158:        break;
    %%%%%: 1158-block  0
    #####: 1159:      case '+':
    #####: 1160:        ++adds_;
    #####: 1161:        hunk_adds_.push_back(std::make_pair('+', line));
    %%%%%: 1161-block  0
    %%%%%: 1161-block  1
    $$$$$: 1161-block  2
    #####: 1162:        break;
    %%%%%: 1162-block  0
        -: 1163:    }
    #####: 1164:  }
    %%%%%: 1164-block  0
        -: 1165:
    #####: 1166:  void PrintTo(std::ostream* os) {
    #####: 1167:    PrintHeader(os);
    %%%%%: 1167-block  0
    #####: 1168:    FlushEdits();
    #####: 1169:    for (std::list<std::pair<char, const char*> >::const_iterator it =
    #####: 1170:             hunk_.begin();
    #####: 1171:         it != hunk_.end(); ++it) {
    %%%%%: 1171-block  0
    %%%%%: 1171-block  1
    #####: 1172:      *os << it->first << it->second << "\n";
    %%%%%: 1172-block  0
    %%%%%: 1172-block  1
    %%%%%: 1172-block  2
        -: 1173:    }
    #####: 1174:  }
    %%%%%: 1174-block  0
        -: 1175:
    #####: 1176:  bool has_edits() const { return adds_ || removes_; }
    %%%%%: 1176-block  0
    %%%%%: 1176-block  1
    %%%%%: 1176-block  2
    %%%%%: 1176-block  3
    %%%%%: 1176-block  4
        -: 1177:
        -: 1178: private:
    #####: 1179:  void FlushEdits() {
    #####: 1180:    hunk_.splice(hunk_.end(), hunk_removes_);
    %%%%%: 1180-block  0
    #####: 1181:    hunk_.splice(hunk_.end(), hunk_adds_);
    #####: 1182:  }
        -: 1183:
        -: 1184:  // Print a unified diff header for one hunk.
        -: 1185:  // The format is
        -: 1186:  //   "@@ -<left_start>,<left_length> +<right_start>,<right_length> @@"
        -: 1187:  // where the left/right parts are omitted if unnecessary.
    #####: 1188:  void PrintHeader(std::ostream* ss) const {
    #####: 1189:    *ss << "@@ ";
    %%%%%: 1189-block  0
    #####: 1190:    if (removes_) {
    #####: 1191:      *ss << "-" << left_start_ << "," << (removes_ + common_);
    %%%%%: 1191-block  0
        -: 1192:    }
    #####: 1193:    if (removes_ && adds_) {
    %%%%%: 1193-block  0
    %%%%%: 1193-block  1
    #####: 1194:      *ss << " ";
    %%%%%: 1194-block  0
        -: 1195:    }
    #####: 1196:    if (adds_) {
    %%%%%: 1196-block  0
    #####: 1197:      *ss << "+" << right_start_ << "," << (adds_ + common_);
    %%%%%: 1197-block  0
        -: 1198:    }
    #####: 1199:    *ss << " @@\n";
    %%%%%: 1199-block  0
    #####: 1200:  }
        -: 1201:
        -: 1202:  size_t left_start_, right_start_;
        -: 1203:  size_t adds_, removes_, common_;
        -: 1204:  std::list<std::pair<char, const char*> > hunk_, hunk_adds_, hunk_removes_;
        -: 1205:};
        -: 1206:
        -: 1207:}  // namespace
        -: 1208:
        -: 1209:// Create a list of diff hunks in Unified diff format.
        -: 1210:// Each hunk has a header generated by PrintHeader above plus a body with
        -: 1211:// lines prefixed with ' ' for no change, '-' for deletion and '+' for
        -: 1212:// addition.
        -: 1213:// 'context' represents the desired unchanged prefix/suffix around the diff.
        -: 1214:// If two hunks are close enough that their contexts overlap, then they are
        -: 1215:// joined into one hunk.
    #####: 1216:std::string CreateUnifiedDiff(const std::vector<std::string>& left,
        -: 1217:                              const std::vector<std::string>& right,
        -: 1218:                              size_t context) {
    #####: 1219:  const std::vector<EditType> edits = CalculateOptimalEdits(left, right);
    %%%%%: 1219-block  0
    $$$$$: 1219-block  1
        -: 1220:
    #####: 1221:  size_t l_i = 0, r_i = 0, edit_i = 0;
    #####: 1222:  std::stringstream ss;
    %%%%%: 1222-block  0
    %%%%%: 1222-block  1
    $$$$$: 1222-block  2
    #####: 1223:  while (edit_i < edits.size()) {
    %%%%%: 1223-block  0
    %%%%%: 1223-block  1
        -: 1224:    // Find first edit.
    #####: 1225:    while (edit_i < edits.size() && edits[edit_i] == kMatch) {
    %%%%%: 1225-block  0
    %%%%%: 1225-block  1
    %%%%%: 1225-block  2
    %%%%%: 1225-block  3
    %%%%%: 1225-block  4
    #####: 1226:      ++l_i;
    #####: 1227:      ++r_i;
    #####: 1228:      ++edit_i;
    %%%%%: 1228-block  0
        -: 1229:    }
        -: 1230:
        -: 1231:    // Find the first line to include in the hunk.
    #####: 1232:    const size_t prefix_context = std::min(l_i, context);
    %%%%%: 1232-block  0
    #####: 1233:    Hunk hunk(l_i - prefix_context + 1, r_i - prefix_context + 1);
    $$$$$: 1233-block  0
    #####: 1234:    for (size_t i = prefix_context; i > 0; --i) {
    %%%%%: 1234-block  0
    %%%%%: 1234-block  1
    #####: 1235:      hunk.PushLine(' ', left[l_i - i].c_str());
    %%%%%: 1235-block  0
        -: 1236:    }
        -: 1237:
        -: 1238:    // Iterate the edits until we found enough suffix for the hunk or the input
        -: 1239:    // is over.
    #####: 1240:    size_t n_suffix = 0;
    %%%%%: 1240-block  0
    #####: 1241:    for (; edit_i < edits.size(); ++edit_i) {
    %%%%%: 1241-block  0
    #####: 1242:      if (n_suffix >= context) {
    %%%%%: 1242-block  0
        -: 1243:        // Continue only if the next hunk is very close.
    #####: 1244:        auto it = edits.begin() + static_cast<int>(edit_i);
    %%%%%: 1244-block  0
    #####: 1245:        while (it != edits.end() && *it == kMatch) ++it;
    %%%%%: 1245-block  0
    %%%%%: 1245-block  1
    %%%%%: 1245-block  2
    %%%%%: 1245-block  3
    %%%%%: 1245-block  4
    %%%%%: 1245-block  5
    #####: 1246:        if (it == edits.end() ||
    %%%%%: 1246-block  0
    %%%%%: 1246-block  1
    %%%%%: 1246-block  2
    #####: 1247:            static_cast<size_t>(it - edits.begin()) - edit_i >= context) {
    %%%%%: 1247-block  0
    %%%%%: 1247-block  1
        -: 1248:          // There is no next edit or it is too far away.
    #####: 1249:          break;
    %%%%%: 1249-block  0
        -: 1250:        }
        -: 1251:      }
        -: 1252:
    #####: 1253:      EditType edit = edits[edit_i];
    %%%%%: 1253-block  0
        -: 1254:      // Reset count when a non match is found.
    #####: 1255:      n_suffix = edit == kMatch ? n_suffix + 1 : 0;
    %%%%%: 1255-block  0
    %%%%%: 1255-block  1
        -: 1256:
    #####: 1257:      if (edit == kMatch || edit == kRemove || edit == kReplace) {
    %%%%%: 1257-block  0
    %%%%%: 1257-block  1
    %%%%%: 1257-block  2
    #####: 1258:        hunk.PushLine(edit == kMatch ? ' ' : '-', left[l_i].c_str());
    %%%%%: 1258-block  0
    %%%%%: 1258-block  1
    %%%%%: 1258-block  2
    %%%%%: 1258-block  3
        -: 1259:      }
    #####: 1260:      if (edit == kAdd || edit == kReplace) {
    %%%%%: 1260-block  0
    %%%%%: 1260-block  1
    #####: 1261:        hunk.PushLine('+', right[r_i].c_str());
    %%%%%: 1261-block  0
        -: 1262:      }
        -: 1263:
        -: 1264:      // Advance indices, depending on edit type.
    #####: 1265:      l_i += edit != kAdd;
    #####: 1266:      r_i += edit != kRemove;
    %%%%%: 1266-block  0
        -: 1267:    }
        -: 1268:
    #####: 1269:    if (!hunk.has_edits()) {
    %%%%%: 1269-block  0
        -: 1270:      // We are done. We don't want this hunk.
    #####: 1271:      break;
    %%%%%: 1271-block  0
        -: 1272:    }
        -: 1273:
    #####: 1274:    hunk.PrintTo(&ss);
    %%%%%: 1274-block  0
        -: 1275:  }
    #####: 1276:  return ss.str();
    %%%%%: 1276-block  0
    %%%%%: 1276-block  1
    %%%%%: 1276-block  2
        -: 1277:}
        -: 1278:
[...]
    #####: 5978:  FILE* flagfile = posix::FOpen(path.c_str(), "r");
    %%%%%: 5978-block  0
    #####: 5979:  if (!flagfile) {
    %%%%%: 5979-block  0
    #####: 5980:    GTEST_LOG_(FATAL) << "Unable to open file \"" << GTEST_FLAG(flagfile)
    %%%%%: 5980-block  0
    %%%%%: 5980-block  1
    %%%%%: 5980-block  2
    $$$$$: 5980-block  3
    $$$$$: 5980-block  4
    #####: 5981:                      << "\"";
    %%%%%: 5981-block  0
    %%%%%: 5981-block  1
        -: 5982:  }
    #####: 5983:  std::string contents(ReadEntireFile(flagfile));
    %%%%%: 5983-block  0
    $$$$$: 5983-block  1
    #####: 5984:  posix::FClose(flagfile);
    %%%%%: 5984-block  0
    #####: 5985:  std::vector<std::string> lines;
    %%%%%: 5985-block  0
    %%%%%: 5985-block  1
    $$$$$: 5985-block  2
    #####: 5986:  SplitString(contents, '\n', &lines);
    #####: 5987:  for (size_t i = 0; i < lines.size(); ++i) {
    %%%%%: 5987-block  0
    %%%%%: 5987-block  1
    %%%%%: 5987-block  2
    #####: 5988:    if (lines[i].empty())
    %%%%%: 5988-block  0
    #####: 5989:      continue;
    %%%%%: 5989-block  0
    #####: 5990:    if (!ParseGoogleTestFlag(lines[i].c_str()))
    %%%%%: 5990-block  0
    %%%%%: 5990-block  1
    #####: 5991:      g_help_flag = true;
    %%%%%: 5991-block  0
        -: 5992:  }
    #####: 5993:}
        -: 5994:#endif  // GTEST_USE_OWN_FLAGFILE_FLAG_
        -: 5995:
        -: 5996:// Parses the command line for Google Test flags, without initializing
        -: 5997:// other parts of Google Test.  The type parameter CharType can be
        -: 5998:// instantiated to either char or wchar_t.
        -: 5999:template <typename CharType>
       1*: 6000:void ParseGoogleTestFlagsOnlyImpl(int* argc, CharType** argv) {
       2*: 6001:  for (int i = 1; i < *argc; i++) {
       2*: 6002:    const std::string arg_string = StreamableToString(argv[i]);
       1*: 6003:    const char* const arg = arg_string.c_str();
        -: 6004:
        -: 6005:    using internal::ParseBoolFlag;
        -: 6006:    using internal::ParseInt32Flag;
        -: 6007:    using internal::ParseStringFlag;
        -: 6008:
       1*: 6009:    bool remove_flag = false;
       1*: 6010:    if (ParseGoogleTestFlag(arg)) {
       1*: 6011:      remove_flag = true;
        -: 6012:#if GTEST_USE_OWN_FLAGFILE_FLAG_
    #####: 6013:    } else if (ParseStringFlag(arg, kFlagfileFlag, &GTEST_FLAG(flagfile))) {
    #####: 6014:      LoadFlagsFromFile(GTEST_FLAG(flagfile));
    #####: 6015:      remove_flag = true;
        -: 6016:#endif  // GTEST_USE_OWN_FLAGFILE_FLAG_
    #####: 6017:    } else if (arg_string == "--help" || arg_string == "-h" ||
    #####: 6018:               arg_string == "-?" || arg_string == "/?" ||
    #####: 6019:               HasGoogleTestFlagPrefix(arg)) {
        -: 6020:      // Both help flag and unrecognized Google Test flags (excluding
        -: 6021:      // internal ones) trigger help display.
    #####: 6022:      g_help_flag = true;
        -: 6023:    }
        -: 6024:
       1*: 6025:    if (remove_flag) {
        -: 6026:      // Shift the remainder of the argv list left by one.  Note
        -: 6027:      // that argv has (*argc + 1) elements, the last one always being
        -: 6028:      // NULL.  The following loop moves the trailing NULL element as
        -: 6029:      // well.
       2*: 6030:      for (int j = i; j != *argc; j++) {
       1*: 6031:        argv[j] = argv[j + 1];
        -: 6032:      }
        -: 6033:
        -: 6034:      // Decrements the argument count.
       1*: 6035:      (*argc)--;
        -: 6036:
        -: 6037:      // We also need to decrement the iterator as we just removed
        -: 6038:      // an element.
       1*: 6039:      i--;
        -: 6040:    }
        -: 6041:  }
        -: 6042:
       1*: 6043:  if (g_help_flag) {
        -: 6044:    // We print the help here instead of in RUN_ALL_TESTS(), as the
        -: 6045:    // latter may not be called at all if the user is using Google
        -: 6046:    // Test with another testing framework.
    #####: 6047:    PrintColorEncoded(kColorEncodedHelpMessage);
        -: 6048:  }
       1*: 6049:}
------------------
_ZN7testing8internal28ParseGoogleTestFlagsOnlyImplIwEEvPiPPT_:
    #####: 6000:void ParseGoogleTestFlagsOnlyImpl(int* argc, CharType** argv) {
    #####: 6001:  for (int i = 1; i < *argc; i++) {
    %%%%%: 6001-block  0
    %%%%%: 6001-block  1
    #####: 6002:    const std::string arg_string = StreamableToString(argv[i]);
    %%%%%: 6002-block  0
    %%%%%: 6002-block  1
    $$$$$: 6002-block  2
    #####: 6003:    const char* const arg = arg_string.c_str();
    %%%%%: 6003-block  0
        -: 6004:
        -: 6005:    using internal::ParseBoolFlag;
        -: 6006:    using internal::ParseInt32Flag;
        -: 6007:    using internal::ParseStringFlag;
        -: 6008:
    #####: 6009:    bool remove_flag = false;
    #####: 6010:    if (ParseGoogleTestFlag(arg)) {
    %%%%%: 6010-block  0
    #####: 6011:      remove_flag = true;
    %%%%%: 6011-block  0
        -: 6012:#if GTEST_USE_OWN_FLAGFILE_FLAG_
    #####: 6013:    } else if (ParseStringFlag(arg, kFlagfileFlag, &GTEST_FLAG(flagfile))) {
    %%%%%: 6013-block  0
    %%%%%: 6013-block  1
    #####: 6014:      LoadFlagsFromFile(GTEST_FLAG(flagfile));
    %%%%%: 6014-block  0
    #####: 6015:      remove_flag = true;
    %%%%%: 6015-block  0
        -: 6016:#endif  // GTEST_USE_OWN_FLAGFILE_FLAG_
    #####: 6017:    } else if (arg_string == "--help" || arg_string == "-h" ||
    %%%%%: 6017-block  0
    %%%%%: 6017-block  1
    #####: 6018:               arg_string == "-?" || arg_string == "/?" ||
    %%%%%: 6018-block  0
    %%%%%: 6018-block  1
    %%%%%: 6018-block  2
    %%%%%: 6018-block  3
    %%%%%: 6018-block  4
    #####: 6019:               HasGoogleTestFlagPrefix(arg)) {
    %%%%%: 6019-block  0
        -: 6020:      // Both help flag and unrecognized Google Test flags (excluding
        -: 6021:      // internal ones) trigger help display.
    #####: 6022:      g_help_flag = true;
    %%%%%: 6022-block  0
        -: 6023:    }
        -: 6024:
    #####: 6025:    if (remove_flag) {
    %%%%%: 6025-block  0
        -: 6026:      // Shift the remainder of the argv list left by one.  Note
        -: 6027:      // that argv has (*argc + 1) elements, the last one always being
        -: 6028:      // NULL.  The following loop moves the trailing NULL element as
        -: 6029:      // well.
    #####: 6030:      for (int j = i; j != *argc; j++) {
    %%%%%: 6030-block  0
    %%%%%: 6030-block  1
    #####: 6031:        argv[j] = argv[j + 1];
    %%%%%: 6031-block  0
        -: 6032:      }
        -: 6033:
        -: 6034:      // Decrements the argument count.
    #####: 6035:      (*argc)--;
        -: 6036:
        -: 6037:      // We also need to decrement the iterator as we just removed
        -: 6038:      // an element.
    #####: 6039:      i--;
    %%%%%: 6039-block  0
        -: 6040:    }
        -: 6041:  }
        -: 6042:
    #####: 6043:  if (g_help_flag) {
    %%%%%: 6043-block  0
        -: 6044:    // We print the help here instead of in RUN_ALL_TESTS(), as the
        -: 6045:    // latter may not be called at all if the user is using Google
        -: 6046:    // Test with another testing framework.
    #####: 6047:    PrintColorEncoded(kColorEncodedHelpMessage);
    %%%%%: 6047-block  0
        -: 6048:  }
    #####: 6049:}
    %%%%%: 6049-block  0
------------------
_ZN7testing8internal28ParseGoogleTestFlagsOnlyImplIcEEvPiPPT_:
        1: 6000:void ParseGoogleTestFlagsOnlyImpl(int* argc, CharType** argv) {
        2: 6001:  for (int i = 1; i < *argc; i++) {
        1: 6001-block  0
        2: 6001-block  1
        2: 6002:    const std::string arg_string = StreamableToString(argv[i]);
        1: 6002-block  0
        1: 6002-block  1
    $$$$$: 6002-block  2
        1: 6003:    const char* const arg = arg_string.c_str();
        1: 6003-block  0
        -: 6004:
        -: 6005:    using internal::ParseBoolFlag;
        -: 6006:    using internal::ParseInt32Flag;
        -: 6007:    using internal::ParseStringFlag;
        -: 6008:
        1: 6009:    bool remove_flag = false;
        1: 6010:    if (ParseGoogleTestFlag(arg)) {
        1: 6010-block  0
        1: 6011:      remove_flag = true;
        1: 6011-block  0
        -: 6012:#if GTEST_USE_OWN_FLAGFILE_FLAG_
    #####: 6013:    } else if (ParseStringFlag(arg, kFlagfileFlag, &GTEST_FLAG(flagfile))) {
    %%%%%: 6013-block  0
    %%%%%: 6013-block  1
    #####: 6014:      LoadFlagsFromFile(GTEST_FLAG(flagfile));
    %%%%%: 6014-block  0
    #####: 6015:      remove_flag = true;
    %%%%%: 6015-block  0
        -: 6016:#endif  // GTEST_USE_OWN_FLAGFILE_FLAG_
    #####: 6017:    } else if (arg_string == "--help" || arg_string == "-h" ||
    %%%%%: 6017-block  0
    %%%%%: 6017-block  1
    #####: 6018:               arg_string == "-?" || arg_string == "/?" ||
    %%%%%: 6018-block  0
    %%%%%: 6018-block  1
    %%%%%: 6018-block  2
    %%%%%: 6018-block  3
    %%%%%: 6018-block  4
    #####: 6019:               HasGoogleTestFlagPrefix(arg)) {
    %%%%%: 6019-block  0
        -: 6020:      // Both help flag and unrecognized Google Test flags (excluding
        -: 6021:      // internal ones) trigger help display.
    #####: 6022:      g_help_flag = true;
    %%%%%: 6022-block  0
        -: 6023:    }
        -: 6024:
        1: 6025:    if (remove_flag) {
        1: 6025-block  0
        -: 6026:      // Shift the remainder of the argv list left by one.  Note
        -: 6027:      // that argv has (*argc + 1) elements, the last one always being
        -: 6028:      // NULL.  The following loop moves the trailing NULL element as
        -: 6029:      // well.
        2: 6030:      for (int j = i; j != *argc; j++) {
        1: 6030-block  0
        2: 6030-block  1
        1: 6031:        argv[j] = argv[j + 1];
        1: 6031-block  0
        -: 6032:      }
        -: 6033:
        -: 6034:      // Decrements the argument count.
        1: 6035:      (*argc)--;
        -: 6036:
        -: 6037:      // We also need to decrement the iterator as we just removed
        -: 6038:      // an element.
        1: 6039:      i--;
        1: 6039-block  0
        -: 6040:    }
        -: 6041:  }
        -: 6042:
        1: 6043:  if (g_help_flag) {
        1: 6043-block  0
        -: 6044:    // We print the help here instead of in RUN_ALL_TESTS(), as the
        -: 6045:    // latter may not be called at all if the user is using Google
        -: 6046:    // Test with another testing framework.
    #####: 6047:    PrintColorEncoded(kColorEncodedHelpMessage);
    %%%%%: 6047-block  0
        -: 6048:  }
        1: 6049:}
        1: 6049-block  0
------------------
        -: 6050:
        -: 6051:// Parses the command line for Google Test flags, without initializing
        -: 6052:// other parts of Google Test.
        1: 6053:void ParseGoogleTestFlagsOnly(int* argc, char** argv) {
        1: 6054:  ParseGoogleTestFlagsOnlyImpl(argc, argv);
        1: 6054-block  0
        -: 6055:
        -: 6056:  // Fix the value of *_NSGetArgc() on macOS, but if
        -: 6057:  // *_NSGetArgv() == argv
        -: 6058:  // Only applicable to char** version of argv
        -: 6059:#if GTEST_OS_MAC
        -: 6060:#ifndef GTEST_OS_IOS
        -: 6061:  if (*_NSGetArgv() == argv) {
        -: 6062:    *_NSGetArgc() = *argc;
        -: 6063:  }
        -: 6064:#endif
        -: 6065:#endif
        1: 6066:}
    #####: 6067:void ParseGoogleTestFlagsOnly(int* argc, wchar_t** argv) {
    #####: 6068:  ParseGoogleTestFlagsOnlyImpl(argc, argv);
    %%%%%: 6068-block  0
    #####: 6069:}
        -: 6070:
        -: 6071:// The internal implementation of InitGoogleTest().
        -: 6072://
        -: 6073:// The type parameter CharType can be instantiated to either char or
        -: 6074:// wchar_t.
        -: 6075:template <typename CharType>
       1*: 6076:void InitGoogleTestImpl(int* argc, CharType** argv) {
        -: 6077:  // We don't want to run the initialization code twice.
       1*: 6078:  if (GTestIsInitialized()) return;
        -: 6079:
       1*: 6080:  if (*argc <= 0) return;
        -: 6081:
       1*: 6082:  g_argvs.clear();
       3*: 6083:  for (int i = 0; i != *argc; i++) {
       2*: 6084:    g_argvs.push_back(StreamableToString(argv[i]));
        -: 6085:  }
        -: 6086:
        -: 6087:#if GTEST_HAS_ABSL
        -: 6088:  absl::InitializeSymbolizer(g_argvs[0].c_str());
        -: 6089:#endif  // GTEST_HAS_ABSL
        -: 6090:
       1*: 6091:  ParseGoogleTestFlagsOnly(argc, argv);
       1*: 6092:  GetUnitTestImpl()->PostFlagParsingInit();
        -: 6093:}
------------------
_ZN7testing8internal18InitGoogleTestImplIwEEvPiPPT_:
    #####: 6076:void InitGoogleTestImpl(int* argc, CharType** argv) {
        -: 6077:  // We don't want to run the initialization code twice.
    #####: 6078:  if (GTestIsInitialized()) return;
    %%%%%: 6078-block  0
    %%%%%: 6078-block  1
        -: 6079:
    #####: 6080:  if (*argc <= 0) return;
    %%%%%: 6080-block  0
    %%%%%: 6080-block  1
        -: 6081:
    #####: 6082:  g_argvs.clear();
    %%%%%: 6082-block  0
    #####: 6083:  for (int i = 0; i != *argc; i++) {
    %%%%%: 6083-block  0
    #####: 6084:    g_argvs.push_back(StreamableToString(argv[i]));
    %%%%%: 6084-block  0
    %%%%%: 6084-block  1
    $$$$$: 6084-block  2
        -: 6085:  }
        -: 6086:
        -: 6087:#if GTEST_HAS_ABSL
        -: 6088:  absl::InitializeSymbolizer(g_argvs[0].c_str());
        -: 6089:#endif  // GTEST_HAS_ABSL
        -: 6090:
    #####: 6091:  ParseGoogleTestFlagsOnly(argc, argv);
    %%%%%: 6091-block  0
    #####: 6092:  GetUnitTestImpl()->PostFlagParsingInit();
        -: 6093:}
------------------
_ZN7testing8internal18InitGoogleTestImplIcEEvPiPPT_:
        1: 6076:void InitGoogleTestImpl(int* argc, CharType** argv) {
        -: 6077:  // We don't want to run the initialization code twice.
       1*: 6078:  if (GTestIsInitialized()) return;
        1: 6078-block  0
    %%%%%: 6078-block  1
        -: 6079:
       1*: 6080:  if (*argc <= 0) return;
        1: 6080-block  0
    %%%%%: 6080-block  1
        -: 6081:
        1: 6082:  g_argvs.clear();
        1: 6082-block  0
        3: 6083:  for (int i = 0; i != *argc; i++) {
        3: 6083-block  0
        2: 6084:    g_argvs.push_back(StreamableToString(argv[i]));
        2: 6084-block  0
        2: 6084-block  1
    $$$$$: 6084-block  2
        -: 6085:  }
        -: 6086:
        -: 6087:#if GTEST_HAS_ABSL
        -: 6088:  absl::InitializeSymbolizer(g_argvs[0].c_str());
        -: 6089:#endif  // GTEST_HAS_ABSL
        -: 6090:
        1: 6091:  ParseGoogleTestFlagsOnly(argc, argv);
        1: 6091-block  0
        1: 6092:  GetUnitTestImpl()->PostFlagParsingInit();
        -: 6093:}
------------------
        -: 6094:
        -: 6095:}  // namespace internal
        -: 6096:
        -: 6097:// Initializes Google Test.  This must be called before calling
        -: 6098:// RUN_ALL_TESTS().  In particular, it parses a command line for the
        -: 6099:// flags that Google Test recognizes.  Whenever a Google Test flag is
        -: 6100:// seen, it is removed from argv, and *argc is decremented.
        -: 6101://
        -: 6102:// No value is returned.  Instead, the Google Test flag variables are
        -: 6103:// updated.
        -: 6104://
        -: 6105:// Calling the function for the second time has no user-visible effect.
        1: 6106:void InitGoogleTest(int* argc, char** argv) {
        -: 6107:#if defined(GTEST_CUSTOM_INIT_GOOGLE_TEST_FUNCTION_)
        -: 6108:  GTEST_CUSTOM_INIT_GOOGLE_TEST_FUNCTION_(argc, argv);
        -: 6109:#else  // defined(GTEST_CUSTOM_INIT_GOOGLE_TEST_FUNCTION_)
        1: 6110:  internal::InitGoogleTestImpl(argc, argv);
        1: 6110-block  0
        -: 6111:#endif  // defined(GTEST_CUSTOM_INIT_GOOGLE_TEST_FUNCTION_)
        1: 6112:}
        -: 6113:
        -: 6114:// This overloaded version can be used in Windows programs compiled in
        -: 6115:// UNICODE mode.
    #####: 6116:void InitGoogleTest(int* argc, wchar_t** argv) {
        -: 6117:#if defined(GTEST_CUSTOM_INIT_GOOGLE_TEST_FUNCTION_)
        -: 6118:  GTEST_CUSTOM_INIT_GOOGLE_TEST_FUNCTION_(argc, argv);
        -: 6119:#else  // defined(GTEST_CUSTOM_INIT_GOOGLE_TEST_FUNCTION_)
    #####: 6120:  internal::InitGoogleTestImpl(argc, argv);
    %%%%%: 6120-block  0
        -: 6121:#endif  // defined(GTEST_CUSTOM_INIT_GOOGLE_TEST_FUNCTION_)
    #####: 6122:}
        -: 6123:
        -: 6124:// This overloaded version can be used on Arduino/embedded platforms where
        -: 6125:// there is no argc/argv.
    #####: 6126:void InitGoogleTest() {
        -: 6127:  // Since Arduino doesn't have a command line, fake out the argc/argv arguments
    #####: 6128:  int argc = 1;
    #####: 6129:  const auto arg0 = "dummy";
    #####: 6130:  char* argv0 = const_cast<char*>(arg0);
    #####: 6131:  char** argv = &argv0;
        -: 6132:
        -: 6133:#if defined(GTEST_CUSTOM_INIT_GOOGLE_TEST_FUNCTION_)
        -: 6134:  GTEST_CUSTOM_INIT_GOOGLE_TEST_FUNCTION_(&argc, argv);
        -: 6135:#else  // defined(GTEST_CUSTOM_INIT_GOOGLE_TEST_FUNCTION_)
    #####: 6136:  internal::InitGoogleTestImpl(&argc, argv);
    %%%%%: 6136-block  0
        -: 6137:#endif  // defined(GTEST_CUSTOM_INIT_GOOGLE_TEST_FUNCTION_)
    #####: 6138:}
    %%%%%: 6138-block  0
        -: 6139:
    #####: 6140:std::string TempDir() {
        -: 6141:#if defined(GTEST_CUSTOM_TEMPDIR_FUNCTION_)
        -: 6142:  return GTEST_CUSTOM_TEMPDIR_FUNCTION_();
        -: 6143:#endif
        -: 6144:
        -: 6145:#if GTEST_OS_WINDOWS_MOBILE
        -: 6146:  return "\\temp\\";
        -: 6147:#elif GTEST_OS_WINDOWS
    #####: 6148:  const char* temp_dir = internal::posix::GetEnv("TEMP");
    %%%%%: 6148-block  0
    #####: 6149:  if (temp_dir == nullptr || temp_dir[0] == '\0')
    %%%%%: 6149-block  0
    #####: 6150:    return "\\temp\\";
    %%%%%: 6150-block  0
    %%%%%: 6150-block  1
    $$$$$: 6150-block  2
    $$$$$: 6150-block  3
    #####: 6151:  else if (temp_dir[strlen(temp_dir) - 1] == '\\')
    %%%%%: 6151-block  0
    #####: 6152:    return temp_dir;
    %%%%%: 6152-block  0
    %%%%%: 6152-block  1
    $$$$$: 6152-block  2
    $$$$$: 6152-block  3
        -: 6153:  else
    #####: 6154:    return std::string(temp_dir) + "\\";
    %%%%%: 6154-block  0
    %%%%%: 6154-block  1
    %%%%%: 6154-block  2
    %%%%%: 6154-block  3
    $$$$$: 6154-block  4
    $$$$$: 6154-block  5
    $$$$$: 6154-block  6
    $$$$$: 6154-block  7
        -: 6155:#elif GTEST_OS_LINUX_ANDROID
        -: 6156:  return "/sdcard/";
        -: 6157:#else
        -: 6158:  return "/tmp/";
        -: 6159:#endif  // GTEST_OS_WINDOWS_MOBILE
        -: 6160:}
        -: 6161:
        -: 6162:// Class ScopedTrace
        -: 6163:
        -: 6164:// Pushes the given source file location and message onto a per-thread
        -: 6165:// trace stack maintained by Google Test.
    #####: 6166:void ScopedTrace::PushTrace(const char* file, int line, std::string message) {
    #####: 6167:  internal::TraceInfo trace;
    %%%%%: 6167-block  0
    %%%%%: 6167-block  1
    $$$$$: 6167-block  2
    #####: 6168:  trace.file = file;
    #####: 6169:  trace.line = line;
    #####: 6170:  trace.message.swap(message);
        -: 6171:
    #####: 6172:  UnitTest::GetInstance()->PushGTestTrace(trace);
    %%%%%: 6172-block  0
    #####: 6173:}
        -: 6174:
        -: 6175:// Pops the info pushed by the c'tor.
    #####: 6176:ScopedTrace::~ScopedTrace()
        -: 6177:    GTEST_LOCK_EXCLUDED_(&UnitTest::mutex_) {
    #####: 6178:  UnitTest::GetInstance()->PopGTestTrace();
    %%%%%: 6178-block  0
    #####: 6179:}
        -: 6180:
        -: 6181:}  // namespace testing
