        -:    0:Source:D:/Gtest/Cjson_withTests/Google_tests/lib/googletest/src/gtest_main.cc
        -:    0:Graph:D:\Gtest\Cjson_withTests\cmake-build-debug\Google_tests\lib\googletest\CMakeFiles\gtest_main.dir\src\gtest_main.cc.gcno
        -:    0:Data:D:\Gtest\Cjson_withTests\cmake-build-debug\Google_tests\lib\googletest\CMakeFiles\gtest_main.dir\src\gtest_main.cc.gcda
        -:    0:Runs:1
        -:    0:Programs:1
        -:    1:// Copyright 2006, Google Inc.
        -:    2:// All rights reserved.
        -:    3://
        -:    4:// Redistribution and use in source and binary forms, with or without
        -:    5:// modification, are permitted provided that the following conditions are
        -:    6:// met:
        -:    7://
        -:    8://     * Redistributions of source code must retain the above copyright
        -:    9:// notice, this list of conditions and the following disclaimer.
        -:   10://     * Redistributions in binary form must reproduce the above
        -:   11:// copyright notice, this list of conditions and the following disclaimer
        -:   12:// in the documentation and/or other materials provided with the
        -:   13:// distribution.
        -:   14://     * Neither the name of Google Inc. nor the names of its
        -:   15:// contributors may be used to endorse or promote products derived from
        -:   16:// this software without specific prior written permission.
        -:   17://
        -:   18:// THIS SOFTWARE IS PROVIDED BY THE COPYRIGHT HOLDERS AND CONTRIBUTORS
        -:   19:// "AS IS" AND ANY EXPRESS OR IMPLIED WARRANTIES, INCLUDING, BUT NOT
        -:   20:// LIMITED TO, THE IMPLIED WARRANTIES OF MERCHANTABILITY AND FITNESS FOR
        -:   21:// A PARTICULAR PURPOSE ARE DISCLAIMED. IN NO EVENT SHALL THE COPYRIGHT
        -:   22:// OWNER OR CONTRIBUTORS BE LIABLE FOR ANY DIRECT, INDIRECT, INCIDENTAL,
        -:   23:// SPECIAL, EXEMPLARY, OR CONSEQUENTIAL DAMAGES (INCLUDING, BUT NOT
        -:   24:// LIMITED TO, PROCUREMENT OF SUBSTITUTE GOODS OR SERVICES; LOSS OF USE,
        -:   25:// DATA, OR PROFITS; OR BUSINESS INTERRUPTION) HOWEVER CAUSED AND ON ANY
        -:   26:// THEORY OF LIABILITY, WHETHER IN CONTRACT, STRICT LIABILITY, OR TORT
        -:   27:// (INCLUDING NEGLIGENCE OR OTHERWISE) ARISING IN ANY WAY OUT OF THE USE
        -:   28:// OF THIS SOFTWARE, EVEN IF ADVISED OF THE POSSIBILITY OF SUCH DAMAGE.
        -:   29:
        -:   30:#include <cstdio>
        -:   31:#include "gtest/gtest.h"
        -:   32:
        -:   33:#ifdef ARDUINO
        -:   34:void setup() {
        -:   35:  testing::InitGoogleTest();
        -:   36:}
        -:   37:
        -:   38:void loop() { RUN_ALL_TESTS(); }
        -:   39:
        -:   40:#else
        -:   41:
        1:   42:GTEST_API_ int main(int argc, char **argv) {
        1:   43:  printf("Running main() from %s\n", __FILE__);
        1:   43-block  0
        1:   44:  testing::InitGoogleTest(&argc, argv);
        1:   45:  return RUN_ALL_TESTS();
        -:   46:}
        -:   47:#endif
